


ARM Macro Assembler    Page 1 


    1 00000000         ; gpio.s
    2 00000000         ; Desenvolvido para a placa EK-TM4C1294XL
    3 00000000         ; Prof. Guilherme Peron
    4 00000000         ; Ver 1 19/03/2018
    5 00000000         ; Ver 2 26/08/2018
    6 00000000         
    7 00000000         ; ------------------------------------------------------
                       -------------------------
    8 00000000                 THUMB                        ; Instruções do tip
                                                            o Thumb-2
    9 00000000         ; ------------------------------------------------------
                       -------------------------
   10 00000000         ; Declarações EQU - Defines
   11 00000000         ; ========================
   12 00000000         ; ========================
   13 00000000         ; Definições dos Registradores Gerais
   14 00000000 400FE608 
                       SYSCTL_RCGCGPIO_R
                               EQU              0x400FE608
   15 00000000 400FEA08 
                       SYSCTL_PRGPIO_R
                               EQU              0x400FEA08
   16 00000000         ; ========================
   17 00000000         ; Definições dos Ports
   18 00000000         ; PORT A
   19 00000000 40058000 
                       GPIO_PORTA_AHB_DATA_BITS_R
                               EQU              0x40058000
   20 00000000 400583FC 
                       GPIO_PORTA_AHB_DATA_R
                               EQU              0x400583FC
   21 00000000 40058400 
                       GPIO_PORTA_AHB_DIR_R
                               EQU              0x40058400
   22 00000000 40058404 
                       GPIO_PORTA_AHB_IS_R
                               EQU              0x40058404
   23 00000000 40058408 
                       GPIO_PORTA_AHB_IBE_R
                               EQU              0x40058408
   24 00000000 4005840C 
                       GPIO_PORTA_AHB_IEV_R
                               EQU              0x4005840C
   25 00000000 40058410 
                       GPIO_PORTA_AHB_IM_R
                               EQU              0x40058410
   26 00000000 40058414 
                       GPIO_PORTA_AHB_RIS_R
                               EQU              0x40058414
   27 00000000 40058418 
                       GPIO_PORTA_AHB_MIS_R
                               EQU              0x40058418
   28 00000000 4005841C 
                       GPIO_PORTA_AHB_ICR_R
                               EQU              0x4005841C
   29 00000000 40058420 
                       GPIO_PORTA_AHB_AFSEL_R
                               EQU              0x40058420
   30 00000000 40058500 



ARM Macro Assembler    Page 2 


                       GPIO_PORTA_AHB_DR2R_R
                               EQU              0x40058500
   31 00000000 40058504 
                       GPIO_PORTA_AHB_DR4R_R
                               EQU              0x40058504
   32 00000000 40058508 
                       GPIO_PORTA_AHB_DR8R_R
                               EQU              0x40058508
   33 00000000 4005850C 
                       GPIO_PORTA_AHB_ODR_R
                               EQU              0x4005850C
   34 00000000 40058510 
                       GPIO_PORTA_AHB_PUR_R
                               EQU              0x40058510
   35 00000000 40058514 
                       GPIO_PORTA_AHB_PDR_R
                               EQU              0x40058514
   36 00000000 40058518 
                       GPIO_PORTA_AHB_SLR_R
                               EQU              0x40058518
   37 00000000 4005851C 
                       GPIO_PORTA_AHB_DEN_R
                               EQU              0x4005851C
   38 00000000 40058520 
                       GPIO_PORTA_AHB_LOCK_R
                               EQU              0x40058520
   39 00000000 40058524 
                       GPIO_PORTA_AHB_CR_R
                               EQU              0x40058524
   40 00000000 40058528 
                       GPIO_PORTA_AHB_AMSEL_R
                               EQU              0x40058528
   41 00000000 4005852C 
                       GPIO_PORTA_AHB_PCTL_R
                               EQU              0x4005852C
   42 00000000 40058530 
                       GPIO_PORTA_AHB_ADCCTL_R
                               EQU              0x40058530
   43 00000000 40058534 
                       GPIO_PORTA_AHB_DMACTL_R
                               EQU              0x40058534
   44 00000000 40058538 
                       GPIO_PORTA_AHB_SI_R
                               EQU              0x40058538
   45 00000000 4005853C 
                       GPIO_PORTA_AHB_DR12R_R
                               EQU              0x4005853C
   46 00000000 40058540 
                       GPIO_PORTA_AHB_WAKEPEN_R
                               EQU              0x40058540
   47 00000000 40058544 
                       GPIO_PORTA_AHB_WAKELVL_R
                               EQU              0x40058544
   48 00000000 40058548 
                       GPIO_PORTA_AHB_WAKESTAT_R
                               EQU              0x40058548
   49 00000000 40058FC0 
                       GPIO_PORTA_AHB_PP_R
                               EQU              0x40058FC0



ARM Macro Assembler    Page 3 


   50 00000000 40058FC4 
                       GPIO_PORTA_AHB_PC_R
                               EQU              0x40058FC4
   51 00000000 00000001 
                       GPIO_PORTA
                               EQU              2_000000000000001
   52 00000000         ; PORT J
   53 00000000 40060520 
                       GPIO_PORTJ_AHB_LOCK_R
                               EQU              0x40060520
   54 00000000 40060524 
                       GPIO_PORTJ_AHB_CR_R
                               EQU              0x40060524
   55 00000000 40060528 
                       GPIO_PORTJ_AHB_AMSEL_R
                               EQU              0x40060528
   56 00000000 4006052C 
                       GPIO_PORTJ_AHB_PCTL_R
                               EQU              0x4006052C
   57 00000000 40060400 
                       GPIO_PORTJ_AHB_DIR_R
                               EQU              0x40060400
   58 00000000 40060420 
                       GPIO_PORTJ_AHB_AFSEL_R
                               EQU              0x40060420
   59 00000000 4006051C 
                       GPIO_PORTJ_AHB_DEN_R
                               EQU              0x4006051C
   60 00000000 40060510 
                       GPIO_PORTJ_AHB_PUR_R
                               EQU              0x40060510
   61 00000000 400603FC 
                       GPIO_PORTJ_AHB_DATA_R
                               EQU              0x400603FC
   62 00000000 00000100 
                       GPIO_PORTJ
                               EQU              2_000000100000000
   63 00000000         ; PORT N
   64 00000000 40064520 
                       GPIO_PORTN_AHB_LOCK_R
                               EQU              0x40064520
   65 00000000 40064524 
                       GPIO_PORTN_AHB_CR_R
                               EQU              0x40064524
   66 00000000 40064528 
                       GPIO_PORTN_AHB_AMSEL_R
                               EQU              0x40064528
   67 00000000 4006452C 
                       GPIO_PORTN_AHB_PCTL_R
                               EQU              0x4006452C
   68 00000000 40064400 
                       GPIO_PORTN_AHB_DIR_R
                               EQU              0x40064400
   69 00000000 40064420 
                       GPIO_PORTN_AHB_AFSEL_R
                               EQU              0x40064420
   70 00000000 4006451C 
                       GPIO_PORTN_AHB_DEN_R
                               EQU              0x4006451C



ARM Macro Assembler    Page 4 


   71 00000000 40064510 
                       GPIO_PORTN_AHB_PUR_R
                               EQU              0x40064510
   72 00000000 400643FC 
                       GPIO_PORTN_AHB_DATA_R
                               EQU              0x400643FC
   73 00000000 00001000 
                       GPIO_PORTN
                               EQU              2_001000000000000
   74 00000000         ; PORT Q
   75 00000000 40066000 
                       GPIO_PORTQ_DATA_BITS_R
                               EQU              0x40066000
   76 00000000 400663FC 
                       GPIO_PORTQ_DATA_R
                               EQU              0x400663FC
   77 00000000 40066400 
                       GPIO_PORTQ_DIR_R
                               EQU              0x40066400
   78 00000000 40066404 
                       GPIO_PORTQ_IS_R
                               EQU              0x40066404
   79 00000000 40066408 
                       GPIO_PORTQ_IBE_R
                               EQU              0x40066408
   80 00000000 4006640C 
                       GPIO_PORTQ_IEV_R
                               EQU              0x4006640C
   81 00000000 40066410 
                       GPIO_PORTQ_IM_R
                               EQU              0x40066410
   82 00000000 40066414 
                       GPIO_PORTQ_RIS_R
                               EQU              0x40066414
   83 00000000 40066418 
                       GPIO_PORTQ_MIS_R
                               EQU              0x40066418
   84 00000000 4006641C 
                       GPIO_PORTQ_ICR_R
                               EQU              0x4006641C
   85 00000000 40066420 
                       GPIO_PORTQ_AFSEL_R
                               EQU              0x40066420
   86 00000000 40066500 
                       GPIO_PORTQ_DR2R_R
                               EQU              0x40066500
   87 00000000 40066504 
                       GPIO_PORTQ_DR4R_R
                               EQU              0x40066504
   88 00000000 40066508 
                       GPIO_PORTQ_DR8R_R
                               EQU              0x40066508
   89 00000000 4006650C 
                       GPIO_PORTQ_ODR_R
                               EQU              0x4006650C
   90 00000000 40066510 
                       GPIO_PORTQ_PUR_R
                               EQU              0x40066510
   91 00000000 40066514 



ARM Macro Assembler    Page 5 


                       GPIO_PORTQ_PDR_R
                               EQU              0x40066514
   92 00000000 40066518 
                       GPIO_PORTQ_SLR_R
                               EQU              0x40066518
   93 00000000 4006651C 
                       GPIO_PORTQ_DEN_R
                               EQU              0x4006651C
   94 00000000 40066520 
                       GPIO_PORTQ_LOCK_R
                               EQU              0x40066520
   95 00000000 40066524 
                       GPIO_PORTQ_CR_R
                               EQU              0x40066524
   96 00000000 40066528 
                       GPIO_PORTQ_AMSEL_R
                               EQU              0x40066528
   97 00000000 4006652C 
                       GPIO_PORTQ_PCTL_R
                               EQU              0x4006652C
   98 00000000 40066530 
                       GPIO_PORTQ_ADCCTL_R
                               EQU              0x40066530
   99 00000000 40066534 
                       GPIO_PORTQ_DMACTL_R
                               EQU              0x40066534
  100 00000000 40066538 
                       GPIO_PORTQ_SI_R
                               EQU              0x40066538
  101 00000000 4006653C 
                       GPIO_PORTQ_DR12R_R
                               EQU              0x4006653C
  102 00000000 40066540 
                       GPIO_PORTQ_WAKEPEN_R
                               EQU              0x40066540
  103 00000000 40066544 
                       GPIO_PORTQ_WAKELVL_R
                               EQU              0x40066544
  104 00000000 40066548 
                       GPIO_PORTQ_WAKESTAT_R
                               EQU              0x40066548
  105 00000000 40066FC0 
                       GPIO_PORTQ_PP_R
                               EQU              0x40066FC0
  106 00000000 40066FC4 
                       GPIO_PORTQ_PC_R
                               EQU              0x40066FC4
  107 00000000 00004000 
                       GPIO_PORTQ
                               EQU              2_100000000000000
  108 00000000         
  109 00000000         
  110 00000000         ; ------------------------------------------------------
                       -------------------------
  111 00000000         ; Área de Código - Tudo abaixo da diretiva a seguir será
                        armazenado na memória de 
  112 00000000         ;                  código
  113 00000000                 AREA             |.text|, CODE, READONLY, ALIGN=
2



ARM Macro Assembler    Page 6 


  114 00000000         
  115 00000000         ; Se alguma função do arquivo for chamada em outro arqui
                       vo 
  116 00000000                 EXPORT           GPIO_Init   ; Permite chamar GP
                                                            IO_Init de outro ar
                                                            quivo
  117 00000000                 EXPORT           PortN_Output ; Permite chamar P
                                                            ortN_Output de outr
                                                            o arquivo
  118 00000000                 EXPORT           PortJ_Input ; Permite chamar Po
                                                            rtJ_Input de outro 
                                                            arquivo
  119 00000000         
  120 00000000                 IMPORT           SysTick_Wait1ms
  121 00000000         
  122 00000000         ;-------------------------------------------------------
                       -------------------------
  123 00000000         ; Função GPIO_Init
  124 00000000         ; Parâmetro de entrada: Não tem
  125 00000000         ; Parâmetro de saída: Não tem
  126 00000000         GPIO_Init
  127 00000000         ;=====================
  128 00000000         
  129 00000000 4839            LDR              R0, =SYSCTL_RCGCGPIO_R ;Carrega
                                                             o endereço do regi
                                                            strador RCGCGPIO
  130 00000002 F44F 5180       MOV              R1, #GPIO_PORTN ;Seta o bit da 
                                                            porta N
  131 00000006 F441 7180       ORR              R1, #GPIO_PORTJ ;Seta o bit da 
                                                            porta J, fazendo co
                                                            m OR
  132 0000000A F041 0101       ORR              R1, #GPIO_PORTA
  133 0000000E F441 4180       ORR              R1, #GPIO_PORTQ
  134 00000012 6001            STR              R1, [R0]    ;Move para a memóri
                                                            a os bits das porta
                                                            s no endereço do RC
                                                            GCGPIO
  135 00000014         
  136 00000014 4835            LDR              R0, =SYSCTL_PRGPIO_R ;Carrega o
                                                             endereço do PRGPIO
                                                             para esperar os GP
                                                            IO ficarem prontos
  137 00000016 6801    EsperaGPIO
                               LDR              R1, [R0]    ;Lê da memória o co
                                                            nteúdo do endereço 
                                                            do registrador
  138 00000018 F44F 5280       MOV              R2, #GPIO_PORTN ;Seta os bits c
                                                            orrespondentes às p
                                                            ortas para fazer a 
                                                            comparação
  139 0000001C F442 7280       ORR              R2, #GPIO_PORTJ ;Seta o bit da 
                                                            porta J, fazendo co
                                                            m OR
  140 00000020 F042 0201       ORR              R2, #GPIO_PORTA
  141 00000024 F442 4280       ORR              R2, #GPIO_PORTQ
  142 00000028 4211            TST              R1, R2      ;ANDS de R1 com R2
  143 0000002A D0F4            BEQ              EsperaGPIO  ;Se o flag Z=1, vol
                                                            ta para o laço. Sen
                                                            ão continua executa



ARM Macro Assembler    Page 7 


                                                            ndo
  144 0000002C         
  145 0000002C         ; 2. Limpar o AMSEL para desabilitar a analógica
  146 0000002C F04F 0100       MOV              R1, #0x00   ;Colocar 0 no regis
                                                            trador para desabil
                                                            itar a função analó
                                                            gica
  147 00000030 482F            LDR              R0, =GPIO_PORTJ_AHB_AMSEL_R ;Ca
                                                            rrega o R0 com o en
                                                            dereço do AMSEL par
                                                            a a porta J
  148 00000032 6001            STR              R1, [R0]    ;Guarda no registra
                                                            dor AMSEL da porta 
                                                            J da memória
  149 00000034 482F            LDR              R0, =GPIO_PORTN_AHB_AMSEL_R ;Ca
                                                            rrega o R0 com o en
                                                            dereço do AMSEL par
                                                            a a porta N
  150 00000036 6001            STR              R1, [R0]    ;Guarda no registra
                                                            dor AMSEL da porta 
                                                            N da memória
  151 00000038 482F            LDR              R0, =GPIO_PORTA_AHB_AMSEL_R
  152 0000003A 6001            STR              R1, [R0]
  153 0000003C 482F            LDR              R0, =GPIO_PORTQ_AMSEL_R
  154 0000003E 6001            STR              R1, [R0]
  155 00000040         
  156 00000040         ; 3. Limpar PCTL para selecionar o GPIO
  157 00000040 F04F 0100       MOV              R1, #0x00   ;Colocar 0 no regis
                                                            trador para selecio
                                                            nar o modo GPIO
  158 00000044 482E            LDR              R0, =GPIO_PORTJ_AHB_PCTL_R ;Car
                                                            rega o R0 com o end
                                                            ereço do PCTL para 
                                                            a porta J
  159 00000046 6001            STR              R1, [R0]    ;Guarda no registra
                                                            dor PCTL da porta J
                                                             da memória
  160 00000048 482E            LDR              R0, =GPIO_PORTN_AHB_PCTL_R ;Car
                                                            rega o R0 com o end
                                                            ereço do PCTL para 
                                                            a porta N
  161 0000004A 6001            STR              R1, [R0]    ;Guarda no registra
                                                            dor PCTL da porta N
                                                             da memória
  162 0000004C 482E            LDR              R0, =GPIO_PORTA_AHB_PCTL_R
  163 0000004E 6001            STR              R1, [R0]
  164 00000050 482E            LDR              R0, =GPIO_PORTQ_PCTL_R
  165 00000052 6001            STR              R1, [R0]
  166 00000054         ; 4. DIR para 0 se for entrada, 1 se for saída
  167 00000054 482E            LDR              R0, =GPIO_PORTN_AHB_DIR_R ;Carr
                                                            ega o R0 com o ende
                                                            reço do DIR para a 
                                                            porta N
  168 00000056 F04F 0102       MOV              R1, #2_00000010 ;PN1 para LED
  169 0000005A 6001            STR              R1, [R0]    ;Guarda no registra
                                                            dor
  170 0000005C         ; O certo era verificar os outros bits da PF para não tr
                       ansformar entradas em saídas desnecessárias
  171 0000005C 482D            LDR              R0, =GPIO_PORTJ_AHB_DIR_R ;Carr



ARM Macro Assembler    Page 8 


                                                            ega o R0 com o ende
                                                            reço do DIR para a 
                                                            porta J
  172 0000005E F04F 0100       MOV              R1, #0x00   ;Colocar 0 no regis
                                                            trador DIR para fun
                                                            cionar com saída
  173 00000062 6001            STR              R1, [R0]    ;Guarda no registra
                                                            dor PCTL da porta J
                                                             da memória
  174 00000064 482C            LDR              R0, =GPIO_PORTA_AHB_DIR_R
  175 00000066 F04F 01F0       MOV              R1, #2_11110000
  176 0000006A 6001            STR              R1, [R0]
  177 0000006C 482B            LDR              R0, =GPIO_PORTQ_DIR_R
  178 0000006E F04F 010F       MOV              R1, #2_00001111
  179 00000072 6001            STR              R1, [R0]
  180 00000074         ; 5. Limpar os bits AFSEL para 0 para selecionar GPIO 
  181 00000074         ;    Sem função alternativa
  182 00000074 F04F 0100       MOV              R1, #0x00   ;Colocar o valor 0 
                                                            para não setar funç
                                                            ão alternativa
  183 00000078 4829            LDR              R0, =GPIO_PORTN_AHB_AFSEL_R ;Ca
                                                            rrega o endereço do
                                                             AFSEL da porta N
  184 0000007A 6001            STR              R1, [R0]    ;Escreve na porta
  185 0000007C 4829            LDR              R0, =GPIO_PORTJ_AHB_AFSEL_R ;Ca
                                                            rrega o endereço do
                                                             AFSEL da porta J
  186 0000007E 6001            STR              R1, [R0]    ;Escreve na porta
  187 00000080 4829            LDR              R0, =GPIO_PORTA_AHB_AFSEL_R
  188 00000082 6001            STR              R1, [R0]
  189 00000084 4829            LDR              R0, =GPIO_PORTQ_AFSEL_R
  190 00000086 6001            STR              R1, [R0]
  191 00000088         ; 6. Setar os bits de DEN para habilitar I/O digital
  192 00000088 4829            LDR              R0, =GPIO_PORTN_AHB_DEN_R ;Carr
                                                            ega o endereço do D
                                                            EN
  193 0000008A F04F 0102       MOV              R1, #2_000000010 ;Ativa os pino
                                                            s PN1 como I/O Digi
                                                            tal
  194 0000008E 6001            STR              R1, [R0]    ;Escreve no registr
                                                            ador da memória fun
                                                            cionalidade digital
                                                             
  195 00000090         
  196 00000090 4828            LDR              R0, =GPIO_PORTJ_AHB_DEN_R ;Carr
                                                            ega o endereço do D
                                                            EN
  197 00000092 F04F 0101       MOV              R1, #2_00000001 ;Ativa os pinos
                                                             PJ0  como I/O Digi
                                                            tal      
  198 00000096 6001            STR              R1, [R0]    ;Escreve no registr
                                                            ador da memória fun
                                                            cionalidade digital
                                                            
  199 00000098         
  200 00000098 4827            LDR              R0, =GPIO_PORTA_AHB_DEN_R
  201 0000009A F04F 01F0       MOV              R1, #2_11110000
  202 0000009E 6001            STR              R1, [R0]
  203 000000A0         



ARM Macro Assembler    Page 9 


  204 000000A0 4826            LDR              R0, =GPIO_PORTQ_DEN_R
  205 000000A2 F04F 010F       MOV              R1, #2_00001111
  206 000000A6 6001            STR              R1, [R0]
  207 000000A8         
  208 000000A8         ; 7. Para habilitar resistor de pull-up interno, setar P
                       UR para 1
  209 000000A8 4825            LDR              R0, =GPIO_PORTJ_AHB_PUR_R ;Carr
                                                            ega o endereço do P
                                                            UR para a porta J
  210 000000AA F04F 0101       MOV              R1, #2_00000001 ;Habilitar func
                                                            ionalidade digital 
                                                            de resistor de pull
                                                            -up 
  211 000000AE         ;nos bits 0 e 1
  212 000000AE 6001            STR              R1, [R0]
  213 000000B0         
  214 000000B0 4770            BX               LR
  215 000000B2         
  216 000000B2         ; ------------------------------------------------------
                       -------------------------
  217 000000B2         ; Função PortN_Output
  218 000000B2         ; Parâmetro de entrada: 
  219 000000B2         ; Parâmetro de saída: Não tem
  220 000000B2         PortN_Output
  221 000000B2         ; ****************************************
  222 000000B2         ; Escrever função que acende ou apaga o LED
  223 000000B2         ; ****************************************
  224 000000B2 F8DF 9090       LDR              R9, =GPIO_PORTN_AHB_DATA_R
  225 000000B6 F04F 0802       MOV              R8, #0x02
  226 000000BA F8C9 8000       STR              R8, [R9]
  227 000000BE B500            PUSH             {LR}
  228 000000C0 F44F 707A       MOV              R0, #1000
  229 000000C4 F7FF FFFE       BL               SysTick_Wait1ms
  230 000000C8 F04F 0800       MOV              R8, #0x00
  231 000000CC F8C9 8000       STR              R8, [R9]
  232 000000D0 F44F 707A       MOV              R0, #1000
  233 000000D4 F7FF FFFE       BL               SysTick_Wait1ms
  234 000000D8 F85D EB04       POP              {LR}
  235 000000DC         
  236 000000DC 4770            BX               LR
  237 000000DE         ; ------------------------------------------------------
                       -------------------------
  238 000000DE         ; Função PortJ_Input
  239 000000DE         ; Parâmetro de entrada: Não tem
  240 000000DE         ; Parâmetro de saída: R0 --> o valor da leitura
  241 000000DE         PortJ_Input
  242 000000DE         ; ****************************************
  243 000000DE         ; Escrever função que lê a chave e retorna 
  244 000000DE         ; um registrador se está ativada ou não
  245 000000DE         ; ****************************************
  246 000000DE F8DF 9068       LDR              R9, =GPIO_PORTJ_AHB_DATA_R
  247 000000E2 F8D9 0000       LDR              R0, [R9]
  248 000000E6         
  249 000000E6 4770            BX               LR
  250 000000E8         
  251 000000E8         
  252 000000E8         
  253 000000E8                 ALIGN                        ; garante que o fim
                                                             da seção está alin



ARM Macro Assembler    Page 10 


                                                            hada 
  254 000000E8                 END                          ; fim do arquivo
              400FE608 
              400FEA08 
              40060528 
              40064528 
              40058528 
              40066528 
              4006052C 
              4006452C 
              4005852C 
              4006652C 
              40064400 
              40060400 
              40058400 
              40066400 
              40064420 
              40060420 
              40058420 
              40066420 
              4006451C 
              4006051C 
              4005851C 
              4006651C 
              40060510 
              400643FC 
              400603FC 
Command Line: --debug --xref --diag_suppress=9931,A1950W --cpu=Cortex-M4.fp.sp 
--depend=.\objects\gpio.d -o.\objects\gpio.o -IC:\Users\joaov\AppData\Local\Arm
\Packs\Keil\TM4C_DFP\1.1.0\Device\Include\TM4C129 --predefine="__EVAL SETA 1" -
-predefine="__UVISION_VERSION SETA 538" --predefine="TM4C1294NCPDT SETA 1" --li
st=.\listings\gpio.lst gpio.s



ARM Macro Assembler    Page 1 Alphabetic symbol ordering
Relocatable symbols

.text 00000000

Symbol: .text
   Definitions
      At line 113 in file gpio.s
   Uses
      None
Comment: .text unused
EsperaGPIO 00000016

Symbol: EsperaGPIO
   Definitions
      At line 137 in file gpio.s
   Uses
      At line 143 in file gpio.s
Comment: EsperaGPIO used once
GPIO_Init 00000000

Symbol: GPIO_Init
   Definitions
      At line 126 in file gpio.s
   Uses
      At line 116 in file gpio.s
Comment: GPIO_Init used once
PortJ_Input 000000DE

Symbol: PortJ_Input
   Definitions
      At line 241 in file gpio.s
   Uses
      At line 118 in file gpio.s
Comment: PortJ_Input used once
PortN_Output 000000B2

Symbol: PortN_Output
   Definitions
      At line 220 in file gpio.s
   Uses
      At line 117 in file gpio.s
Comment: PortN_Output used once
5 symbols



ARM Macro Assembler    Page 1 Alphabetic symbol ordering
Absolute symbols

GPIO_PORTA 00000001

Symbol: GPIO_PORTA
   Definitions
      At line 51 in file gpio.s
   Uses
      At line 132 in file gpio.s
      At line 140 in file gpio.s

GPIO_PORTA_AHB_ADCCTL_R 40058530

Symbol: GPIO_PORTA_AHB_ADCCTL_R
   Definitions
      At line 42 in file gpio.s
   Uses
      None
Comment: GPIO_PORTA_AHB_ADCCTL_R unused
GPIO_PORTA_AHB_AFSEL_R 40058420

Symbol: GPIO_PORTA_AHB_AFSEL_R
   Definitions
      At line 29 in file gpio.s
   Uses
      At line 187 in file gpio.s
Comment: GPIO_PORTA_AHB_AFSEL_R used once
GPIO_PORTA_AHB_AMSEL_R 40058528

Symbol: GPIO_PORTA_AHB_AMSEL_R
   Definitions
      At line 40 in file gpio.s
   Uses
      At line 151 in file gpio.s
Comment: GPIO_PORTA_AHB_AMSEL_R used once
GPIO_PORTA_AHB_CR_R 40058524

Symbol: GPIO_PORTA_AHB_CR_R
   Definitions
      At line 39 in file gpio.s
   Uses
      None
Comment: GPIO_PORTA_AHB_CR_R unused
GPIO_PORTA_AHB_DATA_BITS_R 40058000

Symbol: GPIO_PORTA_AHB_DATA_BITS_R
   Definitions
      At line 19 in file gpio.s
   Uses
      None
Comment: GPIO_PORTA_AHB_DATA_BITS_R unused
GPIO_PORTA_AHB_DATA_R 400583FC

Symbol: GPIO_PORTA_AHB_DATA_R
   Definitions
      At line 20 in file gpio.s
   Uses
      None
Comment: GPIO_PORTA_AHB_DATA_R unused
GPIO_PORTA_AHB_DEN_R 4005851C




ARM Macro Assembler    Page 2 Alphabetic symbol ordering
Absolute symbols

Symbol: GPIO_PORTA_AHB_DEN_R
   Definitions
      At line 37 in file gpio.s
   Uses
      At line 200 in file gpio.s
Comment: GPIO_PORTA_AHB_DEN_R used once
GPIO_PORTA_AHB_DIR_R 40058400

Symbol: GPIO_PORTA_AHB_DIR_R
   Definitions
      At line 21 in file gpio.s
   Uses
      At line 174 in file gpio.s
Comment: GPIO_PORTA_AHB_DIR_R used once
GPIO_PORTA_AHB_DMACTL_R 40058534

Symbol: GPIO_PORTA_AHB_DMACTL_R
   Definitions
      At line 43 in file gpio.s
   Uses
      None
Comment: GPIO_PORTA_AHB_DMACTL_R unused
GPIO_PORTA_AHB_DR12R_R 4005853C

Symbol: GPIO_PORTA_AHB_DR12R_R
   Definitions
      At line 45 in file gpio.s
   Uses
      None
Comment: GPIO_PORTA_AHB_DR12R_R unused
GPIO_PORTA_AHB_DR2R_R 40058500

Symbol: GPIO_PORTA_AHB_DR2R_R
   Definitions
      At line 30 in file gpio.s
   Uses
      None
Comment: GPIO_PORTA_AHB_DR2R_R unused
GPIO_PORTA_AHB_DR4R_R 40058504

Symbol: GPIO_PORTA_AHB_DR4R_R
   Definitions
      At line 31 in file gpio.s
   Uses
      None
Comment: GPIO_PORTA_AHB_DR4R_R unused
GPIO_PORTA_AHB_DR8R_R 40058508

Symbol: GPIO_PORTA_AHB_DR8R_R
   Definitions
      At line 32 in file gpio.s
   Uses
      None
Comment: GPIO_PORTA_AHB_DR8R_R unused
GPIO_PORTA_AHB_IBE_R 40058408

Symbol: GPIO_PORTA_AHB_IBE_R
   Definitions
      At line 23 in file gpio.s



ARM Macro Assembler    Page 3 Alphabetic symbol ordering
Absolute symbols

   Uses
      None
Comment: GPIO_PORTA_AHB_IBE_R unused
GPIO_PORTA_AHB_ICR_R 4005841C

Symbol: GPIO_PORTA_AHB_ICR_R
   Definitions
      At line 28 in file gpio.s
   Uses
      None
Comment: GPIO_PORTA_AHB_ICR_R unused
GPIO_PORTA_AHB_IEV_R 4005840C

Symbol: GPIO_PORTA_AHB_IEV_R
   Definitions
      At line 24 in file gpio.s
   Uses
      None
Comment: GPIO_PORTA_AHB_IEV_R unused
GPIO_PORTA_AHB_IM_R 40058410

Symbol: GPIO_PORTA_AHB_IM_R
   Definitions
      At line 25 in file gpio.s
   Uses
      None
Comment: GPIO_PORTA_AHB_IM_R unused
GPIO_PORTA_AHB_IS_R 40058404

Symbol: GPIO_PORTA_AHB_IS_R
   Definitions
      At line 22 in file gpio.s
   Uses
      None
Comment: GPIO_PORTA_AHB_IS_R unused
GPIO_PORTA_AHB_LOCK_R 40058520

Symbol: GPIO_PORTA_AHB_LOCK_R
   Definitions
      At line 38 in file gpio.s
   Uses
      None
Comment: GPIO_PORTA_AHB_LOCK_R unused
GPIO_PORTA_AHB_MIS_R 40058418

Symbol: GPIO_PORTA_AHB_MIS_R
   Definitions
      At line 27 in file gpio.s
   Uses
      None
Comment: GPIO_PORTA_AHB_MIS_R unused
GPIO_PORTA_AHB_ODR_R 4005850C

Symbol: GPIO_PORTA_AHB_ODR_R
   Definitions
      At line 33 in file gpio.s
   Uses
      None
Comment: GPIO_PORTA_AHB_ODR_R unused



ARM Macro Assembler    Page 4 Alphabetic symbol ordering
Absolute symbols

GPIO_PORTA_AHB_PCTL_R 4005852C

Symbol: GPIO_PORTA_AHB_PCTL_R
   Definitions
      At line 41 in file gpio.s
   Uses
      At line 162 in file gpio.s
Comment: GPIO_PORTA_AHB_PCTL_R used once
GPIO_PORTA_AHB_PC_R 40058FC4

Symbol: GPIO_PORTA_AHB_PC_R
   Definitions
      At line 50 in file gpio.s
   Uses
      None
Comment: GPIO_PORTA_AHB_PC_R unused
GPIO_PORTA_AHB_PDR_R 40058514

Symbol: GPIO_PORTA_AHB_PDR_R
   Definitions
      At line 35 in file gpio.s
   Uses
      None
Comment: GPIO_PORTA_AHB_PDR_R unused
GPIO_PORTA_AHB_PP_R 40058FC0

Symbol: GPIO_PORTA_AHB_PP_R
   Definitions
      At line 49 in file gpio.s
   Uses
      None
Comment: GPIO_PORTA_AHB_PP_R unused
GPIO_PORTA_AHB_PUR_R 40058510

Symbol: GPIO_PORTA_AHB_PUR_R
   Definitions
      At line 34 in file gpio.s
   Uses
      None
Comment: GPIO_PORTA_AHB_PUR_R unused
GPIO_PORTA_AHB_RIS_R 40058414

Symbol: GPIO_PORTA_AHB_RIS_R
   Definitions
      At line 26 in file gpio.s
   Uses
      None
Comment: GPIO_PORTA_AHB_RIS_R unused
GPIO_PORTA_AHB_SI_R 40058538

Symbol: GPIO_PORTA_AHB_SI_R
   Definitions
      At line 44 in file gpio.s
   Uses
      None
Comment: GPIO_PORTA_AHB_SI_R unused
GPIO_PORTA_AHB_SLR_R 40058518

Symbol: GPIO_PORTA_AHB_SLR_R



ARM Macro Assembler    Page 5 Alphabetic symbol ordering
Absolute symbols

   Definitions
      At line 36 in file gpio.s
   Uses
      None
Comment: GPIO_PORTA_AHB_SLR_R unused
GPIO_PORTA_AHB_WAKELVL_R 40058544

Symbol: GPIO_PORTA_AHB_WAKELVL_R
   Definitions
      At line 47 in file gpio.s
   Uses
      None
Comment: GPIO_PORTA_AHB_WAKELVL_R unused
GPIO_PORTA_AHB_WAKEPEN_R 40058540

Symbol: GPIO_PORTA_AHB_WAKEPEN_R
   Definitions
      At line 46 in file gpio.s
   Uses
      None
Comment: GPIO_PORTA_AHB_WAKEPEN_R unused
GPIO_PORTA_AHB_WAKESTAT_R 40058548

Symbol: GPIO_PORTA_AHB_WAKESTAT_R
   Definitions
      At line 48 in file gpio.s
   Uses
      None
Comment: GPIO_PORTA_AHB_WAKESTAT_R unused
GPIO_PORTJ 00000100

Symbol: GPIO_PORTJ
   Definitions
      At line 62 in file gpio.s
   Uses
      At line 131 in file gpio.s
      At line 139 in file gpio.s

GPIO_PORTJ_AHB_AFSEL_R 40060420

Symbol: GPIO_PORTJ_AHB_AFSEL_R
   Definitions
      At line 58 in file gpio.s
   Uses
      At line 185 in file gpio.s
Comment: GPIO_PORTJ_AHB_AFSEL_R used once
GPIO_PORTJ_AHB_AMSEL_R 40060528

Symbol: GPIO_PORTJ_AHB_AMSEL_R
   Definitions
      At line 55 in file gpio.s
   Uses
      At line 147 in file gpio.s
Comment: GPIO_PORTJ_AHB_AMSEL_R used once
GPIO_PORTJ_AHB_CR_R 40060524

Symbol: GPIO_PORTJ_AHB_CR_R
   Definitions
      At line 54 in file gpio.s



ARM Macro Assembler    Page 6 Alphabetic symbol ordering
Absolute symbols

   Uses
      None
Comment: GPIO_PORTJ_AHB_CR_R unused
GPIO_PORTJ_AHB_DATA_R 400603FC

Symbol: GPIO_PORTJ_AHB_DATA_R
   Definitions
      At line 61 in file gpio.s
   Uses
      At line 246 in file gpio.s
Comment: GPIO_PORTJ_AHB_DATA_R used once
GPIO_PORTJ_AHB_DEN_R 4006051C

Symbol: GPIO_PORTJ_AHB_DEN_R
   Definitions
      At line 59 in file gpio.s
   Uses
      At line 196 in file gpio.s
Comment: GPIO_PORTJ_AHB_DEN_R used once
GPIO_PORTJ_AHB_DIR_R 40060400

Symbol: GPIO_PORTJ_AHB_DIR_R
   Definitions
      At line 57 in file gpio.s
   Uses
      At line 171 in file gpio.s
Comment: GPIO_PORTJ_AHB_DIR_R used once
GPIO_PORTJ_AHB_LOCK_R 40060520

Symbol: GPIO_PORTJ_AHB_LOCK_R
   Definitions
      At line 53 in file gpio.s
   Uses
      None
Comment: GPIO_PORTJ_AHB_LOCK_R unused
GPIO_PORTJ_AHB_PCTL_R 4006052C

Symbol: GPIO_PORTJ_AHB_PCTL_R
   Definitions
      At line 56 in file gpio.s
   Uses
      At line 158 in file gpio.s
Comment: GPIO_PORTJ_AHB_PCTL_R used once
GPIO_PORTJ_AHB_PUR_R 40060510

Symbol: GPIO_PORTJ_AHB_PUR_R
   Definitions
      At line 60 in file gpio.s
   Uses
      At line 209 in file gpio.s
Comment: GPIO_PORTJ_AHB_PUR_R used once
GPIO_PORTN 00001000

Symbol: GPIO_PORTN
   Definitions
      At line 73 in file gpio.s
   Uses
      At line 130 in file gpio.s
      At line 138 in file gpio.s



ARM Macro Assembler    Page 7 Alphabetic symbol ordering
Absolute symbols


GPIO_PORTN_AHB_AFSEL_R 40064420

Symbol: GPIO_PORTN_AHB_AFSEL_R
   Definitions
      At line 69 in file gpio.s
   Uses
      At line 183 in file gpio.s
Comment: GPIO_PORTN_AHB_AFSEL_R used once
GPIO_PORTN_AHB_AMSEL_R 40064528

Symbol: GPIO_PORTN_AHB_AMSEL_R
   Definitions
      At line 66 in file gpio.s
   Uses
      At line 149 in file gpio.s
Comment: GPIO_PORTN_AHB_AMSEL_R used once
GPIO_PORTN_AHB_CR_R 40064524

Symbol: GPIO_PORTN_AHB_CR_R
   Definitions
      At line 65 in file gpio.s
   Uses
      None
Comment: GPIO_PORTN_AHB_CR_R unused
GPIO_PORTN_AHB_DATA_R 400643FC

Symbol: GPIO_PORTN_AHB_DATA_R
   Definitions
      At line 72 in file gpio.s
   Uses
      At line 224 in file gpio.s
Comment: GPIO_PORTN_AHB_DATA_R used once
GPIO_PORTN_AHB_DEN_R 4006451C

Symbol: GPIO_PORTN_AHB_DEN_R
   Definitions
      At line 70 in file gpio.s
   Uses
      At line 192 in file gpio.s
Comment: GPIO_PORTN_AHB_DEN_R used once
GPIO_PORTN_AHB_DIR_R 40064400

Symbol: GPIO_PORTN_AHB_DIR_R
   Definitions
      At line 68 in file gpio.s
   Uses
      At line 167 in file gpio.s
Comment: GPIO_PORTN_AHB_DIR_R used once
GPIO_PORTN_AHB_LOCK_R 40064520

Symbol: GPIO_PORTN_AHB_LOCK_R
   Definitions
      At line 64 in file gpio.s
   Uses
      None
Comment: GPIO_PORTN_AHB_LOCK_R unused
GPIO_PORTN_AHB_PCTL_R 4006452C




ARM Macro Assembler    Page 8 Alphabetic symbol ordering
Absolute symbols

Symbol: GPIO_PORTN_AHB_PCTL_R
   Definitions
      At line 67 in file gpio.s
   Uses
      At line 160 in file gpio.s
Comment: GPIO_PORTN_AHB_PCTL_R used once
GPIO_PORTN_AHB_PUR_R 40064510

Symbol: GPIO_PORTN_AHB_PUR_R
   Definitions
      At line 71 in file gpio.s
   Uses
      None
Comment: GPIO_PORTN_AHB_PUR_R unused
GPIO_PORTQ 00004000

Symbol: GPIO_PORTQ
   Definitions
      At line 107 in file gpio.s
   Uses
      At line 133 in file gpio.s
      At line 141 in file gpio.s

GPIO_PORTQ_ADCCTL_R 40066530

Symbol: GPIO_PORTQ_ADCCTL_R
   Definitions
      At line 98 in file gpio.s
   Uses
      None
Comment: GPIO_PORTQ_ADCCTL_R unused
GPIO_PORTQ_AFSEL_R 40066420

Symbol: GPIO_PORTQ_AFSEL_R
   Definitions
      At line 85 in file gpio.s
   Uses
      At line 189 in file gpio.s
Comment: GPIO_PORTQ_AFSEL_R used once
GPIO_PORTQ_AMSEL_R 40066528

Symbol: GPIO_PORTQ_AMSEL_R
   Definitions
      At line 96 in file gpio.s
   Uses
      At line 153 in file gpio.s
Comment: GPIO_PORTQ_AMSEL_R used once
GPIO_PORTQ_CR_R 40066524

Symbol: GPIO_PORTQ_CR_R
   Definitions
      At line 95 in file gpio.s
   Uses
      None
Comment: GPIO_PORTQ_CR_R unused
GPIO_PORTQ_DATA_BITS_R 40066000

Symbol: GPIO_PORTQ_DATA_BITS_R
   Definitions



ARM Macro Assembler    Page 9 Alphabetic symbol ordering
Absolute symbols

      At line 75 in file gpio.s
   Uses
      None
Comment: GPIO_PORTQ_DATA_BITS_R unused
GPIO_PORTQ_DATA_R 400663FC

Symbol: GPIO_PORTQ_DATA_R
   Definitions
      At line 76 in file gpio.s
   Uses
      None
Comment: GPIO_PORTQ_DATA_R unused
GPIO_PORTQ_DEN_R 4006651C

Symbol: GPIO_PORTQ_DEN_R
   Definitions
      At line 93 in file gpio.s
   Uses
      At line 204 in file gpio.s
Comment: GPIO_PORTQ_DEN_R used once
GPIO_PORTQ_DIR_R 40066400

Symbol: GPIO_PORTQ_DIR_R
   Definitions
      At line 77 in file gpio.s
   Uses
      At line 177 in file gpio.s
Comment: GPIO_PORTQ_DIR_R used once
GPIO_PORTQ_DMACTL_R 40066534

Symbol: GPIO_PORTQ_DMACTL_R
   Definitions
      At line 99 in file gpio.s
   Uses
      None
Comment: GPIO_PORTQ_DMACTL_R unused
GPIO_PORTQ_DR12R_R 4006653C

Symbol: GPIO_PORTQ_DR12R_R
   Definitions
      At line 101 in file gpio.s
   Uses
      None
Comment: GPIO_PORTQ_DR12R_R unused
GPIO_PORTQ_DR2R_R 40066500

Symbol: GPIO_PORTQ_DR2R_R
   Definitions
      At line 86 in file gpio.s
   Uses
      None
Comment: GPIO_PORTQ_DR2R_R unused
GPIO_PORTQ_DR4R_R 40066504

Symbol: GPIO_PORTQ_DR4R_R
   Definitions
      At line 87 in file gpio.s
   Uses
      None



ARM Macro Assembler    Page 10 Alphabetic symbol ordering
Absolute symbols

Comment: GPIO_PORTQ_DR4R_R unused
GPIO_PORTQ_DR8R_R 40066508

Symbol: GPIO_PORTQ_DR8R_R
   Definitions
      At line 88 in file gpio.s
   Uses
      None
Comment: GPIO_PORTQ_DR8R_R unused
GPIO_PORTQ_IBE_R 40066408

Symbol: GPIO_PORTQ_IBE_R
   Definitions
      At line 79 in file gpio.s
   Uses
      None
Comment: GPIO_PORTQ_IBE_R unused
GPIO_PORTQ_ICR_R 4006641C

Symbol: GPIO_PORTQ_ICR_R
   Definitions
      At line 84 in file gpio.s
   Uses
      None
Comment: GPIO_PORTQ_ICR_R unused
GPIO_PORTQ_IEV_R 4006640C

Symbol: GPIO_PORTQ_IEV_R
   Definitions
      At line 80 in file gpio.s
   Uses
      None
Comment: GPIO_PORTQ_IEV_R unused
GPIO_PORTQ_IM_R 40066410

Symbol: GPIO_PORTQ_IM_R
   Definitions
      At line 81 in file gpio.s
   Uses
      None
Comment: GPIO_PORTQ_IM_R unused
GPIO_PORTQ_IS_R 40066404

Symbol: GPIO_PORTQ_IS_R
   Definitions
      At line 78 in file gpio.s
   Uses
      None
Comment: GPIO_PORTQ_IS_R unused
GPIO_PORTQ_LOCK_R 40066520

Symbol: GPIO_PORTQ_LOCK_R
   Definitions
      At line 94 in file gpio.s
   Uses
      None
Comment: GPIO_PORTQ_LOCK_R unused
GPIO_PORTQ_MIS_R 40066418




ARM Macro Assembler    Page 11 Alphabetic symbol ordering
Absolute symbols

Symbol: GPIO_PORTQ_MIS_R
   Definitions
      At line 83 in file gpio.s
   Uses
      None
Comment: GPIO_PORTQ_MIS_R unused
GPIO_PORTQ_ODR_R 4006650C

Symbol: GPIO_PORTQ_ODR_R
   Definitions
      At line 89 in file gpio.s
   Uses
      None
Comment: GPIO_PORTQ_ODR_R unused
GPIO_PORTQ_PCTL_R 4006652C

Symbol: GPIO_PORTQ_PCTL_R
   Definitions
      At line 97 in file gpio.s
   Uses
      At line 164 in file gpio.s
Comment: GPIO_PORTQ_PCTL_R used once
GPIO_PORTQ_PC_R 40066FC4

Symbol: GPIO_PORTQ_PC_R
   Definitions
      At line 106 in file gpio.s
   Uses
      None
Comment: GPIO_PORTQ_PC_R unused
GPIO_PORTQ_PDR_R 40066514

Symbol: GPIO_PORTQ_PDR_R
   Definitions
      At line 91 in file gpio.s
   Uses
      None
Comment: GPIO_PORTQ_PDR_R unused
GPIO_PORTQ_PP_R 40066FC0

Symbol: GPIO_PORTQ_PP_R
   Definitions
      At line 105 in file gpio.s
   Uses
      None
Comment: GPIO_PORTQ_PP_R unused
GPIO_PORTQ_PUR_R 40066510

Symbol: GPIO_PORTQ_PUR_R
   Definitions
      At line 90 in file gpio.s
   Uses
      None
Comment: GPIO_PORTQ_PUR_R unused
GPIO_PORTQ_RIS_R 40066414

Symbol: GPIO_PORTQ_RIS_R
   Definitions
      At line 82 in file gpio.s



ARM Macro Assembler    Page 12 Alphabetic symbol ordering
Absolute symbols

   Uses
      None
Comment: GPIO_PORTQ_RIS_R unused
GPIO_PORTQ_SI_R 40066538

Symbol: GPIO_PORTQ_SI_R
   Definitions
      At line 100 in file gpio.s
   Uses
      None
Comment: GPIO_PORTQ_SI_R unused
GPIO_PORTQ_SLR_R 40066518

Symbol: GPIO_PORTQ_SLR_R
   Definitions
      At line 92 in file gpio.s
   Uses
      None
Comment: GPIO_PORTQ_SLR_R unused
GPIO_PORTQ_WAKELVL_R 40066544

Symbol: GPIO_PORTQ_WAKELVL_R
   Definitions
      At line 103 in file gpio.s
   Uses
      None
Comment: GPIO_PORTQ_WAKELVL_R unused
GPIO_PORTQ_WAKEPEN_R 40066540

Symbol: GPIO_PORTQ_WAKEPEN_R
   Definitions
      At line 102 in file gpio.s
   Uses
      None
Comment: GPIO_PORTQ_WAKEPEN_R unused
GPIO_PORTQ_WAKESTAT_R 40066548

Symbol: GPIO_PORTQ_WAKESTAT_R
   Definitions
      At line 104 in file gpio.s
   Uses
      None
Comment: GPIO_PORTQ_WAKESTAT_R unused
SYSCTL_PRGPIO_R 400FEA08

Symbol: SYSCTL_PRGPIO_R
   Definitions
      At line 15 in file gpio.s
   Uses
      At line 136 in file gpio.s
Comment: SYSCTL_PRGPIO_R used once
SYSCTL_RCGCGPIO_R 400FE608

Symbol: SYSCTL_RCGCGPIO_R
   Definitions
      At line 14 in file gpio.s
   Uses
      At line 129 in file gpio.s
Comment: SYSCTL_RCGCGPIO_R used once



ARM Macro Assembler    Page 13 Alphabetic symbol ordering
Absolute symbols

88 symbols



ARM Macro Assembler    Page 1 Alphabetic symbol ordering
External symbols

SysTick_Wait1ms 00000000

Symbol: SysTick_Wait1ms
   Definitions
      At line 120 in file gpio.s
   Uses
      At line 229 in file gpio.s
      At line 233 in file gpio.s

1 symbol
430 symbols in table
