


ARM Macro Assembler    Page 1 


    1 00000000         ; main.s
    2 00000000         ; Desenvolvido para a placa EK-TM4C1294XL
    3 00000000         ; Prof. Guilherme Peron
    4 00000000         ; Ver 1 19/03/2018
    5 00000000         ; Ver 2 26/08/2018
    6 00000000         ; Este programa deve esperar o usuário pressionar uma ch
                       ave.
    7 00000000         ; Caso o usuário pressione uma chave, um LED deve piscar
                        a cada 1 segundo.
    8 00000000         
    9 00000000         ; ------------------------------------------------------
                       -------------------------
   10 00000000                 THUMB                        ; Instruções do tip
                                                            o Thumb-2
   11 00000000         ; ------------------------------------------------------
                       -------------------------
   12 00000000         
   13 00000000         ; Declarações EQU - Defines
   14 00000000         ;<NOME>         EQU <VALOR>
   15 00000000         ; ========================
   16 00000000         ; Definições de Valores
   17 00000000         
   18 00000000         
   19 00000000         ; ------------------------------------------------------
                       -------------------------
   20 00000000         ; Área de Dados - Declarações de variáveis
   21 00000000                 AREA             DATA, ALIGN=2
   22 00000000         ; Se alguma variável for chamada em outro arquivo
   23 00000000         ;EXPORT  <var> [DATA,SIZE=<tam>]   ; Permite chamar a va
                       riável <var> a 
   24 00000000         ; partir de outro arquivo
   25 00000000         ;<var> SPACE <tam>                        ; Declara uma 
                       variável de nome <var>
   26 00000000         ; de <tam> bytes a partir da primeira 
   27 00000000         ; posição da RAM  
   28 00000000         
   29 00000000         ; ------------------------------------------------------
                       -------------------------
   30 00000000         ; Área de Código - Tudo abaixo da diretiva a seguir será
                        armazenado na memória de 
   31 00000000         ;                  código
   32 00000000                 AREA             |.text|, CODE, READONLY, ALIGN=
2
   33 00000000         
   34 00000000         ; Se alguma função do arquivo for chamada em outro arqui
                       vo 
   35 00000000                 EXPORT           Start       ; Permite chamar a 
                                                            função Start a part
                                                            ir de 
   36 00000000         ; outro arquivo. No caso startup.s
   37 00000000         
   38 00000000         ; Se chamar alguma função externa 
   39 00000000         ;IMPORT <func>              ; Permite chamar dentro dest
                       e arquivo uma 
   40 00000000         ; função <func>
   41 00000000                 IMPORT           PLL_Init
   42 00000000                 IMPORT           SysTick_Init
   43 00000000                 IMPORT           SysTick_Wait1ms
   44 00000000                 IMPORT           GPIO_Init



ARM Macro Assembler    Page 2 


   45 00000000                 IMPORT           LightUp7SegLeft
   46 00000000                 IMPORT           LightUp7SegRight
   47 00000000                 IMPORT           LightUpLEDs
   48 00000000                 IMPORT           GetPushBtnsState
   49 00000000         
   50 00000000         
   51 00000000         ; ------------------------------------------------------
                       -------------------------
   52 00000000         ; Função main()
   53 00000000         Start
   54 00000000 F7FF FFFE       BL               PLL_Init    ;Chama a subrotina 
                                                            para alterar o cloc
                                                            k do microcontrolad
                                                            or para 80MHz
   55 00000004 F7FF FFFE       BL               SysTick_Init ;Chama a subrotina
                                                             para inicializar o
                                                             SysTick
   56 00000008 F7FF FFFE       BL               GPIO_Init   ;Chama a subrotina 
                                                            que inicializa os G
                                                            PIO
   57 0000000C F04F 0300       MOV              R3, #0
   58 00000010         
   59 00000010         MainLoop
   60 00000010         ; ****************************************
   61 00000010         ; Escrever código que lê o estado da chave, se ela estiv
                       er desativada apaga o LED
   62 00000010         ; Se estivar ativada chama a subrotina Pisca_LED
   63 00000010         ; ****************************************
   64 00000010 F7FF FFFE       BL               GetPushBtnsState
   65 00000014 4601            MOV              R1, R0
   66 00000016 2802            CMP              R0, #2_10
   67 00000018 BF04            ITT              EQ
   68 0000001A 4618            MOVEQ            R0, R3
   69 0000001C F7FF FFFE       BLEQ             LightUpLEDs
   70 00000020 2901            CMP              R1, #2_01
   71 00000022 BF04            ITT              EQ
   72 00000024 4618            MOVEQ            R0, R3
   73 00000026 F7FF FFFE       BLEQ             LightUp7SegLeft
   74 0000002A         
   75 0000002A F103 0301       ADD              R3, R3, #1
   76 0000002E 2B0A            CMP              R3, #10
   77 00000030 BF08            IT               EQ
   78 00000032 2300            MOVEQ            R3, #0
   79 00000034         
   80 00000034 E7EC            B                MainLoop
   81 00000036         
   82 00000036         ;-------------------------------------------------------
                       -------------------------
   83 00000036         ; Função Pisca_LED
   84 00000036         ; Parâmetro de entrada: Não tem
   85 00000036         ; Parâmetro de saída: Não tem
   86 00000036         Pisca_LED
   87 00000036         ; ****************************************
   88 00000036         ; Escrever função que acende o LED, espera 1 segundo, ap
                       aga o LED e espera 1 s
   89 00000036         ; Esta função deve chamar a rotina SysTick_Wait1ms com o
                        parâmetro de entrada em R0
   90 00000036         ; ****************************************
   91 00000036         ;BL PortN_Output



ARM Macro Assembler    Page 3 


   92 00000036 E7FE            B                Pisca_LED
   93 00000038         
   94 00000038         ; ------------------------------------------------------
                       --------------------------------------------------------
                       -----------
   95 00000038         ; Fim do Arquivo
   96 00000038         ; ------------------------------------------------------
                       --------------------------------------------------------
                       ----------- 
   97 00000038                 ALIGN                        ;Garante que o fim 
                                                            da seção está alinh
                                                            ada 
   98 00000038                 END                          ;Fim do arquivo
Command Line: --debug --xref --diag_suppress=9931,A1950W --cpu=Cortex-M4.fp.sp 
--depend=.\objects\main.d -o.\objects\main.o -IC:\Users\joaov\AppData\Local\Arm
\Packs\Keil\TM4C_DFP\1.1.0\Device\Include\TM4C129 --predefine="__EVAL SETA 1" -
-predefine="__UVISION_VERSION SETA 538" --predefine="TM4C1294NCPDT SETA 1" --li
st=.\listings\main.lst main.s



ARM Macro Assembler    Page 1 Alphabetic symbol ordering
Relocatable symbols

DATA 00000000

Symbol: DATA
   Definitions
      At line 21 in file main.s
   Uses
      None
Comment: DATA unused
1 symbol



ARM Macro Assembler    Page 1 Alphabetic symbol ordering
Relocatable symbols

.text 00000000

Symbol: .text
   Definitions
      At line 32 in file main.s
   Uses
      None
Comment: .text unused
MainLoop 00000010

Symbol: MainLoop
   Definitions
      At line 59 in file main.s
   Uses
      At line 80 in file main.s
Comment: MainLoop used once
Pisca_LED 00000036

Symbol: Pisca_LED
   Definitions
      At line 86 in file main.s
   Uses
      At line 92 in file main.s
Comment: Pisca_LED used once
Start 00000000

Symbol: Start
   Definitions
      At line 53 in file main.s
   Uses
      At line 35 in file main.s
Comment: Start used once
4 symbols



ARM Macro Assembler    Page 1 Alphabetic symbol ordering
External symbols

GPIO_Init 00000000

Symbol: GPIO_Init
   Definitions
      At line 44 in file main.s
   Uses
      At line 56 in file main.s
Comment: GPIO_Init used once
GetPushBtnsState 00000000

Symbol: GetPushBtnsState
   Definitions
      At line 48 in file main.s
   Uses
      At line 64 in file main.s
Comment: GetPushBtnsState used once
LightUp7SegLeft 00000000

Symbol: LightUp7SegLeft
   Definitions
      At line 45 in file main.s
   Uses
      At line 73 in file main.s
Comment: LightUp7SegLeft used once
LightUp7SegRight 00000000

Symbol: LightUp7SegRight
   Definitions
      At line 46 in file main.s
   Uses
      None
Comment: LightUp7SegRight unused
LightUpLEDs 00000000

Symbol: LightUpLEDs
   Definitions
      At line 47 in file main.s
   Uses
      At line 69 in file main.s
Comment: LightUpLEDs used once
PLL_Init 00000000

Symbol: PLL_Init
   Definitions
      At line 41 in file main.s
   Uses
      At line 54 in file main.s
Comment: PLL_Init used once
SysTick_Init 00000000

Symbol: SysTick_Init
   Definitions
      At line 42 in file main.s
   Uses
      At line 55 in file main.s
Comment: SysTick_Init used once
SysTick_Wait1ms 00000000

Symbol: SysTick_Wait1ms



ARM Macro Assembler    Page 2 Alphabetic symbol ordering
External symbols

   Definitions
      At line 43 in file main.s
   Uses
      None
Comment: SysTick_Wait1ms unused
8 symbols
347 symbols in table
