


ARM Macro Assembler    Page 1 


    1 00000000         ; gpio.s
    2 00000000         ; Desenvolvido para a placa EK-TM4C1294XL
    3 00000000         ; Prof. Guilherme Peron
    4 00000000         ; Ver 1 19/03/2018
    5 00000000         ; Ver 2 26/08/2018
    6 00000000         
    7 00000000         ; ------------------------------------------------------
                       -------------------------
    8 00000000                 THUMB                        ; Instruções do tip
                                                            o Thumb-2
    9 00000000         ; ------------------------------------------------------
                       -------------------------
   10 00000000         ; Declarações EQU - Defines
   11 00000000         ; ========================
   12 00000000         ; ========================
   13 00000000         ; Definições dos Registradores Gerais
   14 00000000 400FE608 
                       SYSCTL_RCGCGPIO_R
                               EQU              0x400FE608
   15 00000000 400FEA08 
                       SYSCTL_PRGPIO_R
                               EQU              0x400FEA08
   16 00000000         ; ========================
   17 00000000         ; Definições dos Ports
   18 00000000         ; PORT A
   19 00000000 40058000 
                       GPIO_PORTA_AHB_DATA_BITS_R
                               EQU              0x40058000
   20 00000000 400583FC 
                       GPIO_PORTA_AHB_DATA_R
                               EQU              0x400583FC
   21 00000000 40058400 
                       GPIO_PORTA_AHB_DIR_R
                               EQU              0x40058400
   22 00000000 40058404 
                       GPIO_PORTA_AHB_IS_R
                               EQU              0x40058404
   23 00000000 40058408 
                       GPIO_PORTA_AHB_IBE_R
                               EQU              0x40058408
   24 00000000 4005840C 
                       GPIO_PORTA_AHB_IEV_R
                               EQU              0x4005840C
   25 00000000 40058410 
                       GPIO_PORTA_AHB_IM_R
                               EQU              0x40058410
   26 00000000 40058414 
                       GPIO_PORTA_AHB_RIS_R
                               EQU              0x40058414
   27 00000000 40058418 
                       GPIO_PORTA_AHB_MIS_R
                               EQU              0x40058418
   28 00000000 4005841C 
                       GPIO_PORTA_AHB_ICR_R
                               EQU              0x4005841C
   29 00000000 40058420 
                       GPIO_PORTA_AHB_AFSEL_R
                               EQU              0x40058420
   30 00000000 40058500 



ARM Macro Assembler    Page 2 


                       GPIO_PORTA_AHB_DR2R_R
                               EQU              0x40058500
   31 00000000 40058504 
                       GPIO_PORTA_AHB_DR4R_R
                               EQU              0x40058504
   32 00000000 40058508 
                       GPIO_PORTA_AHB_DR8R_R
                               EQU              0x40058508
   33 00000000 4005850C 
                       GPIO_PORTA_AHB_ODR_R
                               EQU              0x4005850C
   34 00000000 40058510 
                       GPIO_PORTA_AHB_PUR_R
                               EQU              0x40058510
   35 00000000 40058514 
                       GPIO_PORTA_AHB_PDR_R
                               EQU              0x40058514
   36 00000000 40058518 
                       GPIO_PORTA_AHB_SLR_R
                               EQU              0x40058518
   37 00000000 4005851C 
                       GPIO_PORTA_AHB_DEN_R
                               EQU              0x4005851C
   38 00000000 40058520 
                       GPIO_PORTA_AHB_LOCK_R
                               EQU              0x40058520
   39 00000000 40058524 
                       GPIO_PORTA_AHB_CR_R
                               EQU              0x40058524
   40 00000000 40058528 
                       GPIO_PORTA_AHB_AMSEL_R
                               EQU              0x40058528
   41 00000000 4005852C 
                       GPIO_PORTA_AHB_PCTL_R
                               EQU              0x4005852C
   42 00000000 40058530 
                       GPIO_PORTA_AHB_ADCCTL_R
                               EQU              0x40058530
   43 00000000 40058534 
                       GPIO_PORTA_AHB_DMACTL_R
                               EQU              0x40058534
   44 00000000 40058538 
                       GPIO_PORTA_AHB_SI_R
                               EQU              0x40058538
   45 00000000 4005853C 
                       GPIO_PORTA_AHB_DR12R_R
                               EQU              0x4005853C
   46 00000000 40058540 
                       GPIO_PORTA_AHB_WAKEPEN_R
                               EQU              0x40058540
   47 00000000 40058544 
                       GPIO_PORTA_AHB_WAKELVL_R
                               EQU              0x40058544
   48 00000000 40058548 
                       GPIO_PORTA_AHB_WAKESTAT_R
                               EQU              0x40058548
   49 00000000 40058FC0 
                       GPIO_PORTA_AHB_PP_R
                               EQU              0x40058FC0



ARM Macro Assembler    Page 3 


   50 00000000 40058FC4 
                       GPIO_PORTA_AHB_PC_R
                               EQU              0x40058FC4
   51 00000000 00000001 
                       GPIO_PORTA
                               EQU              2_000000000000001
   52 00000000         ; PORT B
   53 00000000 40059000 
                       GPIO_PORTB_AHB_DATA_BITS_R
                               EQU              0x40059000
   54 00000000 400593FC 
                       GPIO_PORTB_AHB_DATA_R
                               EQU              0x400593FC
   55 00000000 40059400 
                       GPIO_PORTB_AHB_DIR_R
                               EQU              0x40059400
   56 00000000 40059404 
                       GPIO_PORTB_AHB_IS_R
                               EQU              0x40059404
   57 00000000 40059408 
                       GPIO_PORTB_AHB_IBE_R
                               EQU              0x40059408
   58 00000000 4005940C 
                       GPIO_PORTB_AHB_IEV_R
                               EQU              0x4005940C
   59 00000000 40059410 
                       GPIO_PORTB_AHB_IM_R
                               EQU              0x40059410
   60 00000000 40059414 
                       GPIO_PORTB_AHB_RIS_R
                               EQU              0x40059414
   61 00000000 40059418 
                       GPIO_PORTB_AHB_MIS_R
                               EQU              0x40059418
   62 00000000 4005941C 
                       GPIO_PORTB_AHB_ICR_R
                               EQU              0x4005941C
   63 00000000 40059420 
                       GPIO_PORTB_AHB_AFSEL_R
                               EQU              0x40059420
   64 00000000 40059500 
                       GPIO_PORTB_AHB_DR2R_R
                               EQU              0x40059500
   65 00000000 40059504 
                       GPIO_PORTB_AHB_DR4R_R
                               EQU              0x40059504
   66 00000000 40059508 
                       GPIO_PORTB_AHB_DR8R_R
                               EQU              0x40059508
   67 00000000 4005950C 
                       GPIO_PORTB_AHB_ODR_R
                               EQU              0x4005950C
   68 00000000 40059510 
                       GPIO_PORTB_AHB_PUR_R
                               EQU              0x40059510
   69 00000000 40059514 
                       GPIO_PORTB_AHB_PDR_R
                               EQU              0x40059514
   70 00000000 40059518 



ARM Macro Assembler    Page 4 


                       GPIO_PORTB_AHB_SLR_R
                               EQU              0x40059518
   71 00000000 4005951C 
                       GPIO_PORTB_AHB_DEN_R
                               EQU              0x4005951C
   72 00000000 40059520 
                       GPIO_PORTB_AHB_LOCK_R
                               EQU              0x40059520
   73 00000000 40059524 
                       GPIO_PORTB_AHB_CR_R
                               EQU              0x40059524
   74 00000000 40059528 
                       GPIO_PORTB_AHB_AMSEL_R
                               EQU              0x40059528
   75 00000000 4005952C 
                       GPIO_PORTB_AHB_PCTL_R
                               EQU              0x4005952C
   76 00000000 40059530 
                       GPIO_PORTB_AHB_ADCCTL_R
                               EQU              0x40059530
   77 00000000 40059534 
                       GPIO_PORTB_AHB_DMACTL_R
                               EQU              0x40059534
   78 00000000 40059538 
                       GPIO_PORTB_AHB_SI_R
                               EQU              0x40059538
   79 00000000 4005953C 
                       GPIO_PORTB_AHB_DR12R_R
                               EQU              0x4005953C
   80 00000000 40059540 
                       GPIO_PORTB_AHB_WAKEPEN_R
                               EQU              0x40059540
   81 00000000 40059544 
                       GPIO_PORTB_AHB_WAKELVL_R
                               EQU              0x40059544
   82 00000000 40059548 
                       GPIO_PORTB_AHB_WAKESTAT_R
                               EQU              0x40059548
   83 00000000 40059FC0 
                       GPIO_PORTB_AHB_PP_R
                               EQU              0x40059FC0
   84 00000000 40059FC4 
                       GPIO_PORTB_AHB_PC_R
                               EQU              0x40059FC4
   85 00000000 00000002 
                       GPIO_PORTB
                               EQU              2_000000000000010
   86 00000000         ; PORT J
   87 00000000 40060520 
                       GPIO_PORTJ_AHB_LOCK_R
                               EQU              0x40060520
   88 00000000 40060524 
                       GPIO_PORTJ_AHB_CR_R
                               EQU              0x40060524
   89 00000000 40060528 
                       GPIO_PORTJ_AHB_AMSEL_R
                               EQU              0x40060528
   90 00000000 4006052C 
                       GPIO_PORTJ_AHB_PCTL_R



ARM Macro Assembler    Page 5 


                               EQU              0x4006052C
   91 00000000 40060400 
                       GPIO_PORTJ_AHB_DIR_R
                               EQU              0x40060400
   92 00000000 40060420 
                       GPIO_PORTJ_AHB_AFSEL_R
                               EQU              0x40060420
   93 00000000 4006051C 
                       GPIO_PORTJ_AHB_DEN_R
                               EQU              0x4006051C
   94 00000000 40060510 
                       GPIO_PORTJ_AHB_PUR_R
                               EQU              0x40060510
   95 00000000 400603FC 
                       GPIO_PORTJ_AHB_DATA_R
                               EQU              0x400603FC
   96 00000000 00000100 
                       GPIO_PORTJ
                               EQU              2_000000100000000
   97 00000000         ; PORT N
   98 00000000 40064520 
                       GPIO_PORTN_AHB_LOCK_R
                               EQU              0x40064520
   99 00000000 40064524 
                       GPIO_PORTN_AHB_CR_R
                               EQU              0x40064524
  100 00000000 40064528 
                       GPIO_PORTN_AHB_AMSEL_R
                               EQU              0x40064528
  101 00000000 4006452C 
                       GPIO_PORTN_AHB_PCTL_R
                               EQU              0x4006452C
  102 00000000 40064400 
                       GPIO_PORTN_AHB_DIR_R
                               EQU              0x40064400
  103 00000000 40064420 
                       GPIO_PORTN_AHB_AFSEL_R
                               EQU              0x40064420
  104 00000000 4006451C 
                       GPIO_PORTN_AHB_DEN_R
                               EQU              0x4006451C
  105 00000000 40064510 
                       GPIO_PORTN_AHB_PUR_R
                               EQU              0x40064510
  106 00000000 400643FC 
                       GPIO_PORTN_AHB_DATA_R
                               EQU              0x400643FC
  107 00000000 00001000 
                       GPIO_PORTN
                               EQU              2_001000000000000
  108 00000000         ; PORT P
  109 00000000 40065000 
                       GPIO_PORTP_DATA_BITS_R
                               EQU              0x40065000
  110 00000000 400653FC 
                       GPIO_PORTP_DATA_R
                               EQU              0x400653FC
  111 00000000 40065400 
                       GPIO_PORTP_DIR_R



ARM Macro Assembler    Page 6 


                               EQU              0x40065400
  112 00000000 40065404 
                       GPIO_PORTP_IS_R
                               EQU              0x40065404
  113 00000000 40065408 
                       GPIO_PORTP_IBE_R
                               EQU              0x40065408
  114 00000000 4006540C 
                       GPIO_PORTP_IEV_R
                               EQU              0x4006540C
  115 00000000 40065410 
                       GPIO_PORTP_IM_R
                               EQU              0x40065410
  116 00000000 40065414 
                       GPIO_PORTP_RIS_R
                               EQU              0x40065414
  117 00000000 40065418 
                       GPIO_PORTP_MIS_R
                               EQU              0x40065418
  118 00000000 4006541C 
                       GPIO_PORTP_ICR_R
                               EQU              0x4006541C
  119 00000000 40065420 
                       GPIO_PORTP_AFSEL_R
                               EQU              0x40065420
  120 00000000 40065500 
                       GPIO_PORTP_DR2R_R
                               EQU              0x40065500
  121 00000000 40065504 
                       GPIO_PORTP_DR4R_R
                               EQU              0x40065504
  122 00000000 40065508 
                       GPIO_PORTP_DR8R_R
                               EQU              0x40065508
  123 00000000 4006550C 
                       GPIO_PORTP_ODR_R
                               EQU              0x4006550C
  124 00000000 40065510 
                       GPIO_PORTP_PUR_R
                               EQU              0x40065510
  125 00000000 40065514 
                       GPIO_PORTP_PDR_R
                               EQU              0x40065514
  126 00000000 40065518 
                       GPIO_PORTP_SLR_R
                               EQU              0x40065518
  127 00000000 4006551C 
                       GPIO_PORTP_DEN_R
                               EQU              0x4006551C
  128 00000000 40065520 
                       GPIO_PORTP_LOCK_R
                               EQU              0x40065520
  129 00000000 40065524 
                       GPIO_PORTP_CR_R
                               EQU              0x40065524
  130 00000000 40065528 
                       GPIO_PORTP_AMSEL_R
                               EQU              0x40065528
  131 00000000 4006552C 



ARM Macro Assembler    Page 7 


                       GPIO_PORTP_PCTL_R
                               EQU              0x4006552C
  132 00000000 40065530 
                       GPIO_PORTP_ADCCTL_R
                               EQU              0x40065530
  133 00000000 40065534 
                       GPIO_PORTP_DMACTL_R
                               EQU              0x40065534
  134 00000000 40065538 
                       GPIO_PORTP_SI_R
                               EQU              0x40065538
  135 00000000 4006553C 
                       GPIO_PORTP_DR12R_R
                               EQU              0x4006553C
  136 00000000 40065540 
                       GPIO_PORTP_WAKEPEN_R
                               EQU              0x40065540
  137 00000000 40065544 
                       GPIO_PORTP_WAKELVL_R
                               EQU              0x40065544
  138 00000000 40065548 
                       GPIO_PORTP_WAKESTAT_R
                               EQU              0x40065548
  139 00000000 40065FC0 
                       GPIO_PORTP_PP_R
                               EQU              0x40065FC0
  140 00000000 40065FC4 
                       GPIO_PORTP_PC_R
                               EQU              0x40065FC4
  141 00000000 00002000 
                       GPIO_PORTP
                               EQU              2_010000000000000
  142 00000000         ; PORT Q
  143 00000000 40066000 
                       GPIO_PORTQ_DATA_BITS_R
                               EQU              0x40066000
  144 00000000 400663FC 
                       GPIO_PORTQ_DATA_R
                               EQU              0x400663FC
  145 00000000 40066400 
                       GPIO_PORTQ_DIR_R
                               EQU              0x40066400
  146 00000000 40066404 
                       GPIO_PORTQ_IS_R
                               EQU              0x40066404
  147 00000000 40066408 
                       GPIO_PORTQ_IBE_R
                               EQU              0x40066408
  148 00000000 4006640C 
                       GPIO_PORTQ_IEV_R
                               EQU              0x4006640C
  149 00000000 40066410 
                       GPIO_PORTQ_IM_R
                               EQU              0x40066410
  150 00000000 40066414 
                       GPIO_PORTQ_RIS_R
                               EQU              0x40066414
  151 00000000 40066418 
                       GPIO_PORTQ_MIS_R



ARM Macro Assembler    Page 8 


                               EQU              0x40066418
  152 00000000 4006641C 
                       GPIO_PORTQ_ICR_R
                               EQU              0x4006641C
  153 00000000 40066420 
                       GPIO_PORTQ_AFSEL_R
                               EQU              0x40066420
  154 00000000 40066500 
                       GPIO_PORTQ_DR2R_R
                               EQU              0x40066500
  155 00000000 40066504 
                       GPIO_PORTQ_DR4R_R
                               EQU              0x40066504
  156 00000000 40066508 
                       GPIO_PORTQ_DR8R_R
                               EQU              0x40066508
  157 00000000 4006650C 
                       GPIO_PORTQ_ODR_R
                               EQU              0x4006650C
  158 00000000 40066510 
                       GPIO_PORTQ_PUR_R
                               EQU              0x40066510
  159 00000000 40066514 
                       GPIO_PORTQ_PDR_R
                               EQU              0x40066514
  160 00000000 40066518 
                       GPIO_PORTQ_SLR_R
                               EQU              0x40066518
  161 00000000 4006651C 
                       GPIO_PORTQ_DEN_R
                               EQU              0x4006651C
  162 00000000 40066520 
                       GPIO_PORTQ_LOCK_R
                               EQU              0x40066520
  163 00000000 40066524 
                       GPIO_PORTQ_CR_R
                               EQU              0x40066524
  164 00000000 40066528 
                       GPIO_PORTQ_AMSEL_R
                               EQU              0x40066528
  165 00000000 4006652C 
                       GPIO_PORTQ_PCTL_R
                               EQU              0x4006652C
  166 00000000 40066530 
                       GPIO_PORTQ_ADCCTL_R
                               EQU              0x40066530
  167 00000000 40066534 
                       GPIO_PORTQ_DMACTL_R
                               EQU              0x40066534
  168 00000000 40066538 
                       GPIO_PORTQ_SI_R
                               EQU              0x40066538
  169 00000000 4006653C 
                       GPIO_PORTQ_DR12R_R
                               EQU              0x4006653C
  170 00000000 40066540 
                       GPIO_PORTQ_WAKEPEN_R
                               EQU              0x40066540
  171 00000000 40066544 



ARM Macro Assembler    Page 9 


                       GPIO_PORTQ_WAKELVL_R
                               EQU              0x40066544
  172 00000000 40066548 
                       GPIO_PORTQ_WAKESTAT_R
                               EQU              0x40066548
  173 00000000 40066FC0 
                       GPIO_PORTQ_PP_R
                               EQU              0x40066FC0
  174 00000000 40066FC4 
                       GPIO_PORTQ_PC_R
                               EQU              0x40066FC4
  175 00000000 00004000 
                       GPIO_PORTQ
                               EQU              2_100000000000000
  176 00000000         
  177 00000000         
  178 00000000         ; ------------------------------------------------------
                       -------------------------
  179 00000000         ; Área de Código - Tudo abaixo da diretiva a seguir será
                        armazenado na memória de 
  180 00000000         ;                  código
  181 00000000                 AREA             |.text|, CODE, READONLY, ALIGN=
2
  182 00000000         
  183 00000000         ; Se alguma função do arquivo for chamada em outro arqui
                       vo 
  184 00000000                 EXPORT           GPIO_Init   ; Permite chamar GP
                                                            IO_Init de outro ar
                                                            quivo
  185 00000000                 EXPORT           LightUp7SegLeft
  186 00000000                 EXPORT           LightUp7SegRight
  187 00000000                 EXPORT           LightUpLEDs ; Permite chamar Li
                                                            ghtUpLEDs de outro 
                                                            arquivo
  188 00000000                 EXPORT           GetPushBtnsState ; Permite cham
                                                            ar GetPushBtnsState
                                                             de outro arquivo
  189 00000000                 EXPORT           DisableAllLEDs
  190 00000000         
  191 00000000                 IMPORT           SysTick_Wait1ms
  192 00000000                 IMPORT           SysTick_Wait1us
  193 00000000         
  194 00000000         ;-------------------------------------------------------
                       -------------------------
  195 00000000         ; Função GPIO_Init
  196 00000000         ; Parâmetro de entrada: Não tem
  197 00000000         ; Parâmetro de saída: Não tem
  198 00000000         GPIO_Init
  199 00000000         ;=====================
  200 00000000         
  201 00000000 488E            LDR              R0, =SYSCTL_RCGCGPIO_R ;Carrega
                                                             o endereço do regi
                                                            strador RCGCGPIO
  202 00000002 F44F 5180       MOV              R1, #GPIO_PORTN ;Seta o bit da 
                                                            porta N
  203 00000006 F441 7180       ORR              R1, #GPIO_PORTJ ;Seta o bit da 
                                                            porta J, fazendo co
                                                            m OR
  204 0000000A F041 0101       ORR              R1, #GPIO_PORTA



ARM Macro Assembler    Page 10 


  205 0000000E F041 0102       ORR              R1, #GPIO_PORTB
  206 00000012 F441 5100       ORR              R1, #GPIO_PORTP
  207 00000016 F441 4180       ORR              R1, #GPIO_PORTQ
  208 0000001A 6001            STR              R1, [R0]    ;Move para a memóri
                                                            a os bits das porta
                                                            s no endereço do RC
                                                            GCGPIO
  209 0000001C         
  210 0000001C 4888            LDR              R0, =SYSCTL_PRGPIO_R ;Carrega o
                                                             endereço do PRGPIO
                                                             para esperar os GP
                                                            IO ficarem prontos
  211 0000001E 6801    EsperaGPIO
                               LDR              R1, [R0]    ;Lê da memória o co
                                                            nteúdo do endereço 
                                                            do registrador
  212 00000020 F44F 5280       MOV              R2, #GPIO_PORTN ;Seta os bits c
                                                            orrespondentes às p
                                                            ortas para fazer a 
                                                            comparação
  213 00000024 F442 7280       ORR              R2, #GPIO_PORTJ ;Seta o bit da 
                                                            porta J, fazendo co
                                                            m OR
  214 00000028 F042 0201       ORR              R2, #GPIO_PORTA
  215 0000002C F041 0102       ORR              R1, #GPIO_PORTB
  216 00000030 F441 5100       ORR              R1, #GPIO_PORTP
  217 00000034 F442 4280       ORR              R2, #GPIO_PORTQ
  218 00000038 4211            TST              R1, R2      ;ANDS de R1 com R2
  219 0000003A D0F0            BEQ              EsperaGPIO  ;Se o flag Z=1, vol
                                                            ta para o laço. Sen
                                                            ão continua executa
                                                            ndo
  220 0000003C         
  221 0000003C         ; 2. Limpar o AMSEL para desabilitar a analógica
  222 0000003C F04F 0100       MOV              R1, #0x00   ;Colocar 0 no regis
                                                            trador para desabil
                                                            itar a função analó
                                                            gica
  223 00000040 4880            LDR              R0, =GPIO_PORTJ_AHB_AMSEL_R ;Ca
                                                            rrega o R0 com o en
                                                            dereço do AMSEL par
                                                            a a porta J
  224 00000042 6001            STR              R1, [R0]    ;Guarda no registra
                                                            dor AMSEL da porta 
                                                            J da memória
  225 00000044 4880            LDR              R0, =GPIO_PORTN_AHB_AMSEL_R ;Ca
                                                            rrega o R0 com o en
                                                            dereço do AMSEL par
                                                            a a porta N
  226 00000046 6001            STR              R1, [R0]    ;Guarda no registra
                                                            dor AMSEL da porta 
                                                            N da memória
  227 00000048 4880            LDR              R0, =GPIO_PORTA_AHB_AMSEL_R
  228 0000004A 6001            STR              R1, [R0]
  229 0000004C 4880            LDR              R0, =GPIO_PORTB_AHB_AMSEL_R
  230 0000004E 6001            STR              R1, [R0]
  231 00000050 4880            LDR              R0, =GPIO_PORTP_AMSEL_R
  232 00000052 6001            STR              R1, [R0]
  233 00000054 4880            LDR              R0, =GPIO_PORTQ_AMSEL_R



ARM Macro Assembler    Page 11 


  234 00000056 6001            STR              R1, [R0]
  235 00000058         
  236 00000058         ; 3. Limpar PCTL para selecionar o GPIO
  237 00000058 F04F 0100       MOV              R1, #0x00   ;Colocar 0 no regis
                                                            trador para selecio
                                                            nar o modo GPIO
  238 0000005C 487F            LDR              R0, =GPIO_PORTJ_AHB_PCTL_R ;Car
                                                            rega o R0 com o end
                                                            ereço do PCTL para 
                                                            a porta J
  239 0000005E 6001            STR              R1, [R0]    ;Guarda no registra
                                                            dor PCTL da porta J
                                                             da memória
  240 00000060 487F            LDR              R0, =GPIO_PORTN_AHB_PCTL_R ;Car
                                                            rega o R0 com o end
                                                            ereço do PCTL para 
                                                            a porta N
  241 00000062 6001            STR              R1, [R0]    ;Guarda no registra
                                                            dor PCTL da porta N
                                                             da memória
  242 00000064 487F            LDR              R0, =GPIO_PORTA_AHB_PCTL_R
  243 00000066 6001            STR              R1, [R0]
  244 00000068 487F            LDR              R0, =GPIO_PORTB_AHB_PCTL_R
  245 0000006A 6001            STR              R1, [R0]
  246 0000006C 487F            LDR              R0, =GPIO_PORTP_PCTL_R
  247 0000006E 6001            STR              R1, [R0]
  248 00000070 487F            LDR              R0, =GPIO_PORTQ_PCTL_R
  249 00000072 6001            STR              R1, [R0]
  250 00000074         ; 4. DIR para 0 se for entrada, 1 se for saída
  251 00000074 487F            LDR              R0, =GPIO_PORTN_AHB_DIR_R ;Carr
                                                            ega o R0 com o ende
                                                            reço do DIR para a 
                                                            porta N
  252 00000076 F04F 0102       MOV              R1, #2_00000010 ;PN1 para LED
  253 0000007A 6001            STR              R1, [R0]    ;Guarda no registra
                                                            dor
  254 0000007C         ; O certo era verificar os outros bits da PF para não tr
                       ansformar entradas em saídas desnecessárias
  255 0000007C 487E            LDR              R0, =GPIO_PORTJ_AHB_DIR_R ;Carr
                                                            ega o R0 com o ende
                                                            reço do DIR para a 
                                                            porta J
  256 0000007E F04F 0100       MOV              R1, #0x00   ;Colocar 0 no regis
                                                            trador DIR para fun
                                                            cionar com saída
  257 00000082 6001            STR              R1, [R0]    ;Guarda no registra
                                                            dor PCTL da porta J
                                                             da memória
  258 00000084 487D            LDR              R0, =GPIO_PORTA_AHB_DIR_R
  259 00000086 F04F 01F0       MOV              R1, #2_11110000
  260 0000008A 6001            STR              R1, [R0]
  261 0000008C 487C            LDR              R0, =GPIO_PORTB_AHB_DIR_R
  262 0000008E F04F 0130       MOV              R1, #2_110000
  263 00000092 6001            STR              R1, [R0]
  264 00000094 487B            LDR              R0, =GPIO_PORTP_DIR_R
  265 00000096 F04F 0120       MOV              R1, #2_00100000
  266 0000009A 6001            STR              R1, [R0]
  267 0000009C 487A            LDR              R0, =GPIO_PORTQ_DIR_R
  268 0000009E F04F 010F       MOV              R1, #2_00001111



ARM Macro Assembler    Page 12 


  269 000000A2 6001            STR              R1, [R0]
  270 000000A4         ; 5. Limpar os bits AFSEL para 0 para selecionar GPIO 
  271 000000A4         ;    Sem função alternativa
  272 000000A4 F04F 0100       MOV              R1, #0x00   ;Colocar o valor 0 
                                                            para não setar funç
                                                            ão alternativa
  273 000000A8 4878            LDR              R0, =GPIO_PORTN_AHB_AFSEL_R ;Ca
                                                            rrega o endereço do
                                                             AFSEL da porta N
  274 000000AA 6001            STR              R1, [R0]    ;Escreve na porta
  275 000000AC 4878            LDR              R0, =GPIO_PORTJ_AHB_AFSEL_R ;Ca
                                                            rrega o endereço do
                                                             AFSEL da porta J
  276 000000AE 6001            STR              R1, [R0]    ;Escreve na porta
  277 000000B0 4878            LDR              R0, =GPIO_PORTA_AHB_AFSEL_R
  278 000000B2 6001            STR              R1, [R0]
  279 000000B4 4878            LDR              R0, =GPIO_PORTB_AHB_AFSEL_R
  280 000000B6 6001            STR              R1, [R0]
  281 000000B8 4878            LDR              R0, =GPIO_PORTP_AFSEL_R
  282 000000BA 6001            STR              R1, [R0]
  283 000000BC 4878            LDR              R0, =GPIO_PORTQ_AFSEL_R
  284 000000BE 6001            STR              R1, [R0]
  285 000000C0         ; 6. Setar os bits de DEN para habilitar I/O digital
  286 000000C0 4878            LDR              R0, =GPIO_PORTN_AHB_DEN_R ;Carr
                                                            ega o endereço do D
                                                            EN
  287 000000C2 F04F 0102       MOV              R1, #2_000000010 ;Ativa os pino
                                                            s PN1 como I/O Digi
                                                            tal
  288 000000C6 6001            STR              R1, [R0]    ;Escreve no registr
                                                            ador da memória fun
                                                            cionalidade digital
                                                             
  289 000000C8         
  290 000000C8 4877            LDR              R0, =GPIO_PORTJ_AHB_DEN_R ;Carr
                                                            ega o endereço do D
                                                            EN
  291 000000CA F04F 0103       MOV              R1, #2_00000011 ;Ativa os pinos
                                                             PJ0  como I/O Digi
                                                            tal      
  292 000000CE 6001            STR              R1, [R0]    ;Escreve no registr
                                                            ador da memória fun
                                                            cionalidade digital
                                                            
  293 000000D0         
  294 000000D0 4876            LDR              R0, =GPIO_PORTA_AHB_DEN_R
  295 000000D2 F04F 01F0       MOV              R1, #2_11110000
  296 000000D6 6001            STR              R1, [R0]
  297 000000D8         
  298 000000D8 4875            LDR              R0, =GPIO_PORTB_AHB_DEN_R
  299 000000DA F04F 0130       MOV              R1, #2_110000
  300 000000DE 6001            STR              R1, [R0]
  301 000000E0         
  302 000000E0 4874            LDR              R0, =GPIO_PORTP_DEN_R
  303 000000E2 F04F 0120       MOV              R1, #2_00100000
  304 000000E6 6001            STR              R1, [R0]
  305 000000E8         
  306 000000E8 4873            LDR              R0, =GPIO_PORTQ_DEN_R
  307 000000EA F04F 010F       MOV              R1, #2_00001111



ARM Macro Assembler    Page 13 


  308 000000EE 6001            STR              R1, [R0]
  309 000000F0         
  310 000000F0         ; 7. Para habilitar resistor de pull-up interno, setar P
                       UR para 1
  311 000000F0 4872            LDR              R0, =GPIO_PORTJ_AHB_PUR_R ;Carr
                                                            ega o endereço do P
                                                            UR para a porta J
  312 000000F2 F04F 0103       MOV              R1, #2_00000011 ;Habilitar func
                                                            ionalidade digital 
                                                            de resistor de pull
                                                            -up 
  313 000000F6         ;nos bits 0 e 1
  314 000000F6 6001            STR              R1, [R0]
  315 000000F8         
  316 000000F8 4770            BX               LR
  317 000000FA         
  318 000000FA         
  319 000000FA         
  320 000000FA         ; ------------------------------------------------------
                       -------------------------
  321 000000FA         ; Função LightUp7SegLeft
  322 000000FA         ; Parâmetro de entrada: R0: numero de 1 a 8 para ser ace
                       so no display esquerdo
  323 000000FA         ; Parâmetro de saída: Não tem
  324 000000FA         LightUp7SegLeft
  325 000000FA         ; Enables left 7-segment Display
  326 000000FA F8DF 91C4       LDR              R9, =GPIO_PORTB_AHB_DATA_R
  327 000000FE F04F 0810       MOV              R8, #2_010000
  328 00000102 F8C9 8000       STR              R8, [R9]
  329 00000106 E006            B                LightUp7SegDisplay
  330 00000108         ; ------------------------------------------------------
                       -------------------------
  331 00000108         ; Função LightUp7SegRight
  332 00000108         ; Parâmetro de entrada: R0: numero de 1 a 8 para ser ace
                       so no display direito
  333 00000108         ; Parâmetro de saída: Não tem
  334 00000108         LightUp7SegRight
  335 00000108         ; Enables right 7-segment Display
  336 00000108 F8DF 91B4       LDR              R9, =GPIO_PORTB_AHB_DATA_R
  337 0000010C F04F 0820       MOV              R8, #2_100000
  338 00000110 F8C9 8000       STR              R8, [R9]
  339 00000114 E7FF            B                LightUp7SegDisplay
  340 00000116         
  341 00000116         ; ------------------------------------------------------
                       -------------------------
  342 00000116         ; Função LightUp7SegDisplay
  343 00000116         ; Parâmetro de entrada: R0: numero de 0 a 9 para ser ace
                       so em um dos displays
  344 00000116         ; Parâmetro de saída: Não tem
  345 00000116         LightUp7SegDisplay
  346 00000116         ; Disables LEDs
  347 00000116 F8DF 91AC       LDR              R9, =GPIO_PORTP_DATA_R
  348 0000011A F04F 0800       MOV              R8, #2_000000
  349 0000011E F8C9 8000       STR              R8, [R9]
  350 00000122         
  351 00000122 F04F 0700       LDR              R7, =2_00000000
  352 00000126 F04F 0600       LDR              R6, =2_00000000
  353 0000012A         
  354 0000012A 2800            CMP              R0, #0x0



ARM Macro Assembler    Page 14 


  355 0000012C BF02            ITTT             EQ
  356 0000012E 2730            LDREQ            R7, =2_00110000
  357 00000130 260F            LDREQ            R6, =2_00001111
  358 00000132 E02A            BEQ              let7SegShine
  359 00000134 2801            CMP              R0, #0x1
  360 00000136 BF04            ITT              EQ
  361 00000138 2606            LDREQ            R6, =2_00000110
  362 0000013A E026            BEQ              let7SegShine
  363 0000013C 2802            CMP              R0, #0x2
  364 0000013E BF02            ITTT             EQ
  365 00000140 2750            LDREQ            R7, =2_01010000
  366 00000142 260B            LDREQ            R6, =2_00001011
  367 00000144 E021            BEQ              let7SegShine
  368 00000146 2803            CMP              R0, #0x3
  369 00000148 BF02            ITTT             EQ
  370 0000014A 2740            LDREQ            R7, =2_01000000
  371 0000014C 260F            LDREQ            R6, =2_00001111
  372 0000014E E01C            BEQ              let7SegShine
  373 00000150 2804            CMP              R0, #0x4
  374 00000152 BF02            ITTT             EQ
  375 00000154 2760            LDREQ            R7, =2_01100000
  376 00000156 2606            LDREQ            R6, =2_00000110
  377 00000158 E017            BEQ              let7SegShine
  378 0000015A 2805            CMP              R0, #0x5
  379 0000015C BF02            ITTT             EQ
  380 0000015E 2760            LDREQ            R7, =2_01100000
  381 00000160 260D            LDREQ            R6, =2_00001101
  382 00000162 E012            BEQ              let7SegShine
  383 00000164 2806            CMP              R0, #0x6
  384 00000166 BF02            ITTT             EQ
  385 00000168 2770            LDREQ            R7, =2_01110000
  386 0000016A 260D            LDREQ            R6, =2_00001101
  387 0000016C E00D            BEQ              let7SegShine
  388 0000016E 2807            CMP              R0, #0x7
  389 00000170 BF04            ITT              EQ
  390 00000172 2607            LDREQ            R6, =2_00000111
  391 00000174 E009            BEQ              let7SegShine
  392 00000176 2808            CMP              R0, #0x8
  393 00000178 BF02            ITTT             EQ
  394 0000017A 2770            LDREQ            R7, =2_01110000
  395 0000017C 260F            LDREQ            R6, =2_00001111
  396 0000017E E004            BEQ              let7SegShine
  397 00000180 2809            CMP              R0, #0x9
  398 00000182 BF02            ITTT             EQ
  399 00000184 2760            LDREQ            R7, =2_01100000
  400 00000186 260F            LDREQ            R6, =2_00001111
  401 00000188 E7FF            BEQ              let7SegShine
  402 0000018A         
  403 0000018A         ; Lights up the 7 segments displays
  404 0000018A         let7SegShine
  405 0000018A F8DF 913C       LDR              R9, =GPIO_PORTA_AHB_DATA_R
  406 0000018E F8C9 7000       STR              R7, [R9]
  407 00000192 F8DF 8138       LDR              R8, =GPIO_PORTQ_DATA_R
  408 00000196 F8C8 6000       STR              R6, [R8]
  409 0000019A         
  410 0000019A 4770            BX               LR
  411 0000019C         
  412 0000019C         ; ------------------------------------------------------
                       -------------------------



ARM Macro Assembler    Page 15 


  413 0000019C         ; Função LightUpLEDs
  414 0000019C         ; Parâmetro de entrada: R0: numero de 1 a 8 para ser ace
                       so nos LEDs
  415 0000019C         ; Parâmetro de saída: Não tem
  416 0000019C         LightUpLEDs
  417 0000019C         ; Disables 7-segment Displays
  418 0000019C F8DF 9120       LDR              R9, =GPIO_PORTB_AHB_DATA_R
  419 000001A0 F04F 0800       MOV              R8, #2_000000
  420 000001A4 F8C9 8000       STR              R8, [R9]
  421 000001A8         ; Enables LEDs
  422 000001A8 F8DF 9118       LDR              R9, =GPIO_PORTP_DATA_R
  423 000001AC F04F 0820       MOV              R8, #2_100000
  424 000001B0 F8C9 8000       STR              R8, [R9]
  425 000001B4         
  426 000001B4 F04F 0600       LDR              R6, =2_00000000
  427 000001B8 F04F 0700       LDR              R7, =2_00000000
  428 000001BC         
  429 000001BC 2801            CMP              R0, #0x1
  430 000001BE BF04            ITT              EQ
  431 000001C0 2780            LDREQ            R7, =2_10000000
  432 000001C2 E01F            BEQ              letThemShine
  433 000001C4 2802            CMP              R0, #0x2
  434 000001C6 BF04            ITT              EQ
  435 000001C8 27C0            LDREQ            R7, =2_11000000
  436 000001CA E01B            BEQ              letThemShine
  437 000001CC 2803            CMP              R0, #0x3
  438 000001CE BF04            ITT              EQ
  439 000001D0 27E0            LDREQ            R7, =2_11100000
  440 000001D2 E017            BEQ              letThemShine
  441 000001D4 2804            CMP              R0, #0x4
  442 000001D6 BF04            ITT              EQ
  443 000001D8 27F0            LDREQ            R7, =2_11110000
  444 000001DA E013            BEQ              letThemShine
  445 000001DC 2805            CMP              R0, #0x5
  446 000001DE BF02            ITTT             EQ
  447 000001E0 27F0            LDREQ            R7, =2_11110000
  448 000001E2 2608            LDREQ            R6, =2_00001000
  449 000001E4 E00E            BEQ              letThemShine
  450 000001E6 2806            CMP              R0, #0x6
  451 000001E8 BF02            ITTT             EQ
  452 000001EA 27F0            LDREQ            R7, =2_11110000
  453 000001EC 260C            LDREQ            R6, =2_00001100
  454 000001EE E009            BEQ              letThemShine
  455 000001F0 2807            CMP              R0, #0x7
  456 000001F2 BF02            ITTT             EQ
  457 000001F4 27F0            LDREQ            R7, =2_11110000
  458 000001F6 260E            LDREQ            R6, =2_00001110
  459 000001F8 E004            BEQ              letThemShine
  460 000001FA 2808            CMP              R0, #0x8
  461 000001FC BF02            ITTT             EQ
  462 000001FE 27F0            LDREQ            R7, =2_11110000
  463 00000200 260F            LDREQ            R6, =2_00001111
  464 00000202 E7FF            BEQ              letThemShine
  465 00000204         
  466 00000204         ; Lights up the LEDs
  467 00000204         letThemShine
  468 00000204 F8DF 90C0       LDR              R9, =GPIO_PORTA_AHB_DATA_R
  469 00000208 F8C9 7000       STR              R7, [R9]
  470 0000020C F8DF 80BC       LDR              R8, =GPIO_PORTQ_DATA_R



ARM Macro Assembler    Page 16 


  471 00000210 F8C8 6000       STR              R6, [R8]
  472 00000214         
  473 00000214 4770            BX               LR
  474 00000216         ; ------------------------------------------------------
                       -------------------------
  475 00000216         ; Função GetPushBtnsState
  476 00000216         ; Parâmetro de entrada: Não tem
  477 00000216         ; Parâmetro de saída: R0 --> o valor da leitura
  478 00000216         GetPushBtnsState
  479 00000216 F8DF 90B8       LDR              R9, =GPIO_PORTJ_AHB_DATA_R
  480 0000021A F8D9 0000       LDR              R0, [R9]
  481 0000021E         
  482 0000021E 4770            BX               LR
  483 00000220         
  484 00000220         ; ------------------------------------------------------
                       -------------------------
  485 00000220         ; Função DisableAllLEDs
  486 00000220         ; Parâmetro de entrada: R0: numero de 1 a 8 para ser ace
                       so nos LEDs
  487 00000220         ; Parâmetro de saída: Não tem
  488 00000220         DisableAllLEDs
  489 00000220         ; Disables 7-segment Displays
  490 00000220 F8DF 909C       LDR              R9, =GPIO_PORTB_AHB_DATA_R
  491 00000224 F04F 0800       MOV              R8, #2_000000
  492 00000228 F8C9 8000       STR              R8, [R9]
  493 0000022C         ; Disables LEDs
  494 0000022C F8DF 9094       LDR              R9, =GPIO_PORTP_DATA_R
  495 00000230 F04F 0800       MOV              R8, #2_000000
  496 00000234 F8C9 8000       STR              R8, [R9]
  497 00000238         
  498 00000238 4770            BX               LR
  499 0000023A         
  500 0000023A 00 00           ALIGN                        ; garante que o fim
                                                             da seção está alin
                                                            hada 
  501 0000023C                 END                          ; fim do arquivo
              400FE608 
              400FEA08 
              40060528 
              40064528 
              40058528 
              40059528 
              40065528 
              40066528 
              4006052C 
              4006452C 
              4005852C 
              4005952C 
              4006552C 
              4006652C 
              40064400 
              40060400 
              40058400 
              40059400 
              40065400 
              40066400 
              40064420 
              40060420 
              40058420 



ARM Macro Assembler    Page 17 


              40059420 
              40065420 
              40066420 
              4006451C 
              4006051C 
              4005851C 
              4005951C 
              4006551C 
              4006651C 
              40060510 
              400593FC 
              400653FC 
              400583FC 
              400663FC 
              400603FC 
Command Line: --debug --xref --diag_suppress=9931 --cpu=Cortex-M4.fp.sp --depen
d=.\objects\gpio.d -o.\objects\gpio.o -I"C:\Users\Caio Andrade\AppData\Local\Ar
m\Packs\Keil\TM4C_DFP\1.1.0\Device\Include\TM4C129" --predefine="__EVAL SETA 1"
 --predefine="__UVISION_VERSION SETA 536" --predefine="TM4C1294NCPDT SETA 1" --
list=.\listings\gpio.lst gpio.s



ARM Macro Assembler    Page 1 Alphabetic symbol ordering
Relocatable symbols

.text 00000000

Symbol: .text
   Definitions
      At line 181 in file gpio.s
   Uses
      None
Comment: .text unused
DisableAllLEDs 00000220

Symbol: DisableAllLEDs
   Definitions
      At line 488 in file gpio.s
   Uses
      At line 189 in file gpio.s
Comment: DisableAllLEDs used once
EsperaGPIO 0000001E

Symbol: EsperaGPIO
   Definitions
      At line 211 in file gpio.s
   Uses
      At line 219 in file gpio.s
Comment: EsperaGPIO used once
GPIO_Init 00000000

Symbol: GPIO_Init
   Definitions
      At line 198 in file gpio.s
   Uses
      At line 184 in file gpio.s
Comment: GPIO_Init used once
GetPushBtnsState 00000216

Symbol: GetPushBtnsState
   Definitions
      At line 478 in file gpio.s
   Uses
      At line 188 in file gpio.s
Comment: GetPushBtnsState used once
LightUp7SegDisplay 00000116

Symbol: LightUp7SegDisplay
   Definitions
      At line 345 in file gpio.s
   Uses
      At line 329 in file gpio.s
      At line 339 in file gpio.s

LightUp7SegLeft 000000FA

Symbol: LightUp7SegLeft
   Definitions
      At line 324 in file gpio.s
   Uses
      At line 185 in file gpio.s
Comment: LightUp7SegLeft used once
LightUp7SegRight 00000108




ARM Macro Assembler    Page 2 Alphabetic symbol ordering
Relocatable symbols

Symbol: LightUp7SegRight
   Definitions
      At line 334 in file gpio.s
   Uses
      At line 186 in file gpio.s
Comment: LightUp7SegRight used once
LightUpLEDs 0000019C

Symbol: LightUpLEDs
   Definitions
      At line 416 in file gpio.s
   Uses
      At line 187 in file gpio.s
Comment: LightUpLEDs used once
let7SegShine 0000018A

Symbol: let7SegShine
   Definitions
      At line 404 in file gpio.s
   Uses
      At line 358 in file gpio.s
      At line 362 in file gpio.s
      At line 367 in file gpio.s
      At line 372 in file gpio.s
      At line 377 in file gpio.s
      At line 382 in file gpio.s
      At line 387 in file gpio.s
      At line 391 in file gpio.s
      At line 396 in file gpio.s
      At line 401 in file gpio.s

letThemShine 00000204

Symbol: letThemShine
   Definitions
      At line 467 in file gpio.s
   Uses
      At line 432 in file gpio.s
      At line 436 in file gpio.s
      At line 440 in file gpio.s
      At line 444 in file gpio.s
      At line 449 in file gpio.s
      At line 454 in file gpio.s
      At line 459 in file gpio.s
      At line 464 in file gpio.s

11 symbols



ARM Macro Assembler    Page 1 Alphabetic symbol ordering
Absolute symbols

GPIO_PORTA 00000001

Symbol: GPIO_PORTA
   Definitions
      At line 51 in file gpio.s
   Uses
      At line 204 in file gpio.s
      At line 214 in file gpio.s

GPIO_PORTA_AHB_ADCCTL_R 40058530

Symbol: GPIO_PORTA_AHB_ADCCTL_R
   Definitions
      At line 42 in file gpio.s
   Uses
      None
Comment: GPIO_PORTA_AHB_ADCCTL_R unused
GPIO_PORTA_AHB_AFSEL_R 40058420

Symbol: GPIO_PORTA_AHB_AFSEL_R
   Definitions
      At line 29 in file gpio.s
   Uses
      At line 277 in file gpio.s
Comment: GPIO_PORTA_AHB_AFSEL_R used once
GPIO_PORTA_AHB_AMSEL_R 40058528

Symbol: GPIO_PORTA_AHB_AMSEL_R
   Definitions
      At line 40 in file gpio.s
   Uses
      At line 227 in file gpio.s
Comment: GPIO_PORTA_AHB_AMSEL_R used once
GPIO_PORTA_AHB_CR_R 40058524

Symbol: GPIO_PORTA_AHB_CR_R
   Definitions
      At line 39 in file gpio.s
   Uses
      None
Comment: GPIO_PORTA_AHB_CR_R unused
GPIO_PORTA_AHB_DATA_BITS_R 40058000

Symbol: GPIO_PORTA_AHB_DATA_BITS_R
   Definitions
      At line 19 in file gpio.s
   Uses
      None
Comment: GPIO_PORTA_AHB_DATA_BITS_R unused
GPIO_PORTA_AHB_DATA_R 400583FC

Symbol: GPIO_PORTA_AHB_DATA_R
   Definitions
      At line 20 in file gpio.s
   Uses
      At line 405 in file gpio.s
      At line 468 in file gpio.s

GPIO_PORTA_AHB_DEN_R 4005851C



ARM Macro Assembler    Page 2 Alphabetic symbol ordering
Absolute symbols


Symbol: GPIO_PORTA_AHB_DEN_R
   Definitions
      At line 37 in file gpio.s
   Uses
      At line 294 in file gpio.s
Comment: GPIO_PORTA_AHB_DEN_R used once
GPIO_PORTA_AHB_DIR_R 40058400

Symbol: GPIO_PORTA_AHB_DIR_R
   Definitions
      At line 21 in file gpio.s
   Uses
      At line 258 in file gpio.s
Comment: GPIO_PORTA_AHB_DIR_R used once
GPIO_PORTA_AHB_DMACTL_R 40058534

Symbol: GPIO_PORTA_AHB_DMACTL_R
   Definitions
      At line 43 in file gpio.s
   Uses
      None
Comment: GPIO_PORTA_AHB_DMACTL_R unused
GPIO_PORTA_AHB_DR12R_R 4005853C

Symbol: GPIO_PORTA_AHB_DR12R_R
   Definitions
      At line 45 in file gpio.s
   Uses
      None
Comment: GPIO_PORTA_AHB_DR12R_R unused
GPIO_PORTA_AHB_DR2R_R 40058500

Symbol: GPIO_PORTA_AHB_DR2R_R
   Definitions
      At line 30 in file gpio.s
   Uses
      None
Comment: GPIO_PORTA_AHB_DR2R_R unused
GPIO_PORTA_AHB_DR4R_R 40058504

Symbol: GPIO_PORTA_AHB_DR4R_R
   Definitions
      At line 31 in file gpio.s
   Uses
      None
Comment: GPIO_PORTA_AHB_DR4R_R unused
GPIO_PORTA_AHB_DR8R_R 40058508

Symbol: GPIO_PORTA_AHB_DR8R_R
   Definitions
      At line 32 in file gpio.s
   Uses
      None
Comment: GPIO_PORTA_AHB_DR8R_R unused
GPIO_PORTA_AHB_IBE_R 40058408

Symbol: GPIO_PORTA_AHB_IBE_R
   Definitions



ARM Macro Assembler    Page 3 Alphabetic symbol ordering
Absolute symbols

      At line 23 in file gpio.s
   Uses
      None
Comment: GPIO_PORTA_AHB_IBE_R unused
GPIO_PORTA_AHB_ICR_R 4005841C

Symbol: GPIO_PORTA_AHB_ICR_R
   Definitions
      At line 28 in file gpio.s
   Uses
      None
Comment: GPIO_PORTA_AHB_ICR_R unused
GPIO_PORTA_AHB_IEV_R 4005840C

Symbol: GPIO_PORTA_AHB_IEV_R
   Definitions
      At line 24 in file gpio.s
   Uses
      None
Comment: GPIO_PORTA_AHB_IEV_R unused
GPIO_PORTA_AHB_IM_R 40058410

Symbol: GPIO_PORTA_AHB_IM_R
   Definitions
      At line 25 in file gpio.s
   Uses
      None
Comment: GPIO_PORTA_AHB_IM_R unused
GPIO_PORTA_AHB_IS_R 40058404

Symbol: GPIO_PORTA_AHB_IS_R
   Definitions
      At line 22 in file gpio.s
   Uses
      None
Comment: GPIO_PORTA_AHB_IS_R unused
GPIO_PORTA_AHB_LOCK_R 40058520

Symbol: GPIO_PORTA_AHB_LOCK_R
   Definitions
      At line 38 in file gpio.s
   Uses
      None
Comment: GPIO_PORTA_AHB_LOCK_R unused
GPIO_PORTA_AHB_MIS_R 40058418

Symbol: GPIO_PORTA_AHB_MIS_R
   Definitions
      At line 27 in file gpio.s
   Uses
      None
Comment: GPIO_PORTA_AHB_MIS_R unused
GPIO_PORTA_AHB_ODR_R 4005850C

Symbol: GPIO_PORTA_AHB_ODR_R
   Definitions
      At line 33 in file gpio.s
   Uses
      None



ARM Macro Assembler    Page 4 Alphabetic symbol ordering
Absolute symbols

Comment: GPIO_PORTA_AHB_ODR_R unused
GPIO_PORTA_AHB_PCTL_R 4005852C

Symbol: GPIO_PORTA_AHB_PCTL_R
   Definitions
      At line 41 in file gpio.s
   Uses
      At line 242 in file gpio.s
Comment: GPIO_PORTA_AHB_PCTL_R used once
GPIO_PORTA_AHB_PC_R 40058FC4

Symbol: GPIO_PORTA_AHB_PC_R
   Definitions
      At line 50 in file gpio.s
   Uses
      None
Comment: GPIO_PORTA_AHB_PC_R unused
GPIO_PORTA_AHB_PDR_R 40058514

Symbol: GPIO_PORTA_AHB_PDR_R
   Definitions
      At line 35 in file gpio.s
   Uses
      None
Comment: GPIO_PORTA_AHB_PDR_R unused
GPIO_PORTA_AHB_PP_R 40058FC0

Symbol: GPIO_PORTA_AHB_PP_R
   Definitions
      At line 49 in file gpio.s
   Uses
      None
Comment: GPIO_PORTA_AHB_PP_R unused
GPIO_PORTA_AHB_PUR_R 40058510

Symbol: GPIO_PORTA_AHB_PUR_R
   Definitions
      At line 34 in file gpio.s
   Uses
      None
Comment: GPIO_PORTA_AHB_PUR_R unused
GPIO_PORTA_AHB_RIS_R 40058414

Symbol: GPIO_PORTA_AHB_RIS_R
   Definitions
      At line 26 in file gpio.s
   Uses
      None
Comment: GPIO_PORTA_AHB_RIS_R unused
GPIO_PORTA_AHB_SI_R 40058538

Symbol: GPIO_PORTA_AHB_SI_R
   Definitions
      At line 44 in file gpio.s
   Uses
      None
Comment: GPIO_PORTA_AHB_SI_R unused
GPIO_PORTA_AHB_SLR_R 40058518




ARM Macro Assembler    Page 5 Alphabetic symbol ordering
Absolute symbols

Symbol: GPIO_PORTA_AHB_SLR_R
   Definitions
      At line 36 in file gpio.s
   Uses
      None
Comment: GPIO_PORTA_AHB_SLR_R unused
GPIO_PORTA_AHB_WAKELVL_R 40058544

Symbol: GPIO_PORTA_AHB_WAKELVL_R
   Definitions
      At line 47 in file gpio.s
   Uses
      None
Comment: GPIO_PORTA_AHB_WAKELVL_R unused
GPIO_PORTA_AHB_WAKEPEN_R 40058540

Symbol: GPIO_PORTA_AHB_WAKEPEN_R
   Definitions
      At line 46 in file gpio.s
   Uses
      None
Comment: GPIO_PORTA_AHB_WAKEPEN_R unused
GPIO_PORTA_AHB_WAKESTAT_R 40058548

Symbol: GPIO_PORTA_AHB_WAKESTAT_R
   Definitions
      At line 48 in file gpio.s
   Uses
      None
Comment: GPIO_PORTA_AHB_WAKESTAT_R unused
GPIO_PORTB 00000002

Symbol: GPIO_PORTB
   Definitions
      At line 85 in file gpio.s
   Uses
      At line 205 in file gpio.s
      At line 215 in file gpio.s

GPIO_PORTB_AHB_ADCCTL_R 40059530

Symbol: GPIO_PORTB_AHB_ADCCTL_R
   Definitions
      At line 76 in file gpio.s
   Uses
      None
Comment: GPIO_PORTB_AHB_ADCCTL_R unused
GPIO_PORTB_AHB_AFSEL_R 40059420

Symbol: GPIO_PORTB_AHB_AFSEL_R
   Definitions
      At line 63 in file gpio.s
   Uses
      At line 279 in file gpio.s
Comment: GPIO_PORTB_AHB_AFSEL_R used once
GPIO_PORTB_AHB_AMSEL_R 40059528

Symbol: GPIO_PORTB_AHB_AMSEL_R
   Definitions



ARM Macro Assembler    Page 6 Alphabetic symbol ordering
Absolute symbols

      At line 74 in file gpio.s
   Uses
      At line 229 in file gpio.s
Comment: GPIO_PORTB_AHB_AMSEL_R used once
GPIO_PORTB_AHB_CR_R 40059524

Symbol: GPIO_PORTB_AHB_CR_R
   Definitions
      At line 73 in file gpio.s
   Uses
      None
Comment: GPIO_PORTB_AHB_CR_R unused
GPIO_PORTB_AHB_DATA_BITS_R 40059000

Symbol: GPIO_PORTB_AHB_DATA_BITS_R
   Definitions
      At line 53 in file gpio.s
   Uses
      None
Comment: GPIO_PORTB_AHB_DATA_BITS_R unused
GPIO_PORTB_AHB_DATA_R 400593FC

Symbol: GPIO_PORTB_AHB_DATA_R
   Definitions
      At line 54 in file gpio.s
   Uses
      At line 326 in file gpio.s
      At line 336 in file gpio.s
      At line 418 in file gpio.s
      At line 490 in file gpio.s

GPIO_PORTB_AHB_DEN_R 4005951C

Symbol: GPIO_PORTB_AHB_DEN_R
   Definitions
      At line 71 in file gpio.s
   Uses
      At line 298 in file gpio.s
Comment: GPIO_PORTB_AHB_DEN_R used once
GPIO_PORTB_AHB_DIR_R 40059400

Symbol: GPIO_PORTB_AHB_DIR_R
   Definitions
      At line 55 in file gpio.s
   Uses
      At line 261 in file gpio.s
Comment: GPIO_PORTB_AHB_DIR_R used once
GPIO_PORTB_AHB_DMACTL_R 40059534

Symbol: GPIO_PORTB_AHB_DMACTL_R
   Definitions
      At line 77 in file gpio.s
   Uses
      None
Comment: GPIO_PORTB_AHB_DMACTL_R unused
GPIO_PORTB_AHB_DR12R_R 4005953C

Symbol: GPIO_PORTB_AHB_DR12R_R
   Definitions



ARM Macro Assembler    Page 7 Alphabetic symbol ordering
Absolute symbols

      At line 79 in file gpio.s
   Uses
      None
Comment: GPIO_PORTB_AHB_DR12R_R unused
GPIO_PORTB_AHB_DR2R_R 40059500

Symbol: GPIO_PORTB_AHB_DR2R_R
   Definitions
      At line 64 in file gpio.s
   Uses
      None
Comment: GPIO_PORTB_AHB_DR2R_R unused
GPIO_PORTB_AHB_DR4R_R 40059504

Symbol: GPIO_PORTB_AHB_DR4R_R
   Definitions
      At line 65 in file gpio.s
   Uses
      None
Comment: GPIO_PORTB_AHB_DR4R_R unused
GPIO_PORTB_AHB_DR8R_R 40059508

Symbol: GPIO_PORTB_AHB_DR8R_R
   Definitions
      At line 66 in file gpio.s
   Uses
      None
Comment: GPIO_PORTB_AHB_DR8R_R unused
GPIO_PORTB_AHB_IBE_R 40059408

Symbol: GPIO_PORTB_AHB_IBE_R
   Definitions
      At line 57 in file gpio.s
   Uses
      None
Comment: GPIO_PORTB_AHB_IBE_R unused
GPIO_PORTB_AHB_ICR_R 4005941C

Symbol: GPIO_PORTB_AHB_ICR_R
   Definitions
      At line 62 in file gpio.s
   Uses
      None
Comment: GPIO_PORTB_AHB_ICR_R unused
GPIO_PORTB_AHB_IEV_R 4005940C

Symbol: GPIO_PORTB_AHB_IEV_R
   Definitions
      At line 58 in file gpio.s
   Uses
      None
Comment: GPIO_PORTB_AHB_IEV_R unused
GPIO_PORTB_AHB_IM_R 40059410

Symbol: GPIO_PORTB_AHB_IM_R
   Definitions
      At line 59 in file gpio.s
   Uses
      None



ARM Macro Assembler    Page 8 Alphabetic symbol ordering
Absolute symbols

Comment: GPIO_PORTB_AHB_IM_R unused
GPIO_PORTB_AHB_IS_R 40059404

Symbol: GPIO_PORTB_AHB_IS_R
   Definitions
      At line 56 in file gpio.s
   Uses
      None
Comment: GPIO_PORTB_AHB_IS_R unused
GPIO_PORTB_AHB_LOCK_R 40059520

Symbol: GPIO_PORTB_AHB_LOCK_R
   Definitions
      At line 72 in file gpio.s
   Uses
      None
Comment: GPIO_PORTB_AHB_LOCK_R unused
GPIO_PORTB_AHB_MIS_R 40059418

Symbol: GPIO_PORTB_AHB_MIS_R
   Definitions
      At line 61 in file gpio.s
   Uses
      None
Comment: GPIO_PORTB_AHB_MIS_R unused
GPIO_PORTB_AHB_ODR_R 4005950C

Symbol: GPIO_PORTB_AHB_ODR_R
   Definitions
      At line 67 in file gpio.s
   Uses
      None
Comment: GPIO_PORTB_AHB_ODR_R unused
GPIO_PORTB_AHB_PCTL_R 4005952C

Symbol: GPIO_PORTB_AHB_PCTL_R
   Definitions
      At line 75 in file gpio.s
   Uses
      At line 244 in file gpio.s
Comment: GPIO_PORTB_AHB_PCTL_R used once
GPIO_PORTB_AHB_PC_R 40059FC4

Symbol: GPIO_PORTB_AHB_PC_R
   Definitions
      At line 84 in file gpio.s
   Uses
      None
Comment: GPIO_PORTB_AHB_PC_R unused
GPIO_PORTB_AHB_PDR_R 40059514

Symbol: GPIO_PORTB_AHB_PDR_R
   Definitions
      At line 69 in file gpio.s
   Uses
      None
Comment: GPIO_PORTB_AHB_PDR_R unused
GPIO_PORTB_AHB_PP_R 40059FC0




ARM Macro Assembler    Page 9 Alphabetic symbol ordering
Absolute symbols

Symbol: GPIO_PORTB_AHB_PP_R
   Definitions
      At line 83 in file gpio.s
   Uses
      None
Comment: GPIO_PORTB_AHB_PP_R unused
GPIO_PORTB_AHB_PUR_R 40059510

Symbol: GPIO_PORTB_AHB_PUR_R
   Definitions
      At line 68 in file gpio.s
   Uses
      None
Comment: GPIO_PORTB_AHB_PUR_R unused
GPIO_PORTB_AHB_RIS_R 40059414

Symbol: GPIO_PORTB_AHB_RIS_R
   Definitions
      At line 60 in file gpio.s
   Uses
      None
Comment: GPIO_PORTB_AHB_RIS_R unused
GPIO_PORTB_AHB_SI_R 40059538

Symbol: GPIO_PORTB_AHB_SI_R
   Definitions
      At line 78 in file gpio.s
   Uses
      None
Comment: GPIO_PORTB_AHB_SI_R unused
GPIO_PORTB_AHB_SLR_R 40059518

Symbol: GPIO_PORTB_AHB_SLR_R
   Definitions
      At line 70 in file gpio.s
   Uses
      None
Comment: GPIO_PORTB_AHB_SLR_R unused
GPIO_PORTB_AHB_WAKELVL_R 40059544

Symbol: GPIO_PORTB_AHB_WAKELVL_R
   Definitions
      At line 81 in file gpio.s
   Uses
      None
Comment: GPIO_PORTB_AHB_WAKELVL_R unused
GPIO_PORTB_AHB_WAKEPEN_R 40059540

Symbol: GPIO_PORTB_AHB_WAKEPEN_R
   Definitions
      At line 80 in file gpio.s
   Uses
      None
Comment: GPIO_PORTB_AHB_WAKEPEN_R unused
GPIO_PORTB_AHB_WAKESTAT_R 40059548

Symbol: GPIO_PORTB_AHB_WAKESTAT_R
   Definitions
      At line 82 in file gpio.s



ARM Macro Assembler    Page 10 Alphabetic symbol ordering
Absolute symbols

   Uses
      None
Comment: GPIO_PORTB_AHB_WAKESTAT_R unused
GPIO_PORTJ 00000100

Symbol: GPIO_PORTJ
   Definitions
      At line 96 in file gpio.s
   Uses
      At line 203 in file gpio.s
      At line 213 in file gpio.s

GPIO_PORTJ_AHB_AFSEL_R 40060420

Symbol: GPIO_PORTJ_AHB_AFSEL_R
   Definitions
      At line 92 in file gpio.s
   Uses
      At line 275 in file gpio.s
Comment: GPIO_PORTJ_AHB_AFSEL_R used once
GPIO_PORTJ_AHB_AMSEL_R 40060528

Symbol: GPIO_PORTJ_AHB_AMSEL_R
   Definitions
      At line 89 in file gpio.s
   Uses
      At line 223 in file gpio.s
Comment: GPIO_PORTJ_AHB_AMSEL_R used once
GPIO_PORTJ_AHB_CR_R 40060524

Symbol: GPIO_PORTJ_AHB_CR_R
   Definitions
      At line 88 in file gpio.s
   Uses
      None
Comment: GPIO_PORTJ_AHB_CR_R unused
GPIO_PORTJ_AHB_DATA_R 400603FC

Symbol: GPIO_PORTJ_AHB_DATA_R
   Definitions
      At line 95 in file gpio.s
   Uses
      At line 479 in file gpio.s
Comment: GPIO_PORTJ_AHB_DATA_R used once
GPIO_PORTJ_AHB_DEN_R 4006051C

Symbol: GPIO_PORTJ_AHB_DEN_R
   Definitions
      At line 93 in file gpio.s
   Uses
      At line 290 in file gpio.s
Comment: GPIO_PORTJ_AHB_DEN_R used once
GPIO_PORTJ_AHB_DIR_R 40060400

Symbol: GPIO_PORTJ_AHB_DIR_R
   Definitions
      At line 91 in file gpio.s
   Uses
      At line 255 in file gpio.s



ARM Macro Assembler    Page 11 Alphabetic symbol ordering
Absolute symbols

Comment: GPIO_PORTJ_AHB_DIR_R used once
GPIO_PORTJ_AHB_LOCK_R 40060520

Symbol: GPIO_PORTJ_AHB_LOCK_R
   Definitions
      At line 87 in file gpio.s
   Uses
      None
Comment: GPIO_PORTJ_AHB_LOCK_R unused
GPIO_PORTJ_AHB_PCTL_R 4006052C

Symbol: GPIO_PORTJ_AHB_PCTL_R
   Definitions
      At line 90 in file gpio.s
   Uses
      At line 238 in file gpio.s
Comment: GPIO_PORTJ_AHB_PCTL_R used once
GPIO_PORTJ_AHB_PUR_R 40060510

Symbol: GPIO_PORTJ_AHB_PUR_R
   Definitions
      At line 94 in file gpio.s
   Uses
      At line 311 in file gpio.s
Comment: GPIO_PORTJ_AHB_PUR_R used once
GPIO_PORTN 00001000

Symbol: GPIO_PORTN
   Definitions
      At line 107 in file gpio.s
   Uses
      At line 202 in file gpio.s
      At line 212 in file gpio.s

GPIO_PORTN_AHB_AFSEL_R 40064420

Symbol: GPIO_PORTN_AHB_AFSEL_R
   Definitions
      At line 103 in file gpio.s
   Uses
      At line 273 in file gpio.s
Comment: GPIO_PORTN_AHB_AFSEL_R used once
GPIO_PORTN_AHB_AMSEL_R 40064528

Symbol: GPIO_PORTN_AHB_AMSEL_R
   Definitions
      At line 100 in file gpio.s
   Uses
      At line 225 in file gpio.s
Comment: GPIO_PORTN_AHB_AMSEL_R used once
GPIO_PORTN_AHB_CR_R 40064524

Symbol: GPIO_PORTN_AHB_CR_R
   Definitions
      At line 99 in file gpio.s
   Uses
      None
Comment: GPIO_PORTN_AHB_CR_R unused
GPIO_PORTN_AHB_DATA_R 400643FC



ARM Macro Assembler    Page 12 Alphabetic symbol ordering
Absolute symbols


Symbol: GPIO_PORTN_AHB_DATA_R
   Definitions
      At line 106 in file gpio.s
   Uses
      None
Comment: GPIO_PORTN_AHB_DATA_R unused
GPIO_PORTN_AHB_DEN_R 4006451C

Symbol: GPIO_PORTN_AHB_DEN_R
   Definitions
      At line 104 in file gpio.s
   Uses
      At line 286 in file gpio.s
Comment: GPIO_PORTN_AHB_DEN_R used once
GPIO_PORTN_AHB_DIR_R 40064400

Symbol: GPIO_PORTN_AHB_DIR_R
   Definitions
      At line 102 in file gpio.s
   Uses
      At line 251 in file gpio.s
Comment: GPIO_PORTN_AHB_DIR_R used once
GPIO_PORTN_AHB_LOCK_R 40064520

Symbol: GPIO_PORTN_AHB_LOCK_R
   Definitions
      At line 98 in file gpio.s
   Uses
      None
Comment: GPIO_PORTN_AHB_LOCK_R unused
GPIO_PORTN_AHB_PCTL_R 4006452C

Symbol: GPIO_PORTN_AHB_PCTL_R
   Definitions
      At line 101 in file gpio.s
   Uses
      At line 240 in file gpio.s
Comment: GPIO_PORTN_AHB_PCTL_R used once
GPIO_PORTN_AHB_PUR_R 40064510

Symbol: GPIO_PORTN_AHB_PUR_R
   Definitions
      At line 105 in file gpio.s
   Uses
      None
Comment: GPIO_PORTN_AHB_PUR_R unused
GPIO_PORTP 00002000

Symbol: GPIO_PORTP
   Definitions
      At line 141 in file gpio.s
   Uses
      At line 206 in file gpio.s
      At line 216 in file gpio.s

GPIO_PORTP_ADCCTL_R 40065530

Symbol: GPIO_PORTP_ADCCTL_R



ARM Macro Assembler    Page 13 Alphabetic symbol ordering
Absolute symbols

   Definitions
      At line 132 in file gpio.s
   Uses
      None
Comment: GPIO_PORTP_ADCCTL_R unused
GPIO_PORTP_AFSEL_R 40065420

Symbol: GPIO_PORTP_AFSEL_R
   Definitions
      At line 119 in file gpio.s
   Uses
      At line 281 in file gpio.s
Comment: GPIO_PORTP_AFSEL_R used once
GPIO_PORTP_AMSEL_R 40065528

Symbol: GPIO_PORTP_AMSEL_R
   Definitions
      At line 130 in file gpio.s
   Uses
      At line 231 in file gpio.s
Comment: GPIO_PORTP_AMSEL_R used once
GPIO_PORTP_CR_R 40065524

Symbol: GPIO_PORTP_CR_R
   Definitions
      At line 129 in file gpio.s
   Uses
      None
Comment: GPIO_PORTP_CR_R unused
GPIO_PORTP_DATA_BITS_R 40065000

Symbol: GPIO_PORTP_DATA_BITS_R
   Definitions
      At line 109 in file gpio.s
   Uses
      None
Comment: GPIO_PORTP_DATA_BITS_R unused
GPIO_PORTP_DATA_R 400653FC

Symbol: GPIO_PORTP_DATA_R
   Definitions
      At line 110 in file gpio.s
   Uses
      At line 347 in file gpio.s
      At line 422 in file gpio.s
      At line 494 in file gpio.s

GPIO_PORTP_DEN_R 4006551C

Symbol: GPIO_PORTP_DEN_R
   Definitions
      At line 127 in file gpio.s
   Uses
      At line 302 in file gpio.s
Comment: GPIO_PORTP_DEN_R used once
GPIO_PORTP_DIR_R 40065400

Symbol: GPIO_PORTP_DIR_R
   Definitions



ARM Macro Assembler    Page 14 Alphabetic symbol ordering
Absolute symbols

      At line 111 in file gpio.s
   Uses
      At line 264 in file gpio.s
Comment: GPIO_PORTP_DIR_R used once
GPIO_PORTP_DMACTL_R 40065534

Symbol: GPIO_PORTP_DMACTL_R
   Definitions
      At line 133 in file gpio.s
   Uses
      None
Comment: GPIO_PORTP_DMACTL_R unused
GPIO_PORTP_DR12R_R 4006553C

Symbol: GPIO_PORTP_DR12R_R
   Definitions
      At line 135 in file gpio.s
   Uses
      None
Comment: GPIO_PORTP_DR12R_R unused
GPIO_PORTP_DR2R_R 40065500

Symbol: GPIO_PORTP_DR2R_R
   Definitions
      At line 120 in file gpio.s
   Uses
      None
Comment: GPIO_PORTP_DR2R_R unused
GPIO_PORTP_DR4R_R 40065504

Symbol: GPIO_PORTP_DR4R_R
   Definitions
      At line 121 in file gpio.s
   Uses
      None
Comment: GPIO_PORTP_DR4R_R unused
GPIO_PORTP_DR8R_R 40065508

Symbol: GPIO_PORTP_DR8R_R
   Definitions
      At line 122 in file gpio.s
   Uses
      None
Comment: GPIO_PORTP_DR8R_R unused
GPIO_PORTP_IBE_R 40065408

Symbol: GPIO_PORTP_IBE_R
   Definitions
      At line 113 in file gpio.s
   Uses
      None
Comment: GPIO_PORTP_IBE_R unused
GPIO_PORTP_ICR_R 4006541C

Symbol: GPIO_PORTP_ICR_R
   Definitions
      At line 118 in file gpio.s
   Uses
      None



ARM Macro Assembler    Page 15 Alphabetic symbol ordering
Absolute symbols

Comment: GPIO_PORTP_ICR_R unused
GPIO_PORTP_IEV_R 4006540C

Symbol: GPIO_PORTP_IEV_R
   Definitions
      At line 114 in file gpio.s
   Uses
      None
Comment: GPIO_PORTP_IEV_R unused
GPIO_PORTP_IM_R 40065410

Symbol: GPIO_PORTP_IM_R
   Definitions
      At line 115 in file gpio.s
   Uses
      None
Comment: GPIO_PORTP_IM_R unused
GPIO_PORTP_IS_R 40065404

Symbol: GPIO_PORTP_IS_R
   Definitions
      At line 112 in file gpio.s
   Uses
      None
Comment: GPIO_PORTP_IS_R unused
GPIO_PORTP_LOCK_R 40065520

Symbol: GPIO_PORTP_LOCK_R
   Definitions
      At line 128 in file gpio.s
   Uses
      None
Comment: GPIO_PORTP_LOCK_R unused
GPIO_PORTP_MIS_R 40065418

Symbol: GPIO_PORTP_MIS_R
   Definitions
      At line 117 in file gpio.s
   Uses
      None
Comment: GPIO_PORTP_MIS_R unused
GPIO_PORTP_ODR_R 4006550C

Symbol: GPIO_PORTP_ODR_R
   Definitions
      At line 123 in file gpio.s
   Uses
      None
Comment: GPIO_PORTP_ODR_R unused
GPIO_PORTP_PCTL_R 4006552C

Symbol: GPIO_PORTP_PCTL_R
   Definitions
      At line 131 in file gpio.s
   Uses
      At line 246 in file gpio.s
Comment: GPIO_PORTP_PCTL_R used once
GPIO_PORTP_PC_R 40065FC4




ARM Macro Assembler    Page 16 Alphabetic symbol ordering
Absolute symbols

Symbol: GPIO_PORTP_PC_R
   Definitions
      At line 140 in file gpio.s
   Uses
      None
Comment: GPIO_PORTP_PC_R unused
GPIO_PORTP_PDR_R 40065514

Symbol: GPIO_PORTP_PDR_R
   Definitions
      At line 125 in file gpio.s
   Uses
      None
Comment: GPIO_PORTP_PDR_R unused
GPIO_PORTP_PP_R 40065FC0

Symbol: GPIO_PORTP_PP_R
   Definitions
      At line 139 in file gpio.s
   Uses
      None
Comment: GPIO_PORTP_PP_R unused
GPIO_PORTP_PUR_R 40065510

Symbol: GPIO_PORTP_PUR_R
   Definitions
      At line 124 in file gpio.s
   Uses
      None
Comment: GPIO_PORTP_PUR_R unused
GPIO_PORTP_RIS_R 40065414

Symbol: GPIO_PORTP_RIS_R
   Definitions
      At line 116 in file gpio.s
   Uses
      None
Comment: GPIO_PORTP_RIS_R unused
GPIO_PORTP_SI_R 40065538

Symbol: GPIO_PORTP_SI_R
   Definitions
      At line 134 in file gpio.s
   Uses
      None
Comment: GPIO_PORTP_SI_R unused
GPIO_PORTP_SLR_R 40065518

Symbol: GPIO_PORTP_SLR_R
   Definitions
      At line 126 in file gpio.s
   Uses
      None
Comment: GPIO_PORTP_SLR_R unused
GPIO_PORTP_WAKELVL_R 40065544

Symbol: GPIO_PORTP_WAKELVL_R
   Definitions
      At line 137 in file gpio.s



ARM Macro Assembler    Page 17 Alphabetic symbol ordering
Absolute symbols

   Uses
      None
Comment: GPIO_PORTP_WAKELVL_R unused
GPIO_PORTP_WAKEPEN_R 40065540

Symbol: GPIO_PORTP_WAKEPEN_R
   Definitions
      At line 136 in file gpio.s
   Uses
      None
Comment: GPIO_PORTP_WAKEPEN_R unused
GPIO_PORTP_WAKESTAT_R 40065548

Symbol: GPIO_PORTP_WAKESTAT_R
   Definitions
      At line 138 in file gpio.s
   Uses
      None
Comment: GPIO_PORTP_WAKESTAT_R unused
GPIO_PORTQ 00004000

Symbol: GPIO_PORTQ
   Definitions
      At line 175 in file gpio.s
   Uses
      At line 207 in file gpio.s
      At line 217 in file gpio.s

GPIO_PORTQ_ADCCTL_R 40066530

Symbol: GPIO_PORTQ_ADCCTL_R
   Definitions
      At line 166 in file gpio.s
   Uses
      None
Comment: GPIO_PORTQ_ADCCTL_R unused
GPIO_PORTQ_AFSEL_R 40066420

Symbol: GPIO_PORTQ_AFSEL_R
   Definitions
      At line 153 in file gpio.s
   Uses
      At line 283 in file gpio.s
Comment: GPIO_PORTQ_AFSEL_R used once
GPIO_PORTQ_AMSEL_R 40066528

Symbol: GPIO_PORTQ_AMSEL_R
   Definitions
      At line 164 in file gpio.s
   Uses
      At line 233 in file gpio.s
Comment: GPIO_PORTQ_AMSEL_R used once
GPIO_PORTQ_CR_R 40066524

Symbol: GPIO_PORTQ_CR_R
   Definitions
      At line 163 in file gpio.s
   Uses
      None



ARM Macro Assembler    Page 18 Alphabetic symbol ordering
Absolute symbols

Comment: GPIO_PORTQ_CR_R unused
GPIO_PORTQ_DATA_BITS_R 40066000

Symbol: GPIO_PORTQ_DATA_BITS_R
   Definitions
      At line 143 in file gpio.s
   Uses
      None
Comment: GPIO_PORTQ_DATA_BITS_R unused
GPIO_PORTQ_DATA_R 400663FC

Symbol: GPIO_PORTQ_DATA_R
   Definitions
      At line 144 in file gpio.s
   Uses
      At line 407 in file gpio.s
      At line 470 in file gpio.s

GPIO_PORTQ_DEN_R 4006651C

Symbol: GPIO_PORTQ_DEN_R
   Definitions
      At line 161 in file gpio.s
   Uses
      At line 306 in file gpio.s
Comment: GPIO_PORTQ_DEN_R used once
GPIO_PORTQ_DIR_R 40066400

Symbol: GPIO_PORTQ_DIR_R
   Definitions
      At line 145 in file gpio.s
   Uses
      At line 267 in file gpio.s
Comment: GPIO_PORTQ_DIR_R used once
GPIO_PORTQ_DMACTL_R 40066534

Symbol: GPIO_PORTQ_DMACTL_R
   Definitions
      At line 167 in file gpio.s
   Uses
      None
Comment: GPIO_PORTQ_DMACTL_R unused
GPIO_PORTQ_DR12R_R 4006653C

Symbol: GPIO_PORTQ_DR12R_R
   Definitions
      At line 169 in file gpio.s
   Uses
      None
Comment: GPIO_PORTQ_DR12R_R unused
GPIO_PORTQ_DR2R_R 40066500

Symbol: GPIO_PORTQ_DR2R_R
   Definitions
      At line 154 in file gpio.s
   Uses
      None
Comment: GPIO_PORTQ_DR2R_R unused
GPIO_PORTQ_DR4R_R 40066504



ARM Macro Assembler    Page 19 Alphabetic symbol ordering
Absolute symbols


Symbol: GPIO_PORTQ_DR4R_R
   Definitions
      At line 155 in file gpio.s
   Uses
      None
Comment: GPIO_PORTQ_DR4R_R unused
GPIO_PORTQ_DR8R_R 40066508

Symbol: GPIO_PORTQ_DR8R_R
   Definitions
      At line 156 in file gpio.s
   Uses
      None
Comment: GPIO_PORTQ_DR8R_R unused
GPIO_PORTQ_IBE_R 40066408

Symbol: GPIO_PORTQ_IBE_R
   Definitions
      At line 147 in file gpio.s
   Uses
      None
Comment: GPIO_PORTQ_IBE_R unused
GPIO_PORTQ_ICR_R 4006641C

Symbol: GPIO_PORTQ_ICR_R
   Definitions
      At line 152 in file gpio.s
   Uses
      None
Comment: GPIO_PORTQ_ICR_R unused
GPIO_PORTQ_IEV_R 4006640C

Symbol: GPIO_PORTQ_IEV_R
   Definitions
      At line 148 in file gpio.s
   Uses
      None
Comment: GPIO_PORTQ_IEV_R unused
GPIO_PORTQ_IM_R 40066410

Symbol: GPIO_PORTQ_IM_R
   Definitions
      At line 149 in file gpio.s
   Uses
      None
Comment: GPIO_PORTQ_IM_R unused
GPIO_PORTQ_IS_R 40066404

Symbol: GPIO_PORTQ_IS_R
   Definitions
      At line 146 in file gpio.s
   Uses
      None
Comment: GPIO_PORTQ_IS_R unused
GPIO_PORTQ_LOCK_R 40066520

Symbol: GPIO_PORTQ_LOCK_R
   Definitions



ARM Macro Assembler    Page 20 Alphabetic symbol ordering
Absolute symbols

      At line 162 in file gpio.s
   Uses
      None
Comment: GPIO_PORTQ_LOCK_R unused
GPIO_PORTQ_MIS_R 40066418

Symbol: GPIO_PORTQ_MIS_R
   Definitions
      At line 151 in file gpio.s
   Uses
      None
Comment: GPIO_PORTQ_MIS_R unused
GPIO_PORTQ_ODR_R 4006650C

Symbol: GPIO_PORTQ_ODR_R
   Definitions
      At line 157 in file gpio.s
   Uses
      None
Comment: GPIO_PORTQ_ODR_R unused
GPIO_PORTQ_PCTL_R 4006652C

Symbol: GPIO_PORTQ_PCTL_R
   Definitions
      At line 165 in file gpio.s
   Uses
      At line 248 in file gpio.s
Comment: GPIO_PORTQ_PCTL_R used once
GPIO_PORTQ_PC_R 40066FC4

Symbol: GPIO_PORTQ_PC_R
   Definitions
      At line 174 in file gpio.s
   Uses
      None
Comment: GPIO_PORTQ_PC_R unused
GPIO_PORTQ_PDR_R 40066514

Symbol: GPIO_PORTQ_PDR_R
   Definitions
      At line 159 in file gpio.s
   Uses
      None
Comment: GPIO_PORTQ_PDR_R unused
GPIO_PORTQ_PP_R 40066FC0

Symbol: GPIO_PORTQ_PP_R
   Definitions
      At line 173 in file gpio.s
   Uses
      None
Comment: GPIO_PORTQ_PP_R unused
GPIO_PORTQ_PUR_R 40066510

Symbol: GPIO_PORTQ_PUR_R
   Definitions
      At line 158 in file gpio.s
   Uses
      None



ARM Macro Assembler    Page 21 Alphabetic symbol ordering
Absolute symbols

Comment: GPIO_PORTQ_PUR_R unused
GPIO_PORTQ_RIS_R 40066414

Symbol: GPIO_PORTQ_RIS_R
   Definitions
      At line 150 in file gpio.s
   Uses
      None
Comment: GPIO_PORTQ_RIS_R unused
GPIO_PORTQ_SI_R 40066538

Symbol: GPIO_PORTQ_SI_R
   Definitions
      At line 168 in file gpio.s
   Uses
      None
Comment: GPIO_PORTQ_SI_R unused
GPIO_PORTQ_SLR_R 40066518

Symbol: GPIO_PORTQ_SLR_R
   Definitions
      At line 160 in file gpio.s
   Uses
      None
Comment: GPIO_PORTQ_SLR_R unused
GPIO_PORTQ_WAKELVL_R 40066544

Symbol: GPIO_PORTQ_WAKELVL_R
   Definitions
      At line 171 in file gpio.s
   Uses
      None
Comment: GPIO_PORTQ_WAKELVL_R unused
GPIO_PORTQ_WAKEPEN_R 40066540

Symbol: GPIO_PORTQ_WAKEPEN_R
   Definitions
      At line 170 in file gpio.s
   Uses
      None
Comment: GPIO_PORTQ_WAKEPEN_R unused
GPIO_PORTQ_WAKESTAT_R 40066548

Symbol: GPIO_PORTQ_WAKESTAT_R
   Definitions
      At line 172 in file gpio.s
   Uses
      None
Comment: GPIO_PORTQ_WAKESTAT_R unused
SYSCTL_PRGPIO_R 400FEA08

Symbol: SYSCTL_PRGPIO_R
   Definitions
      At line 15 in file gpio.s
   Uses
      At line 210 in file gpio.s
Comment: SYSCTL_PRGPIO_R used once
SYSCTL_RCGCGPIO_R 400FE608




ARM Macro Assembler    Page 22 Alphabetic symbol ordering
Absolute symbols

Symbol: SYSCTL_RCGCGPIO_R
   Definitions
      At line 14 in file gpio.s
   Uses
      At line 201 in file gpio.s
Comment: SYSCTL_RCGCGPIO_R used once
154 symbols



ARM Macro Assembler    Page 1 Alphabetic symbol ordering
External symbols

SysTick_Wait1ms 00000000

Symbol: SysTick_Wait1ms
   Definitions
      At line 191 in file gpio.s
   Uses
      None
Comment: SysTick_Wait1ms unused
SysTick_Wait1us 00000000

Symbol: SysTick_Wait1us
   Definitions
      At line 192 in file gpio.s
   Uses
      None
Comment: SysTick_Wait1us unused
2 symbols
503 symbols in table
