


ARM Macro Assembler    Page 1 


    1 00000000         ; gpio.s
    2 00000000         ; Desenvolvido para a placa EK-TM4C1294XL
    3 00000000         ; Prof. Guilherme Peron
    4 00000000         ; Ver 1 19/03/2018
    5 00000000         ; Ver 2 26/08/2018
    6 00000000         
    7 00000000         ; ------------------------------------------------------
                       -------------------------
    8 00000000                 THUMB                        ; Instruções do tip
                                                            o Thumb-2
    9 00000000         ; ------------------------------------------------------
                       -------------------------
   10 00000000         ; Declarações EQU - Defines
   11 00000000         ; ========================
   12 00000000         ; NVIC defines
   13 00000000 E000E104 
                       NVIC_EN1_R
                               EQU              0xE000E104
   14 00000000 E000E430 
                       NVIC_PRI12_R
                               EQU              0xE000E430
   15 00000000         ; ========================
   16 00000000         ; Definições dos Registradores Gerais
   17 00000000 400FE608 
                       SYSCTL_RCGCGPIO_R
                               EQU              0x400FE608
   18 00000000 400FEA08 
                       SYSCTL_PRGPIO_R
                               EQU              0x400FEA08
   19 00000000         ; ========================
   20 00000000         ; Definições dos Ports
   21 00000000         ; PORT A
   22 00000000 40058000 
                       GPIO_PORTA_AHB_DATA_BITS_R
                               EQU              0x40058000
   23 00000000 400583FC 
                       GPIO_PORTA_AHB_DATA_R
                               EQU              0x400583FC
   24 00000000 40058400 
                       GPIO_PORTA_AHB_DIR_R
                               EQU              0x40058400
   25 00000000 40058404 
                       GPIO_PORTA_AHB_IS_R
                               EQU              0x40058404
   26 00000000 40058408 
                       GPIO_PORTA_AHB_IBE_R
                               EQU              0x40058408
   27 00000000 4005840C 
                       GPIO_PORTA_AHB_IEV_R
                               EQU              0x4005840C
   28 00000000 40058410 
                       GPIO_PORTA_AHB_IM_R
                               EQU              0x40058410
   29 00000000 40058414 
                       GPIO_PORTA_AHB_RIS_R
                               EQU              0x40058414
   30 00000000 40058418 
                       GPIO_PORTA_AHB_MIS_R
                               EQU              0x40058418



ARM Macro Assembler    Page 2 


   31 00000000 4005841C 
                       GPIO_PORTA_AHB_ICR_R
                               EQU              0x4005841C
   32 00000000 40058420 
                       GPIO_PORTA_AHB_AFSEL_R
                               EQU              0x40058420
   33 00000000 40058500 
                       GPIO_PORTA_AHB_DR2R_R
                               EQU              0x40058500
   34 00000000 40058504 
                       GPIO_PORTA_AHB_DR4R_R
                               EQU              0x40058504
   35 00000000 40058508 
                       GPIO_PORTA_AHB_DR8R_R
                               EQU              0x40058508
   36 00000000 4005850C 
                       GPIO_PORTA_AHB_ODR_R
                               EQU              0x4005850C
   37 00000000 40058510 
                       GPIO_PORTA_AHB_PUR_R
                               EQU              0x40058510
   38 00000000 40058514 
                       GPIO_PORTA_AHB_PDR_R
                               EQU              0x40058514
   39 00000000 40058518 
                       GPIO_PORTA_AHB_SLR_R
                               EQU              0x40058518
   40 00000000 4005851C 
                       GPIO_PORTA_AHB_DEN_R
                               EQU              0x4005851C
   41 00000000 40058520 
                       GPIO_PORTA_AHB_LOCK_R
                               EQU              0x40058520
   42 00000000 40058524 
                       GPIO_PORTA_AHB_CR_R
                               EQU              0x40058524
   43 00000000 40058528 
                       GPIO_PORTA_AHB_AMSEL_R
                               EQU              0x40058528
   44 00000000 4005852C 
                       GPIO_PORTA_AHB_PCTL_R
                               EQU              0x4005852C
   45 00000000 40058530 
                       GPIO_PORTA_AHB_ADCCTL_R
                               EQU              0x40058530
   46 00000000 40058534 
                       GPIO_PORTA_AHB_DMACTL_R
                               EQU              0x40058534
   47 00000000 40058538 
                       GPIO_PORTA_AHB_SI_R
                               EQU              0x40058538
   48 00000000 4005853C 
                       GPIO_PORTA_AHB_DR12R_R
                               EQU              0x4005853C
   49 00000000 40058540 
                       GPIO_PORTA_AHB_WAKEPEN_R
                               EQU              0x40058540
   50 00000000 40058544 
                       GPIO_PORTA_AHB_WAKELVL_R



ARM Macro Assembler    Page 3 


                               EQU              0x40058544
   51 00000000 40058548 
                       GPIO_PORTA_AHB_WAKESTAT_R
                               EQU              0x40058548
   52 00000000 40058FC0 
                       GPIO_PORTA_AHB_PP_R
                               EQU              0x40058FC0
   53 00000000 40058FC4 
                       GPIO_PORTA_AHB_PC_R
                               EQU              0x40058FC4
   54 00000000 00000001 
                       GPIO_PORTA
                               EQU              2_000000000000001
   55 00000000         ; PORT B
   56 00000000 40059000 
                       GPIO_PORTB_AHB_DATA_BITS_R
                               EQU              0x40059000
   57 00000000 400593FC 
                       GPIO_PORTB_AHB_DATA_R
                               EQU              0x400593FC
   58 00000000 40059400 
                       GPIO_PORTB_AHB_DIR_R
                               EQU              0x40059400
   59 00000000 40059404 
                       GPIO_PORTB_AHB_IS_R
                               EQU              0x40059404
   60 00000000 40059408 
                       GPIO_PORTB_AHB_IBE_R
                               EQU              0x40059408
   61 00000000 4005940C 
                       GPIO_PORTB_AHB_IEV_R
                               EQU              0x4005940C
   62 00000000 40059410 
                       GPIO_PORTB_AHB_IM_R
                               EQU              0x40059410
   63 00000000 40059414 
                       GPIO_PORTB_AHB_RIS_R
                               EQU              0x40059414
   64 00000000 40059418 
                       GPIO_PORTB_AHB_MIS_R
                               EQU              0x40059418
   65 00000000 4005941C 
                       GPIO_PORTB_AHB_ICR_R
                               EQU              0x4005941C
   66 00000000 40059420 
                       GPIO_PORTB_AHB_AFSEL_R
                               EQU              0x40059420
   67 00000000 40059500 
                       GPIO_PORTB_AHB_DR2R_R
                               EQU              0x40059500
   68 00000000 40059504 
                       GPIO_PORTB_AHB_DR4R_R
                               EQU              0x40059504
   69 00000000 40059508 
                       GPIO_PORTB_AHB_DR8R_R
                               EQU              0x40059508
   70 00000000 4005950C 
                       GPIO_PORTB_AHB_ODR_R
                               EQU              0x4005950C



ARM Macro Assembler    Page 4 


   71 00000000 40059510 
                       GPIO_PORTB_AHB_PUR_R
                               EQU              0x40059510
   72 00000000 40059514 
                       GPIO_PORTB_AHB_PDR_R
                               EQU              0x40059514
   73 00000000 40059518 
                       GPIO_PORTB_AHB_SLR_R
                               EQU              0x40059518
   74 00000000 4005951C 
                       GPIO_PORTB_AHB_DEN_R
                               EQU              0x4005951C
   75 00000000 40059520 
                       GPIO_PORTB_AHB_LOCK_R
                               EQU              0x40059520
   76 00000000 40059524 
                       GPIO_PORTB_AHB_CR_R
                               EQU              0x40059524
   77 00000000 40059528 
                       GPIO_PORTB_AHB_AMSEL_R
                               EQU              0x40059528
   78 00000000 4005952C 
                       GPIO_PORTB_AHB_PCTL_R
                               EQU              0x4005952C
   79 00000000 40059530 
                       GPIO_PORTB_AHB_ADCCTL_R
                               EQU              0x40059530
   80 00000000 40059534 
                       GPIO_PORTB_AHB_DMACTL_R
                               EQU              0x40059534
   81 00000000 40059538 
                       GPIO_PORTB_AHB_SI_R
                               EQU              0x40059538
   82 00000000 4005953C 
                       GPIO_PORTB_AHB_DR12R_R
                               EQU              0x4005953C
   83 00000000 40059540 
                       GPIO_PORTB_AHB_WAKEPEN_R
                               EQU              0x40059540
   84 00000000 40059544 
                       GPIO_PORTB_AHB_WAKELVL_R
                               EQU              0x40059544
   85 00000000 40059548 
                       GPIO_PORTB_AHB_WAKESTAT_R
                               EQU              0x40059548
   86 00000000 40059FC0 
                       GPIO_PORTB_AHB_PP_R
                               EQU              0x40059FC0
   87 00000000 40059FC4 
                       GPIO_PORTB_AHB_PC_R
                               EQU              0x40059FC4
   88 00000000 00000002 
                       GPIO_PORTB
                               EQU              2_000000000000010
   89 00000000         ; PORT J
   90 00000000 40060520 
                       GPIO_PORTJ_AHB_LOCK_R
                               EQU              0x40060520
   91 00000000 40060524 



ARM Macro Assembler    Page 5 


                       GPIO_PORTJ_AHB_CR_R
                               EQU              0x40060524
   92 00000000 40060528 
                       GPIO_PORTJ_AHB_AMSEL_R
                               EQU              0x40060528
   93 00000000 4006052C 
                       GPIO_PORTJ_AHB_PCTL_R
                               EQU              0x4006052C
   94 00000000 40060400 
                       GPIO_PORTJ_AHB_DIR_R
                               EQU              0x40060400
   95 00000000 40060420 
                       GPIO_PORTJ_AHB_AFSEL_R
                               EQU              0x40060420
   96 00000000 4006051C 
                       GPIO_PORTJ_AHB_DEN_R
                               EQU              0x4006051C
   97 00000000 40060510 
                       GPIO_PORTJ_AHB_PUR_R
                               EQU              0x40060510
   98 00000000 400603FC 
                       GPIO_PORTJ_AHB_DATA_R
                               EQU              0x400603FC
   99 00000000 40060410 
                       GPIO_PORTJ_AHB_IM_R
                               EQU              0x40060410
  100 00000000 40060404 
                       GPIO_PORTJ_AHB_IS_R
                               EQU              0x40060404
  101 00000000 40060408 
                       GPIO_PORTJ_AHB_IBE_R
                               EQU              0x40060408
  102 00000000 4006040C 
                       GPIO_PORTJ_AHB_IEV_R
                               EQU              0x4006040C
  103 00000000 4006041C 
                       GPIO_PORTJ_AHB_ICR_R
                               EQU              0x4006041C
  104 00000000 40060414 
                       GPIO_PORTJ_AHB_RIS_R
                               EQU              0x40060414
  105 00000000 00000100 
                       GPIO_PORTJ
                               EQU              2_000000100000000
  106 00000000         ; PORT N
  107 00000000 40064520 
                       GPIO_PORTN_AHB_LOCK_R
                               EQU              0x40064520
  108 00000000 40064524 
                       GPIO_PORTN_AHB_CR_R
                               EQU              0x40064524
  109 00000000 40064528 
                       GPIO_PORTN_AHB_AMSEL_R
                               EQU              0x40064528
  110 00000000 4006452C 
                       GPIO_PORTN_AHB_PCTL_R
                               EQU              0x4006452C
  111 00000000 40064400 
                       GPIO_PORTN_AHB_DIR_R



ARM Macro Assembler    Page 6 


                               EQU              0x40064400
  112 00000000 40064420 
                       GPIO_PORTN_AHB_AFSEL_R
                               EQU              0x40064420
  113 00000000 4006451C 
                       GPIO_PORTN_AHB_DEN_R
                               EQU              0x4006451C
  114 00000000 40064510 
                       GPIO_PORTN_AHB_PUR_R
                               EQU              0x40064510
  115 00000000 400643FC 
                       GPIO_PORTN_AHB_DATA_R
                               EQU              0x400643FC
  116 00000000 00001000 
                       GPIO_PORTN
                               EQU              2_001000000000000
  117 00000000         ; PORT P
  118 00000000 40065000 
                       GPIO_PORTP_DATA_BITS_R
                               EQU              0x40065000
  119 00000000 400653FC 
                       GPIO_PORTP_DATA_R
                               EQU              0x400653FC
  120 00000000 40065400 
                       GPIO_PORTP_DIR_R
                               EQU              0x40065400
  121 00000000 40065404 
                       GPIO_PORTP_IS_R
                               EQU              0x40065404
  122 00000000 40065408 
                       GPIO_PORTP_IBE_R
                               EQU              0x40065408
  123 00000000 4006540C 
                       GPIO_PORTP_IEV_R
                               EQU              0x4006540C
  124 00000000 40065410 
                       GPIO_PORTP_IM_R
                               EQU              0x40065410
  125 00000000 40065414 
                       GPIO_PORTP_RIS_R
                               EQU              0x40065414
  126 00000000 40065418 
                       GPIO_PORTP_MIS_R
                               EQU              0x40065418
  127 00000000 4006541C 
                       GPIO_PORTP_ICR_R
                               EQU              0x4006541C
  128 00000000 40065420 
                       GPIO_PORTP_AFSEL_R
                               EQU              0x40065420
  129 00000000 40065500 
                       GPIO_PORTP_DR2R_R
                               EQU              0x40065500
  130 00000000 40065504 
                       GPIO_PORTP_DR4R_R
                               EQU              0x40065504
  131 00000000 40065508 
                       GPIO_PORTP_DR8R_R
                               EQU              0x40065508



ARM Macro Assembler    Page 7 


  132 00000000 4006550C 
                       GPIO_PORTP_ODR_R
                               EQU              0x4006550C
  133 00000000 40065510 
                       GPIO_PORTP_PUR_R
                               EQU              0x40065510
  134 00000000 40065514 
                       GPIO_PORTP_PDR_R
                               EQU              0x40065514
  135 00000000 40065518 
                       GPIO_PORTP_SLR_R
                               EQU              0x40065518
  136 00000000 4006551C 
                       GPIO_PORTP_DEN_R
                               EQU              0x4006551C
  137 00000000 40065520 
                       GPIO_PORTP_LOCK_R
                               EQU              0x40065520
  138 00000000 40065524 
                       GPIO_PORTP_CR_R
                               EQU              0x40065524
  139 00000000 40065528 
                       GPIO_PORTP_AMSEL_R
                               EQU              0x40065528
  140 00000000 4006552C 
                       GPIO_PORTP_PCTL_R
                               EQU              0x4006552C
  141 00000000 40065530 
                       GPIO_PORTP_ADCCTL_R
                               EQU              0x40065530
  142 00000000 40065534 
                       GPIO_PORTP_DMACTL_R
                               EQU              0x40065534
  143 00000000 40065538 
                       GPIO_PORTP_SI_R
                               EQU              0x40065538
  144 00000000 4006553C 
                       GPIO_PORTP_DR12R_R
                               EQU              0x4006553C
  145 00000000 40065540 
                       GPIO_PORTP_WAKEPEN_R
                               EQU              0x40065540
  146 00000000 40065544 
                       GPIO_PORTP_WAKELVL_R
                               EQU              0x40065544
  147 00000000 40065548 
                       GPIO_PORTP_WAKESTAT_R
                               EQU              0x40065548
  148 00000000 40065FC0 
                       GPIO_PORTP_PP_R
                               EQU              0x40065FC0
  149 00000000 40065FC4 
                       GPIO_PORTP_PC_R
                               EQU              0x40065FC4
  150 00000000 00002000 
                       GPIO_PORTP
                               EQU              2_010000000000000
  151 00000000         ; PORT Q
  152 00000000 40066000 



ARM Macro Assembler    Page 8 


                       GPIO_PORTQ_DATA_BITS_R
                               EQU              0x40066000
  153 00000000 400663FC 
                       GPIO_PORTQ_DATA_R
                               EQU              0x400663FC
  154 00000000 40066400 
                       GPIO_PORTQ_DIR_R
                               EQU              0x40066400
  155 00000000 40066404 
                       GPIO_PORTQ_IS_R
                               EQU              0x40066404
  156 00000000 40066408 
                       GPIO_PORTQ_IBE_R
                               EQU              0x40066408
  157 00000000 4006640C 
                       GPIO_PORTQ_IEV_R
                               EQU              0x4006640C
  158 00000000 40066410 
                       GPIO_PORTQ_IM_R
                               EQU              0x40066410
  159 00000000 40066414 
                       GPIO_PORTQ_RIS_R
                               EQU              0x40066414
  160 00000000 40066418 
                       GPIO_PORTQ_MIS_R
                               EQU              0x40066418
  161 00000000 4006641C 
                       GPIO_PORTQ_ICR_R
                               EQU              0x4006641C
  162 00000000 40066420 
                       GPIO_PORTQ_AFSEL_R
                               EQU              0x40066420
  163 00000000 40066500 
                       GPIO_PORTQ_DR2R_R
                               EQU              0x40066500
  164 00000000 40066504 
                       GPIO_PORTQ_DR4R_R
                               EQU              0x40066504
  165 00000000 40066508 
                       GPIO_PORTQ_DR8R_R
                               EQU              0x40066508
  166 00000000 4006650C 
                       GPIO_PORTQ_ODR_R
                               EQU              0x4006650C
  167 00000000 40066510 
                       GPIO_PORTQ_PUR_R
                               EQU              0x40066510
  168 00000000 40066514 
                       GPIO_PORTQ_PDR_R
                               EQU              0x40066514
  169 00000000 40066518 
                       GPIO_PORTQ_SLR_R
                               EQU              0x40066518
  170 00000000 4006651C 
                       GPIO_PORTQ_DEN_R
                               EQU              0x4006651C
  171 00000000 40066520 
                       GPIO_PORTQ_LOCK_R
                               EQU              0x40066520



ARM Macro Assembler    Page 9 


  172 00000000 40066524 
                       GPIO_PORTQ_CR_R
                               EQU              0x40066524
  173 00000000 40066528 
                       GPIO_PORTQ_AMSEL_R
                               EQU              0x40066528
  174 00000000 4006652C 
                       GPIO_PORTQ_PCTL_R
                               EQU              0x4006652C
  175 00000000 40066530 
                       GPIO_PORTQ_ADCCTL_R
                               EQU              0x40066530
  176 00000000 40066534 
                       GPIO_PORTQ_DMACTL_R
                               EQU              0x40066534
  177 00000000 40066538 
                       GPIO_PORTQ_SI_R
                               EQU              0x40066538
  178 00000000 4006653C 
                       GPIO_PORTQ_DR12R_R
                               EQU              0x4006653C
  179 00000000 40066540 
                       GPIO_PORTQ_WAKEPEN_R
                               EQU              0x40066540
  180 00000000 40066544 
                       GPIO_PORTQ_WAKELVL_R
                               EQU              0x40066544
  181 00000000 40066548 
                       GPIO_PORTQ_WAKESTAT_R
                               EQU              0x40066548
  182 00000000 40066FC0 
                       GPIO_PORTQ_PP_R
                               EQU              0x40066FC0
  183 00000000 40066FC4 
                       GPIO_PORTQ_PC_R
                               EQU              0x40066FC4
  184 00000000 00004000 
                       GPIO_PORTQ
                               EQU              2_100000000000000
  185 00000000         
  186 00000000         
  187 00000000         ; ------------------------------------------------------
                       -------------------------
  188 00000000         ; Área de Código - Tudo abaixo da diretiva a seguir será
                        armazenado na memória de 
  189 00000000         ;                  código
  190 00000000                 AREA             |.text|, CODE, READONLY, ALIGN=
2
  191 00000000         
  192 00000000         ; Se alguma função do arquivo for chamada em outro arqui
                       vo 
  193 00000000                 EXPORT           GPIO_Init   ; Permite chamar GP
                                                            IO_Init de outro ar
                                                            quivo
  194 00000000                 EXPORT           LightUpLEDs ; Permite chamar Li
                                                            ghtUpLEDs de outro 
                                                            arquivo
  195 00000000                 EXPORT           GetPushBtnsState ; Permite cham
                                                            ar GetPushBtnsState



ARM Macro Assembler    Page 10 


                                                             de outro arquivo
  196 00000000                 EXPORT           DisableAllLEDs
  197 00000000                 EXPORT           printArrayInLcd
  198 00000000                 EXPORT           readKeyboard
  199 00000000                 EXPORT           blinkLEDs
  200 00000000         
  201 00000000                 IMPORT           SysTick_Wait1ms
  202 00000000         
  203 00000000         ;-------------------------------------------------------
                       -------------------------
  204 00000000         ; Função GPIO_Init
  205 00000000         ; Parâmetro de entrada: Não tem
  206 00000000         ; Parâmetro de saída: Não tem
  207 00000000         GPIO_Init
  208 00000000         ;=====================
  209 00000000         
  210 00000000 486D            LDR              R0, =SYSCTL_RCGCGPIO_R ;Carrega
                                                             o endereço do regi
                                                            strador RCGCGPIO
  211 00000002 F44F 5180       MOV              R1, #GPIO_PORTN ;Seta o bit da 
                                                            porta N
  212 00000006 F441 7180       ORR              R1, #GPIO_PORTJ ;Seta o bit da 
                                                            porta J, fazendo co
                                                            m OR
  213 0000000A F041 0101       ORR              R1, #GPIO_PORTA
  214 0000000E F441 5100       ORR              R1, #GPIO_PORTP
  215 00000012 F441 4180       ORR              R1, #GPIO_PORTQ
  216 00000016 6001            STR              R1, [R0]    ;Move para a memóri
                                                            a os bits das porta
                                                            s no endereço do RC
                                                            GCGPIO
  217 00000018         
  218 00000018 4868            LDR              R0, =SYSCTL_PRGPIO_R ;Carrega o
                                                             endereço do PRGPIO
                                                             para esperar os GP
                                                            IO ficarem prontos
  219 0000001A 6801    EsperaGPIO
                               LDR              R1, [R0]    ;Lê da memória o co
                                                            nteúdo do endereço 
                                                            do registrador
  220 0000001C F44F 5280       MOV              R2, #GPIO_PORTN ;Seta os bits c
                                                            orrespondentes às p
                                                            ortas para fazer a 
                                                            comparação
  221 00000020 F442 7280       ORR              R2, #GPIO_PORTJ ;Seta o bit da 
                                                            porta J, fazendo co
                                                            m OR
  222 00000024 F042 0201       ORR              R2, #GPIO_PORTA
  223 00000028 F441 5100       ORR              R1, #GPIO_PORTP
  224 0000002C F442 4280       ORR              R2, #GPIO_PORTQ
  225 00000030 4211            TST              R1, R2      ;ANDS de R1 com R2
  226 00000032 D0F2            BEQ              EsperaGPIO  ;Se o flag Z=1, vol
                                                            ta para o laço. Sen
                                                            ão continua executa
                                                            ndo
  227 00000034         
  228 00000034         ; 2. Limpar o AMSEL para desabilitar a analógica
  229 00000034 F04F 0100       MOV              R1, #0x00   ;Colocar 0 no regis
                                                            trador para desabil



ARM Macro Assembler    Page 11 


                                                            itar a função analó
                                                            gica
  230 00000038 4861            LDR              R0, =GPIO_PORTJ_AHB_AMSEL_R ;Ca
                                                            rrega o R0 com o en
                                                            dereço do AMSEL par
                                                            a a porta J
  231 0000003A 6001            STR              R1, [R0]    ;Guarda no registra
                                                            dor AMSEL da porta 
                                                            J da memória
  232 0000003C 4861            LDR              R0, =GPIO_PORTN_AHB_AMSEL_R ;Ca
                                                            rrega o R0 com o en
                                                            dereço do AMSEL par
                                                            a a porta N
  233 0000003E 6001            STR              R1, [R0]    ;Guarda no registra
                                                            dor AMSEL da porta 
                                                            N da memória
  234 00000040 4861            LDR              R0, =GPIO_PORTA_AHB_AMSEL_R
  235 00000042 6001            STR              R1, [R0]
  236 00000044 4861            LDR              R0, =GPIO_PORTP_AMSEL_R
  237 00000046 6001            STR              R1, [R0]
  238 00000048 4861            LDR              R0, =GPIO_PORTQ_AMSEL_R
  239 0000004A 6001            STR              R1, [R0]
  240 0000004C         
  241 0000004C         ; 3. Limpar PCTL para selecionar o GPIO
  242 0000004C F04F 0100       MOV              R1, #0x00   ;Colocar 0 no regis
                                                            trador para selecio
                                                            nar o modo GPIO
  243 00000050 4860            LDR              R0, =GPIO_PORTJ_AHB_PCTL_R ;Car
                                                            rega o R0 com o end
                                                            ereço do PCTL para 
                                                            a porta J
  244 00000052 6001            STR              R1, [R0]    ;Guarda no registra
                                                            dor PCTL da porta J
                                                             da memória
  245 00000054 4860            LDR              R0, =GPIO_PORTN_AHB_PCTL_R ;Car
                                                            rega o R0 com o end
                                                            ereço do PCTL para 
                                                            a porta N
  246 00000056 6001            STR              R1, [R0]    ;Guarda no registra
                                                            dor PCTL da porta N
                                                             da memória
  247 00000058 4860            LDR              R0, =GPIO_PORTA_AHB_PCTL_R
  248 0000005A 6001            STR              R1, [R0]
  249 0000005C 4860            LDR              R0, =GPIO_PORTP_PCTL_R
  250 0000005E 6001            STR              R1, [R0]
  251 00000060 4860            LDR              R0, =GPIO_PORTQ_PCTL_R
  252 00000062 6001            STR              R1, [R0]
  253 00000064         ; 4. DIR para 0 se for entrada, 1 se for saída
  254 00000064 4860            LDR              R0, =GPIO_PORTN_AHB_DIR_R ;Carr
                                                            ega o R0 com o ende
                                                            reço do DIR para a 
                                                            porta N
  255 00000066 F04F 0102       MOV              R1, #2_00000010 ;PN1 para LED
  256 0000006A 6001            STR              R1, [R0]    ;Guarda no registra
                                                            dor
  257 0000006C         ; O certo era verificar os outros bits da PF para não tr
                       ansformar entradas em saídas desnecessárias
  258 0000006C 485F            LDR              R0, =GPIO_PORTJ_AHB_DIR_R ;Carr
                                                            ega o R0 com o ende



ARM Macro Assembler    Page 12 


                                                            reço do DIR para a 
                                                            porta J
  259 0000006E F04F 0100       MOV              R1, #0x00   ;Colocar 0 no regis
                                                            trador DIR para fun
                                                            cionar com saída
  260 00000072 6001            STR              R1, [R0]    ;Guarda no registra
                                                            dor PCTL da porta J
                                                             da memória
  261 00000074 485E            LDR              R0, =GPIO_PORTA_AHB_DIR_R
  262 00000076 F04F 01F0       MOV              R1, #2_11110000
  263 0000007A 6001            STR              R1, [R0]
  264 0000007C 485D            LDR              R0, =GPIO_PORTP_DIR_R
  265 0000007E F04F 0120       MOV              R1, #2_00100000
  266 00000082 6001            STR              R1, [R0]
  267 00000084 485C            LDR              R0, =GPIO_PORTQ_DIR_R
  268 00000086 F04F 010F       MOV              R1, #2_00001111
  269 0000008A 6001            STR              R1, [R0]
  270 0000008C         ; 5. Limpar os bits AFSEL para 0 para selecionar GPIO 
  271 0000008C         ;    Sem função alternativa
  272 0000008C F04F 0100       MOV              R1, #0x00   ;Colocar o valor 0 
                                                            para não setar funç
                                                            ão alternativa
  273 00000090 485A            LDR              R0, =GPIO_PORTN_AHB_AFSEL_R ;Ca
                                                            rrega o endereço do
                                                             AFSEL da porta N
  274 00000092 6001            STR              R1, [R0]    ;Escreve na porta
  275 00000094 485A            LDR              R0, =GPIO_PORTJ_AHB_AFSEL_R ;Ca
                                                            rrega o endereço do
                                                             AFSEL da porta J
  276 00000096 6001            STR              R1, [R0]    ;Escreve na porta
  277 00000098 485A            LDR              R0, =GPIO_PORTA_AHB_AFSEL_R
  278 0000009A 6001            STR              R1, [R0]
  279 0000009C 485A            LDR              R0, =GPIO_PORTP_AFSEL_R
  280 0000009E 6001            STR              R1, [R0]
  281 000000A0 485A            LDR              R0, =GPIO_PORTQ_AFSEL_R
  282 000000A2 6001            STR              R1, [R0]
  283 000000A4         ; 6. Setar os bits de DEN para habilitar I/O digital
  284 000000A4 485A            LDR              R0, =GPIO_PORTN_AHB_DEN_R ;Carr
                                                            ega o endereço do D
                                                            EN
  285 000000A6 F04F 0102       MOV              R1, #2_000000010 ;Ativa os pino
                                                            s PN1 como I/O Digi
                                                            tal
  286 000000AA 6001            STR              R1, [R0]    ;Escreve no registr
                                                            ador da memória fun
                                                            cionalidade digital
                                                             
  287 000000AC         
  288 000000AC 4859            LDR              R0, =GPIO_PORTJ_AHB_DEN_R ;Carr
                                                            ega o endereço do D
                                                            EN
  289 000000AE F04F 0103       MOV              R1, #2_00000011 ;Ativa os pinos
                                                             PJ0  como I/O Digi
                                                            tal      
  290 000000B2 6001            STR              R1, [R0]    ;Escreve no registr
                                                            ador da memória fun
                                                            cionalidade digital
                                                            
  291 000000B4         



ARM Macro Assembler    Page 13 


  292 000000B4 4858            LDR              R0, =GPIO_PORTA_AHB_DEN_R
  293 000000B6 F04F 01F0       MOV              R1, #2_11110000
  294 000000BA 6001            STR              R1, [R0]
  295 000000BC         
  296 000000BC 4857            LDR              R0, =GPIO_PORTP_DEN_R
  297 000000BE F04F 0120       MOV              R1, #2_00100000
  298 000000C2 6001            STR              R1, [R0]
  299 000000C4         
  300 000000C4 4856            LDR              R0, =GPIO_PORTQ_DEN_R
  301 000000C6 F04F 010F       MOV              R1, #2_00001111
  302 000000CA 6001            STR              R1, [R0]
  303 000000CC         
  304 000000CC         ; 7. Para habilitar resistor de pull-up interno, setar P
                       UR para 1
  305 000000CC 4855            LDR              R0, =GPIO_PORTJ_AHB_PUR_R ;Carr
                                                            ega o endereço do P
                                                            UR para a porta J
  306 000000CE F04F 0103       MOV              R1, #2_00000011 ;Habilitar func
                                                            ionalidade digital 
                                                            de resistor de pull
                                                            -up 
  307 000000D2         ;nos bits 0 e 1
  308 000000D2 6001            STR              R1, [R0]
  309 000000D4         
  310 000000D4         ; INTERRUPT SETTINGS
  311 000000D4         
  312 000000D4         ; Disable interrupt
  313 000000D4 4854            LDR              R0, =GPIO_PORTJ_AHB_IM_R
  314 000000D6 F04F 0100       MOV              R1, #0
  315 000000DA 6001            STR              R1, [R0]
  316 000000DC         
  317 000000DC         ; Border or level
  318 000000DC 4853            LDR              R0, =GPIO_PORTJ_AHB_IS_R
  319 000000DE F04F 0100       MOV              R1, #0
  320 000000E2 6001            STR              R1, [R0]
  321 000000E4         
  322 000000E4         ; Activate in 1 or 2 borders
  323 000000E4 4852            LDR              R0, =GPIO_PORTJ_AHB_IBE_R
  324 000000E6 F04F 0100       MOV              R1, #0
  325 000000EA 6001            STR              R1, [R0]
  326 000000EC         
  327 000000EC         ; Activate in rising or lowering border 0 = lowering, 1 
                       = rising
  328 000000EC 4851            LDR              R0, =GPIO_PORTJ_AHB_IEV_R
  329 000000EE F04F 0102       MOV              R1, #2_10
  330 000000F2 6001            STR              R1, [R0]
  331 000000F4         
  332 000000F4         ; Enable GPIORIS AND GPIOMIS reset
  333 000000F4 4850            LDR              R0, =GPIO_PORTJ_AHB_ICR_R
  334 000000F6 F04F 0103       MOV              R1, #2_11
  335 000000FA 6001            STR              R1, [R0]
  336 000000FC         
  337 000000FC         ; Enable interrupt
  338 000000FC 484A            LDR              R0, =GPIO_PORTJ_AHB_IM_R
  339 000000FE F04F 0103       MOV              R1, #2_11
  340 00000102 6001            STR              R1, [R0]
  341 00000104         
  342 00000104         ; Enable interrut in Nvidea
  343 00000104 484D            LDR              R0, =NVIC_EN1_R



ARM Macro Assembler    Page 14 


  344 00000106 F04F 0101       MOV              R1, #1
  345 0000010A EA4F 41C1       LSL              R1, R1, #19
  346 0000010E 6001            STR              R1, [R0]
  347 00000110         
  348 00000110         ; Set port interrupt priority
  349 00000110 484B            LDR              R0, =NVIC_PRI12_R
  350 00000112 F04F 0105       MOV              R1, #5
  351 00000116 EA4F 7141       LSL              R1, R1, #29
  352 0000011A 6001            STR              R1, [R0]
  353 0000011C         
  354 0000011C 4770            BX               LR
  355 0000011E         
  356 0000011E         
  357 0000011E         ; ------------------------------------------------------
                       -------------------------
  358 0000011E         ; Função LightUpLEDs
  359 0000011E         ; Parâmetro de entrada: R0: numero de 1 a 8 para ser ace
                       so nos LEDs
  360 0000011E         ; Parâmetro de saída: Não tem
  361 0000011E         LightUpLEDs
  362 0000011E         ; Disables 7-segment Displays
  363 0000011E F8DF 9124       LDR              R9, =GPIO_PORTB_AHB_DATA_R
  364 00000122 F04F 0800       MOV              R8, #2_000000
  365 00000126 F8C9 8000       STR              R8, [R9]
  366 0000012A         ; Enables LEDs
  367 0000012A F8DF 911C       LDR              R9, =GPIO_PORTP_DATA_R
  368 0000012E F04F 0820       MOV              R8, #2_100000
  369 00000132 F8C9 8000       STR              R8, [R9]
  370 00000136         
  371 00000136 F04F 0600       LDR              R6, =2_00000000
  372 0000013A F04F 0700       LDR              R7, =2_00000000
  373 0000013E         
  374 0000013E 2801            CMP              R0, #0x1
  375 00000140 BF04            ITT              EQ
  376 00000142 2780            LDREQ            R7, =2_10000000
  377 00000144 E01F            BEQ              letThemShine
  378 00000146 2802            CMP              R0, #0x2
  379 00000148 BF04            ITT              EQ
  380 0000014A 27C0            LDREQ            R7, =2_11000000
  381 0000014C E01B            BEQ              letThemShine
  382 0000014E 2803            CMP              R0, #0x3
  383 00000150 BF04            ITT              EQ
  384 00000152 27E0            LDREQ            R7, =2_11100000
  385 00000154 E017            BEQ              letThemShine
  386 00000156 2804            CMP              R0, #0x4
  387 00000158 BF04            ITT              EQ
  388 0000015A 27F0            LDREQ            R7, =2_11110000
  389 0000015C E013            BEQ              letThemShine
  390 0000015E 2805            CMP              R0, #0x5
  391 00000160 BF02            ITTT             EQ
  392 00000162 27F0            LDREQ            R7, =2_11110000
  393 00000164 2608            LDREQ            R6, =2_00001000
  394 00000166 E00E            BEQ              letThemShine
  395 00000168 2806            CMP              R0, #0x6
  396 0000016A BF02            ITTT             EQ
  397 0000016C 27F0            LDREQ            R7, =2_11110000
  398 0000016E 260C            LDREQ            R6, =2_00001100
  399 00000170 E009            BEQ              letThemShine
  400 00000172 2807            CMP              R0, #0x7



ARM Macro Assembler    Page 15 


  401 00000174 BF02            ITTT             EQ
  402 00000176 27F0            LDREQ            R7, =2_11110000
  403 00000178 260E            LDREQ            R6, =2_00001110
  404 0000017A E004            BEQ              letThemShine
  405 0000017C 2808            CMP              R0, #0x8
  406 0000017E BF02            ITTT             EQ
  407 00000180 27F0            LDREQ            R7, =2_11110000
  408 00000182 260F            LDREQ            R6, =2_00001111
  409 00000184 E7FF            BEQ              letThemShine
  410 00000186         
  411 00000186         ; Lights up the LEDs
  412 00000186         letThemShine
  413 00000186 F8DF 90C4       LDR              R9, =GPIO_PORTA_AHB_DATA_R
  414 0000018A F8C9 7000       STR              R7, [R9]
  415 0000018E F8DF 80C0       LDR              R8, =GPIO_PORTQ_DATA_R
  416 00000192 F8C8 6000       STR              R6, [R8]
  417 00000196         
  418 00000196 4770            BX               LR
  419 00000198         ; ------------------------------------------------------
                       -------------------------
  420 00000198         ; Função GetPushBtnsState
  421 00000198         ; Parâmetro de entrada: Não tem
  422 00000198         ; Parâmetro de saída: R0 --> o valor da leitura
  423 00000198         GetPushBtnsState
  424 00000198 F8DF 90B8       LDR              R9, =GPIO_PORTJ_AHB_DATA_R
  425 0000019C F8D9 0000       LDR              R0, [R9]
  426 000001A0         
  427 000001A0 4770            BX               LR
  428 000001A2         
  429 000001A2         ; ------------------------------------------------------
                       -------------------------
  430 000001A2         ; Função DisableAllLEDs
  431 000001A2         ; Parâmetro de entrada: R0: numero de 1 a 8 para ser ace
                       so nos LEDs
  432 000001A2         ; Parâmetro de saída: Não tem
  433 000001A2         DisableAllLEDs
  434 000001A2         ; Disables LEDs
  435 000001A2 F8DF 90A4       LDR              R9, =GPIO_PORTP_DATA_R
  436 000001A6 F04F 0800       MOV              R8, #2_000000
  437 000001AA F8C9 8000       STR              R8, [R9]
  438 000001AE         
  439 000001AE 4770            BX               LR
  440 000001B0         
  441 000001B0         ; ------------------------------------------------------
                       -------------------------
  442 000001B0         ; Function to print an array of chars in a LCD display
  443 000001B0         ; Input: R0 = pointer to the array of chars
  444 000001B0         ;        R1 = number of chars to be printed
  445 000001B0         ; Output: none
  446 000001B0         printArrayInLcd
  447 000001B0         
  448 000001B0 4770            BX               LR
  449 000001B2         
  450 000001B2         ; ------------------------------------------------------
                       -------------------------
  451 000001B2         ; Function to read button input from the matrix keyboard
                       
  452 000001B2         ; Input: none
  453 000001B2         ; Output: R0 = pressed button



ARM Macro Assembler    Page 16 


  454 000001B2         readKeyboard
  455 000001B2         
  456 000001B2 4770            BX               LR
  457 000001B4         
  458 000001B4         ; ------------------------------------------------------
                       -------------------------
  459 000001B4         ; Function to blink LED's
  460 000001B4         ; Input: none
  461 000001B4         ; Output: none
  462 000001B4         blinkLEDs
  463 000001B4         
  464 000001B4 4770            BX               LR
  465 000001B6         
  466 000001B6 00 00           ALIGN                        ; garante que o fim
                                                             da seção está alin
                                                            hada 
  467 000001B8                 END                          ; fim do arquivo
              400FE608 
              400FEA08 
              40060528 
              40064528 
              40058528 
              40065528 
              40066528 
              4006052C 
              4006452C 
              4005852C 
              4006552C 
              4006652C 
              40064400 
              40060400 
              40058400 
              40065400 
              40066400 
              40064420 
              40060420 
              40058420 
              40065420 
              40066420 
              4006451C 
              4006051C 
              4005851C 
              4006551C 
              4006651C 
              40060510 
              40060410 
              40060404 
              40060408 
              4006040C 
              4006041C 
              E000E104 
              E000E430 
              400593FC 
              400653FC 
              400583FC 
              400663FC 
              400603FC 
Command Line: --debug --xref --diag_suppress=9931,A1950W --cpu=Cortex-M4.fp.sp 
--depend=.\objects\gpio.d -o.\objects\gpio.o -IC:\Users\joaov\AppData\Local\Arm



ARM Macro Assembler    Page 17 


\Packs\Keil\TM4C_DFP\1.1.0\Device\Include\TM4C129 --predefine="__EVAL SETA 1" -
-predefine="__UVISION_VERSION SETA 538" --predefine="TM4C1294NCPDT SETA 1" --li
st=.\listings\gpio.lst gpio.s



ARM Macro Assembler    Page 1 Alphabetic symbol ordering
Relocatable symbols

.text 00000000

Symbol: .text
   Definitions
      At line 190 in file gpio.s
   Uses
      None
Comment: .text unused
DisableAllLEDs 000001A2

Symbol: DisableAllLEDs
   Definitions
      At line 433 in file gpio.s
   Uses
      At line 196 in file gpio.s
Comment: DisableAllLEDs used once
EsperaGPIO 0000001A

Symbol: EsperaGPIO
   Definitions
      At line 219 in file gpio.s
   Uses
      At line 226 in file gpio.s
Comment: EsperaGPIO used once
GPIO_Init 00000000

Symbol: GPIO_Init
   Definitions
      At line 207 in file gpio.s
   Uses
      At line 193 in file gpio.s
Comment: GPIO_Init used once
GetPushBtnsState 00000198

Symbol: GetPushBtnsState
   Definitions
      At line 423 in file gpio.s
   Uses
      At line 195 in file gpio.s
Comment: GetPushBtnsState used once
LightUpLEDs 0000011E

Symbol: LightUpLEDs
   Definitions
      At line 361 in file gpio.s
   Uses
      At line 194 in file gpio.s
Comment: LightUpLEDs used once
blinkLEDs 000001B4

Symbol: blinkLEDs
   Definitions
      At line 462 in file gpio.s
   Uses
      At line 199 in file gpio.s
Comment: blinkLEDs used once
letThemShine 00000186

Symbol: letThemShine



ARM Macro Assembler    Page 2 Alphabetic symbol ordering
Relocatable symbols

   Definitions
      At line 412 in file gpio.s
   Uses
      At line 377 in file gpio.s
      At line 381 in file gpio.s
      At line 385 in file gpio.s
      At line 389 in file gpio.s
      At line 394 in file gpio.s
      At line 399 in file gpio.s
      At line 404 in file gpio.s
      At line 409 in file gpio.s

printArrayInLcd 000001B0

Symbol: printArrayInLcd
   Definitions
      At line 446 in file gpio.s
   Uses
      At line 197 in file gpio.s
Comment: printArrayInLcd used once
readKeyboard 000001B2

Symbol: readKeyboard
   Definitions
      At line 454 in file gpio.s
   Uses
      At line 198 in file gpio.s
Comment: readKeyboard used once
10 symbols



ARM Macro Assembler    Page 1 Alphabetic symbol ordering
Absolute symbols

GPIO_PORTA 00000001

Symbol: GPIO_PORTA
   Definitions
      At line 54 in file gpio.s
   Uses
      At line 213 in file gpio.s
      At line 222 in file gpio.s

GPIO_PORTA_AHB_ADCCTL_R 40058530

Symbol: GPIO_PORTA_AHB_ADCCTL_R
   Definitions
      At line 45 in file gpio.s
   Uses
      None
Comment: GPIO_PORTA_AHB_ADCCTL_R unused
GPIO_PORTA_AHB_AFSEL_R 40058420

Symbol: GPIO_PORTA_AHB_AFSEL_R
   Definitions
      At line 32 in file gpio.s
   Uses
      At line 277 in file gpio.s
Comment: GPIO_PORTA_AHB_AFSEL_R used once
GPIO_PORTA_AHB_AMSEL_R 40058528

Symbol: GPIO_PORTA_AHB_AMSEL_R
   Definitions
      At line 43 in file gpio.s
   Uses
      At line 234 in file gpio.s
Comment: GPIO_PORTA_AHB_AMSEL_R used once
GPIO_PORTA_AHB_CR_R 40058524

Symbol: GPIO_PORTA_AHB_CR_R
   Definitions
      At line 42 in file gpio.s
   Uses
      None
Comment: GPIO_PORTA_AHB_CR_R unused
GPIO_PORTA_AHB_DATA_BITS_R 40058000

Symbol: GPIO_PORTA_AHB_DATA_BITS_R
   Definitions
      At line 22 in file gpio.s
   Uses
      None
Comment: GPIO_PORTA_AHB_DATA_BITS_R unused
GPIO_PORTA_AHB_DATA_R 400583FC

Symbol: GPIO_PORTA_AHB_DATA_R
   Definitions
      At line 23 in file gpio.s
   Uses
      At line 413 in file gpio.s
Comment: GPIO_PORTA_AHB_DATA_R used once
GPIO_PORTA_AHB_DEN_R 4005851C




ARM Macro Assembler    Page 2 Alphabetic symbol ordering
Absolute symbols

Symbol: GPIO_PORTA_AHB_DEN_R
   Definitions
      At line 40 in file gpio.s
   Uses
      At line 292 in file gpio.s
Comment: GPIO_PORTA_AHB_DEN_R used once
GPIO_PORTA_AHB_DIR_R 40058400

Symbol: GPIO_PORTA_AHB_DIR_R
   Definitions
      At line 24 in file gpio.s
   Uses
      At line 261 in file gpio.s
Comment: GPIO_PORTA_AHB_DIR_R used once
GPIO_PORTA_AHB_DMACTL_R 40058534

Symbol: GPIO_PORTA_AHB_DMACTL_R
   Definitions
      At line 46 in file gpio.s
   Uses
      None
Comment: GPIO_PORTA_AHB_DMACTL_R unused
GPIO_PORTA_AHB_DR12R_R 4005853C

Symbol: GPIO_PORTA_AHB_DR12R_R
   Definitions
      At line 48 in file gpio.s
   Uses
      None
Comment: GPIO_PORTA_AHB_DR12R_R unused
GPIO_PORTA_AHB_DR2R_R 40058500

Symbol: GPIO_PORTA_AHB_DR2R_R
   Definitions
      At line 33 in file gpio.s
   Uses
      None
Comment: GPIO_PORTA_AHB_DR2R_R unused
GPIO_PORTA_AHB_DR4R_R 40058504

Symbol: GPIO_PORTA_AHB_DR4R_R
   Definitions
      At line 34 in file gpio.s
   Uses
      None
Comment: GPIO_PORTA_AHB_DR4R_R unused
GPIO_PORTA_AHB_DR8R_R 40058508

Symbol: GPIO_PORTA_AHB_DR8R_R
   Definitions
      At line 35 in file gpio.s
   Uses
      None
Comment: GPIO_PORTA_AHB_DR8R_R unused
GPIO_PORTA_AHB_IBE_R 40058408

Symbol: GPIO_PORTA_AHB_IBE_R
   Definitions
      At line 26 in file gpio.s



ARM Macro Assembler    Page 3 Alphabetic symbol ordering
Absolute symbols

   Uses
      None
Comment: GPIO_PORTA_AHB_IBE_R unused
GPIO_PORTA_AHB_ICR_R 4005841C

Symbol: GPIO_PORTA_AHB_ICR_R
   Definitions
      At line 31 in file gpio.s
   Uses
      None
Comment: GPIO_PORTA_AHB_ICR_R unused
GPIO_PORTA_AHB_IEV_R 4005840C

Symbol: GPIO_PORTA_AHB_IEV_R
   Definitions
      At line 27 in file gpio.s
   Uses
      None
Comment: GPIO_PORTA_AHB_IEV_R unused
GPIO_PORTA_AHB_IM_R 40058410

Symbol: GPIO_PORTA_AHB_IM_R
   Definitions
      At line 28 in file gpio.s
   Uses
      None
Comment: GPIO_PORTA_AHB_IM_R unused
GPIO_PORTA_AHB_IS_R 40058404

Symbol: GPIO_PORTA_AHB_IS_R
   Definitions
      At line 25 in file gpio.s
   Uses
      None
Comment: GPIO_PORTA_AHB_IS_R unused
GPIO_PORTA_AHB_LOCK_R 40058520

Symbol: GPIO_PORTA_AHB_LOCK_R
   Definitions
      At line 41 in file gpio.s
   Uses
      None
Comment: GPIO_PORTA_AHB_LOCK_R unused
GPIO_PORTA_AHB_MIS_R 40058418

Symbol: GPIO_PORTA_AHB_MIS_R
   Definitions
      At line 30 in file gpio.s
   Uses
      None
Comment: GPIO_PORTA_AHB_MIS_R unused
GPIO_PORTA_AHB_ODR_R 4005850C

Symbol: GPIO_PORTA_AHB_ODR_R
   Definitions
      At line 36 in file gpio.s
   Uses
      None
Comment: GPIO_PORTA_AHB_ODR_R unused



ARM Macro Assembler    Page 4 Alphabetic symbol ordering
Absolute symbols

GPIO_PORTA_AHB_PCTL_R 4005852C

Symbol: GPIO_PORTA_AHB_PCTL_R
   Definitions
      At line 44 in file gpio.s
   Uses
      At line 247 in file gpio.s
Comment: GPIO_PORTA_AHB_PCTL_R used once
GPIO_PORTA_AHB_PC_R 40058FC4

Symbol: GPIO_PORTA_AHB_PC_R
   Definitions
      At line 53 in file gpio.s
   Uses
      None
Comment: GPIO_PORTA_AHB_PC_R unused
GPIO_PORTA_AHB_PDR_R 40058514

Symbol: GPIO_PORTA_AHB_PDR_R
   Definitions
      At line 38 in file gpio.s
   Uses
      None
Comment: GPIO_PORTA_AHB_PDR_R unused
GPIO_PORTA_AHB_PP_R 40058FC0

Symbol: GPIO_PORTA_AHB_PP_R
   Definitions
      At line 52 in file gpio.s
   Uses
      None
Comment: GPIO_PORTA_AHB_PP_R unused
GPIO_PORTA_AHB_PUR_R 40058510

Symbol: GPIO_PORTA_AHB_PUR_R
   Definitions
      At line 37 in file gpio.s
   Uses
      None
Comment: GPIO_PORTA_AHB_PUR_R unused
GPIO_PORTA_AHB_RIS_R 40058414

Symbol: GPIO_PORTA_AHB_RIS_R
   Definitions
      At line 29 in file gpio.s
   Uses
      None
Comment: GPIO_PORTA_AHB_RIS_R unused
GPIO_PORTA_AHB_SI_R 40058538

Symbol: GPIO_PORTA_AHB_SI_R
   Definitions
      At line 47 in file gpio.s
   Uses
      None
Comment: GPIO_PORTA_AHB_SI_R unused
GPIO_PORTA_AHB_SLR_R 40058518

Symbol: GPIO_PORTA_AHB_SLR_R



ARM Macro Assembler    Page 5 Alphabetic symbol ordering
Absolute symbols

   Definitions
      At line 39 in file gpio.s
   Uses
      None
Comment: GPIO_PORTA_AHB_SLR_R unused
GPIO_PORTA_AHB_WAKELVL_R 40058544

Symbol: GPIO_PORTA_AHB_WAKELVL_R
   Definitions
      At line 50 in file gpio.s
   Uses
      None
Comment: GPIO_PORTA_AHB_WAKELVL_R unused
GPIO_PORTA_AHB_WAKEPEN_R 40058540

Symbol: GPIO_PORTA_AHB_WAKEPEN_R
   Definitions
      At line 49 in file gpio.s
   Uses
      None
Comment: GPIO_PORTA_AHB_WAKEPEN_R unused
GPIO_PORTA_AHB_WAKESTAT_R 40058548

Symbol: GPIO_PORTA_AHB_WAKESTAT_R
   Definitions
      At line 51 in file gpio.s
   Uses
      None
Comment: GPIO_PORTA_AHB_WAKESTAT_R unused
GPIO_PORTB 00000002

Symbol: GPIO_PORTB
   Definitions
      At line 88 in file gpio.s
   Uses
      None
Comment: GPIO_PORTB unused
GPIO_PORTB_AHB_ADCCTL_R 40059530

Symbol: GPIO_PORTB_AHB_ADCCTL_R
   Definitions
      At line 79 in file gpio.s
   Uses
      None
Comment: GPIO_PORTB_AHB_ADCCTL_R unused
GPIO_PORTB_AHB_AFSEL_R 40059420

Symbol: GPIO_PORTB_AHB_AFSEL_R
   Definitions
      At line 66 in file gpio.s
   Uses
      None
Comment: GPIO_PORTB_AHB_AFSEL_R unused
GPIO_PORTB_AHB_AMSEL_R 40059528

Symbol: GPIO_PORTB_AHB_AMSEL_R
   Definitions
      At line 77 in file gpio.s
   Uses



ARM Macro Assembler    Page 6 Alphabetic symbol ordering
Absolute symbols

      None
Comment: GPIO_PORTB_AHB_AMSEL_R unused
GPIO_PORTB_AHB_CR_R 40059524

Symbol: GPIO_PORTB_AHB_CR_R
   Definitions
      At line 76 in file gpio.s
   Uses
      None
Comment: GPIO_PORTB_AHB_CR_R unused
GPIO_PORTB_AHB_DATA_BITS_R 40059000

Symbol: GPIO_PORTB_AHB_DATA_BITS_R
   Definitions
      At line 56 in file gpio.s
   Uses
      None
Comment: GPIO_PORTB_AHB_DATA_BITS_R unused
GPIO_PORTB_AHB_DATA_R 400593FC

Symbol: GPIO_PORTB_AHB_DATA_R
   Definitions
      At line 57 in file gpio.s
   Uses
      At line 363 in file gpio.s
Comment: GPIO_PORTB_AHB_DATA_R used once
GPIO_PORTB_AHB_DEN_R 4005951C

Symbol: GPIO_PORTB_AHB_DEN_R
   Definitions
      At line 74 in file gpio.s
   Uses
      None
Comment: GPIO_PORTB_AHB_DEN_R unused
GPIO_PORTB_AHB_DIR_R 40059400

Symbol: GPIO_PORTB_AHB_DIR_R
   Definitions
      At line 58 in file gpio.s
   Uses
      None
Comment: GPIO_PORTB_AHB_DIR_R unused
GPIO_PORTB_AHB_DMACTL_R 40059534

Symbol: GPIO_PORTB_AHB_DMACTL_R
   Definitions
      At line 80 in file gpio.s
   Uses
      None
Comment: GPIO_PORTB_AHB_DMACTL_R unused
GPIO_PORTB_AHB_DR12R_R 4005953C

Symbol: GPIO_PORTB_AHB_DR12R_R
   Definitions
      At line 82 in file gpio.s
   Uses
      None
Comment: GPIO_PORTB_AHB_DR12R_R unused
GPIO_PORTB_AHB_DR2R_R 40059500



ARM Macro Assembler    Page 7 Alphabetic symbol ordering
Absolute symbols


Symbol: GPIO_PORTB_AHB_DR2R_R
   Definitions
      At line 67 in file gpio.s
   Uses
      None
Comment: GPIO_PORTB_AHB_DR2R_R unused
GPIO_PORTB_AHB_DR4R_R 40059504

Symbol: GPIO_PORTB_AHB_DR4R_R
   Definitions
      At line 68 in file gpio.s
   Uses
      None
Comment: GPIO_PORTB_AHB_DR4R_R unused
GPIO_PORTB_AHB_DR8R_R 40059508

Symbol: GPIO_PORTB_AHB_DR8R_R
   Definitions
      At line 69 in file gpio.s
   Uses
      None
Comment: GPIO_PORTB_AHB_DR8R_R unused
GPIO_PORTB_AHB_IBE_R 40059408

Symbol: GPIO_PORTB_AHB_IBE_R
   Definitions
      At line 60 in file gpio.s
   Uses
      None
Comment: GPIO_PORTB_AHB_IBE_R unused
GPIO_PORTB_AHB_ICR_R 4005941C

Symbol: GPIO_PORTB_AHB_ICR_R
   Definitions
      At line 65 in file gpio.s
   Uses
      None
Comment: GPIO_PORTB_AHB_ICR_R unused
GPIO_PORTB_AHB_IEV_R 4005940C

Symbol: GPIO_PORTB_AHB_IEV_R
   Definitions
      At line 61 in file gpio.s
   Uses
      None
Comment: GPIO_PORTB_AHB_IEV_R unused
GPIO_PORTB_AHB_IM_R 40059410

Symbol: GPIO_PORTB_AHB_IM_R
   Definitions
      At line 62 in file gpio.s
   Uses
      None
Comment: GPIO_PORTB_AHB_IM_R unused
GPIO_PORTB_AHB_IS_R 40059404

Symbol: GPIO_PORTB_AHB_IS_R
   Definitions



ARM Macro Assembler    Page 8 Alphabetic symbol ordering
Absolute symbols

      At line 59 in file gpio.s
   Uses
      None
Comment: GPIO_PORTB_AHB_IS_R unused
GPIO_PORTB_AHB_LOCK_R 40059520

Symbol: GPIO_PORTB_AHB_LOCK_R
   Definitions
      At line 75 in file gpio.s
   Uses
      None
Comment: GPIO_PORTB_AHB_LOCK_R unused
GPIO_PORTB_AHB_MIS_R 40059418

Symbol: GPIO_PORTB_AHB_MIS_R
   Definitions
      At line 64 in file gpio.s
   Uses
      None
Comment: GPIO_PORTB_AHB_MIS_R unused
GPIO_PORTB_AHB_ODR_R 4005950C

Symbol: GPIO_PORTB_AHB_ODR_R
   Definitions
      At line 70 in file gpio.s
   Uses
      None
Comment: GPIO_PORTB_AHB_ODR_R unused
GPIO_PORTB_AHB_PCTL_R 4005952C

Symbol: GPIO_PORTB_AHB_PCTL_R
   Definitions
      At line 78 in file gpio.s
   Uses
      None
Comment: GPIO_PORTB_AHB_PCTL_R unused
GPIO_PORTB_AHB_PC_R 40059FC4

Symbol: GPIO_PORTB_AHB_PC_R
   Definitions
      At line 87 in file gpio.s
   Uses
      None
Comment: GPIO_PORTB_AHB_PC_R unused
GPIO_PORTB_AHB_PDR_R 40059514

Symbol: GPIO_PORTB_AHB_PDR_R
   Definitions
      At line 72 in file gpio.s
   Uses
      None
Comment: GPIO_PORTB_AHB_PDR_R unused
GPIO_PORTB_AHB_PP_R 40059FC0

Symbol: GPIO_PORTB_AHB_PP_R
   Definitions
      At line 86 in file gpio.s
   Uses
      None



ARM Macro Assembler    Page 9 Alphabetic symbol ordering
Absolute symbols

Comment: GPIO_PORTB_AHB_PP_R unused
GPIO_PORTB_AHB_PUR_R 40059510

Symbol: GPIO_PORTB_AHB_PUR_R
   Definitions
      At line 71 in file gpio.s
   Uses
      None
Comment: GPIO_PORTB_AHB_PUR_R unused
GPIO_PORTB_AHB_RIS_R 40059414

Symbol: GPIO_PORTB_AHB_RIS_R
   Definitions
      At line 63 in file gpio.s
   Uses
      None
Comment: GPIO_PORTB_AHB_RIS_R unused
GPIO_PORTB_AHB_SI_R 40059538

Symbol: GPIO_PORTB_AHB_SI_R
   Definitions
      At line 81 in file gpio.s
   Uses
      None
Comment: GPIO_PORTB_AHB_SI_R unused
GPIO_PORTB_AHB_SLR_R 40059518

Symbol: GPIO_PORTB_AHB_SLR_R
   Definitions
      At line 73 in file gpio.s
   Uses
      None
Comment: GPIO_PORTB_AHB_SLR_R unused
GPIO_PORTB_AHB_WAKELVL_R 40059544

Symbol: GPIO_PORTB_AHB_WAKELVL_R
   Definitions
      At line 84 in file gpio.s
   Uses
      None
Comment: GPIO_PORTB_AHB_WAKELVL_R unused
GPIO_PORTB_AHB_WAKEPEN_R 40059540

Symbol: GPIO_PORTB_AHB_WAKEPEN_R
   Definitions
      At line 83 in file gpio.s
   Uses
      None
Comment: GPIO_PORTB_AHB_WAKEPEN_R unused
GPIO_PORTB_AHB_WAKESTAT_R 40059548

Symbol: GPIO_PORTB_AHB_WAKESTAT_R
   Definitions
      At line 85 in file gpio.s
   Uses
      None
Comment: GPIO_PORTB_AHB_WAKESTAT_R unused
GPIO_PORTJ 00000100




ARM Macro Assembler    Page 10 Alphabetic symbol ordering
Absolute symbols

Symbol: GPIO_PORTJ
   Definitions
      At line 105 in file gpio.s
   Uses
      At line 212 in file gpio.s
      At line 221 in file gpio.s

GPIO_PORTJ_AHB_AFSEL_R 40060420

Symbol: GPIO_PORTJ_AHB_AFSEL_R
   Definitions
      At line 95 in file gpio.s
   Uses
      At line 275 in file gpio.s
Comment: GPIO_PORTJ_AHB_AFSEL_R used once
GPIO_PORTJ_AHB_AMSEL_R 40060528

Symbol: GPIO_PORTJ_AHB_AMSEL_R
   Definitions
      At line 92 in file gpio.s
   Uses
      At line 230 in file gpio.s
Comment: GPIO_PORTJ_AHB_AMSEL_R used once
GPIO_PORTJ_AHB_CR_R 40060524

Symbol: GPIO_PORTJ_AHB_CR_R
   Definitions
      At line 91 in file gpio.s
   Uses
      None
Comment: GPIO_PORTJ_AHB_CR_R unused
GPIO_PORTJ_AHB_DATA_R 400603FC

Symbol: GPIO_PORTJ_AHB_DATA_R
   Definitions
      At line 98 in file gpio.s
   Uses
      At line 424 in file gpio.s
Comment: GPIO_PORTJ_AHB_DATA_R used once
GPIO_PORTJ_AHB_DEN_R 4006051C

Symbol: GPIO_PORTJ_AHB_DEN_R
   Definitions
      At line 96 in file gpio.s
   Uses
      At line 288 in file gpio.s
Comment: GPIO_PORTJ_AHB_DEN_R used once
GPIO_PORTJ_AHB_DIR_R 40060400

Symbol: GPIO_PORTJ_AHB_DIR_R
   Definitions
      At line 94 in file gpio.s
   Uses
      At line 258 in file gpio.s
Comment: GPIO_PORTJ_AHB_DIR_R used once
GPIO_PORTJ_AHB_IBE_R 40060408

Symbol: GPIO_PORTJ_AHB_IBE_R
   Definitions



ARM Macro Assembler    Page 11 Alphabetic symbol ordering
Absolute symbols

      At line 101 in file gpio.s
   Uses
      At line 323 in file gpio.s
Comment: GPIO_PORTJ_AHB_IBE_R used once
GPIO_PORTJ_AHB_ICR_R 4006041C

Symbol: GPIO_PORTJ_AHB_ICR_R
   Definitions
      At line 103 in file gpio.s
   Uses
      At line 333 in file gpio.s
Comment: GPIO_PORTJ_AHB_ICR_R used once
GPIO_PORTJ_AHB_IEV_R 4006040C

Symbol: GPIO_PORTJ_AHB_IEV_R
   Definitions
      At line 102 in file gpio.s
   Uses
      At line 328 in file gpio.s
Comment: GPIO_PORTJ_AHB_IEV_R used once
GPIO_PORTJ_AHB_IM_R 40060410

Symbol: GPIO_PORTJ_AHB_IM_R
   Definitions
      At line 99 in file gpio.s
   Uses
      At line 313 in file gpio.s
      At line 338 in file gpio.s

GPIO_PORTJ_AHB_IS_R 40060404

Symbol: GPIO_PORTJ_AHB_IS_R
   Definitions
      At line 100 in file gpio.s
   Uses
      At line 318 in file gpio.s
Comment: GPIO_PORTJ_AHB_IS_R used once
GPIO_PORTJ_AHB_LOCK_R 40060520

Symbol: GPIO_PORTJ_AHB_LOCK_R
   Definitions
      At line 90 in file gpio.s
   Uses
      None
Comment: GPIO_PORTJ_AHB_LOCK_R unused
GPIO_PORTJ_AHB_PCTL_R 4006052C

Symbol: GPIO_PORTJ_AHB_PCTL_R
   Definitions
      At line 93 in file gpio.s
   Uses
      At line 243 in file gpio.s
Comment: GPIO_PORTJ_AHB_PCTL_R used once
GPIO_PORTJ_AHB_PUR_R 40060510

Symbol: GPIO_PORTJ_AHB_PUR_R
   Definitions
      At line 97 in file gpio.s
   Uses



ARM Macro Assembler    Page 12 Alphabetic symbol ordering
Absolute symbols

      At line 305 in file gpio.s
Comment: GPIO_PORTJ_AHB_PUR_R used once
GPIO_PORTJ_AHB_RIS_R 40060414

Symbol: GPIO_PORTJ_AHB_RIS_R
   Definitions
      At line 104 in file gpio.s
   Uses
      None
Comment: GPIO_PORTJ_AHB_RIS_R unused
GPIO_PORTN 00001000

Symbol: GPIO_PORTN
   Definitions
      At line 116 in file gpio.s
   Uses
      At line 211 in file gpio.s
      At line 220 in file gpio.s

GPIO_PORTN_AHB_AFSEL_R 40064420

Symbol: GPIO_PORTN_AHB_AFSEL_R
   Definitions
      At line 112 in file gpio.s
   Uses
      At line 273 in file gpio.s
Comment: GPIO_PORTN_AHB_AFSEL_R used once
GPIO_PORTN_AHB_AMSEL_R 40064528

Symbol: GPIO_PORTN_AHB_AMSEL_R
   Definitions
      At line 109 in file gpio.s
   Uses
      At line 232 in file gpio.s
Comment: GPIO_PORTN_AHB_AMSEL_R used once
GPIO_PORTN_AHB_CR_R 40064524

Symbol: GPIO_PORTN_AHB_CR_R
   Definitions
      At line 108 in file gpio.s
   Uses
      None
Comment: GPIO_PORTN_AHB_CR_R unused
GPIO_PORTN_AHB_DATA_R 400643FC

Symbol: GPIO_PORTN_AHB_DATA_R
   Definitions
      At line 115 in file gpio.s
   Uses
      None
Comment: GPIO_PORTN_AHB_DATA_R unused
GPIO_PORTN_AHB_DEN_R 4006451C

Symbol: GPIO_PORTN_AHB_DEN_R
   Definitions
      At line 113 in file gpio.s
   Uses
      At line 284 in file gpio.s
Comment: GPIO_PORTN_AHB_DEN_R used once



ARM Macro Assembler    Page 13 Alphabetic symbol ordering
Absolute symbols

GPIO_PORTN_AHB_DIR_R 40064400

Symbol: GPIO_PORTN_AHB_DIR_R
   Definitions
      At line 111 in file gpio.s
   Uses
      At line 254 in file gpio.s
Comment: GPIO_PORTN_AHB_DIR_R used once
GPIO_PORTN_AHB_LOCK_R 40064520

Symbol: GPIO_PORTN_AHB_LOCK_R
   Definitions
      At line 107 in file gpio.s
   Uses
      None
Comment: GPIO_PORTN_AHB_LOCK_R unused
GPIO_PORTN_AHB_PCTL_R 4006452C

Symbol: GPIO_PORTN_AHB_PCTL_R
   Definitions
      At line 110 in file gpio.s
   Uses
      At line 245 in file gpio.s
Comment: GPIO_PORTN_AHB_PCTL_R used once
GPIO_PORTN_AHB_PUR_R 40064510

Symbol: GPIO_PORTN_AHB_PUR_R
   Definitions
      At line 114 in file gpio.s
   Uses
      None
Comment: GPIO_PORTN_AHB_PUR_R unused
GPIO_PORTP 00002000

Symbol: GPIO_PORTP
   Definitions
      At line 150 in file gpio.s
   Uses
      At line 214 in file gpio.s
      At line 223 in file gpio.s

GPIO_PORTP_ADCCTL_R 40065530

Symbol: GPIO_PORTP_ADCCTL_R
   Definitions
      At line 141 in file gpio.s
   Uses
      None
Comment: GPIO_PORTP_ADCCTL_R unused
GPIO_PORTP_AFSEL_R 40065420

Symbol: GPIO_PORTP_AFSEL_R
   Definitions
      At line 128 in file gpio.s
   Uses
      At line 279 in file gpio.s
Comment: GPIO_PORTP_AFSEL_R used once
GPIO_PORTP_AMSEL_R 40065528




ARM Macro Assembler    Page 14 Alphabetic symbol ordering
Absolute symbols

Symbol: GPIO_PORTP_AMSEL_R
   Definitions
      At line 139 in file gpio.s
   Uses
      At line 236 in file gpio.s
Comment: GPIO_PORTP_AMSEL_R used once
GPIO_PORTP_CR_R 40065524

Symbol: GPIO_PORTP_CR_R
   Definitions
      At line 138 in file gpio.s
   Uses
      None
Comment: GPIO_PORTP_CR_R unused
GPIO_PORTP_DATA_BITS_R 40065000

Symbol: GPIO_PORTP_DATA_BITS_R
   Definitions
      At line 118 in file gpio.s
   Uses
      None
Comment: GPIO_PORTP_DATA_BITS_R unused
GPIO_PORTP_DATA_R 400653FC

Symbol: GPIO_PORTP_DATA_R
   Definitions
      At line 119 in file gpio.s
   Uses
      At line 367 in file gpio.s
      At line 435 in file gpio.s

GPIO_PORTP_DEN_R 4006551C

Symbol: GPIO_PORTP_DEN_R
   Definitions
      At line 136 in file gpio.s
   Uses
      At line 296 in file gpio.s
Comment: GPIO_PORTP_DEN_R used once
GPIO_PORTP_DIR_R 40065400

Symbol: GPIO_PORTP_DIR_R
   Definitions
      At line 120 in file gpio.s
   Uses
      At line 264 in file gpio.s
Comment: GPIO_PORTP_DIR_R used once
GPIO_PORTP_DMACTL_R 40065534

Symbol: GPIO_PORTP_DMACTL_R
   Definitions
      At line 142 in file gpio.s
   Uses
      None
Comment: GPIO_PORTP_DMACTL_R unused
GPIO_PORTP_DR12R_R 4006553C

Symbol: GPIO_PORTP_DR12R_R
   Definitions



ARM Macro Assembler    Page 15 Alphabetic symbol ordering
Absolute symbols

      At line 144 in file gpio.s
   Uses
      None
Comment: GPIO_PORTP_DR12R_R unused
GPIO_PORTP_DR2R_R 40065500

Symbol: GPIO_PORTP_DR2R_R
   Definitions
      At line 129 in file gpio.s
   Uses
      None
Comment: GPIO_PORTP_DR2R_R unused
GPIO_PORTP_DR4R_R 40065504

Symbol: GPIO_PORTP_DR4R_R
   Definitions
      At line 130 in file gpio.s
   Uses
      None
Comment: GPIO_PORTP_DR4R_R unused
GPIO_PORTP_DR8R_R 40065508

Symbol: GPIO_PORTP_DR8R_R
   Definitions
      At line 131 in file gpio.s
   Uses
      None
Comment: GPIO_PORTP_DR8R_R unused
GPIO_PORTP_IBE_R 40065408

Symbol: GPIO_PORTP_IBE_R
   Definitions
      At line 122 in file gpio.s
   Uses
      None
Comment: GPIO_PORTP_IBE_R unused
GPIO_PORTP_ICR_R 4006541C

Symbol: GPIO_PORTP_ICR_R
   Definitions
      At line 127 in file gpio.s
   Uses
      None
Comment: GPIO_PORTP_ICR_R unused
GPIO_PORTP_IEV_R 4006540C

Symbol: GPIO_PORTP_IEV_R
   Definitions
      At line 123 in file gpio.s
   Uses
      None
Comment: GPIO_PORTP_IEV_R unused
GPIO_PORTP_IM_R 40065410

Symbol: GPIO_PORTP_IM_R
   Definitions
      At line 124 in file gpio.s
   Uses
      None



ARM Macro Assembler    Page 16 Alphabetic symbol ordering
Absolute symbols

Comment: GPIO_PORTP_IM_R unused
GPIO_PORTP_IS_R 40065404

Symbol: GPIO_PORTP_IS_R
   Definitions
      At line 121 in file gpio.s
   Uses
      None
Comment: GPIO_PORTP_IS_R unused
GPIO_PORTP_LOCK_R 40065520

Symbol: GPIO_PORTP_LOCK_R
   Definitions
      At line 137 in file gpio.s
   Uses
      None
Comment: GPIO_PORTP_LOCK_R unused
GPIO_PORTP_MIS_R 40065418

Symbol: GPIO_PORTP_MIS_R
   Definitions
      At line 126 in file gpio.s
   Uses
      None
Comment: GPIO_PORTP_MIS_R unused
GPIO_PORTP_ODR_R 4006550C

Symbol: GPIO_PORTP_ODR_R
   Definitions
      At line 132 in file gpio.s
   Uses
      None
Comment: GPIO_PORTP_ODR_R unused
GPIO_PORTP_PCTL_R 4006552C

Symbol: GPIO_PORTP_PCTL_R
   Definitions
      At line 140 in file gpio.s
   Uses
      At line 249 in file gpio.s
Comment: GPIO_PORTP_PCTL_R used once
GPIO_PORTP_PC_R 40065FC4

Symbol: GPIO_PORTP_PC_R
   Definitions
      At line 149 in file gpio.s
   Uses
      None
Comment: GPIO_PORTP_PC_R unused
GPIO_PORTP_PDR_R 40065514

Symbol: GPIO_PORTP_PDR_R
   Definitions
      At line 134 in file gpio.s
   Uses
      None
Comment: GPIO_PORTP_PDR_R unused
GPIO_PORTP_PP_R 40065FC0




ARM Macro Assembler    Page 17 Alphabetic symbol ordering
Absolute symbols

Symbol: GPIO_PORTP_PP_R
   Definitions
      At line 148 in file gpio.s
   Uses
      None
Comment: GPIO_PORTP_PP_R unused
GPIO_PORTP_PUR_R 40065510

Symbol: GPIO_PORTP_PUR_R
   Definitions
      At line 133 in file gpio.s
   Uses
      None
Comment: GPIO_PORTP_PUR_R unused
GPIO_PORTP_RIS_R 40065414

Symbol: GPIO_PORTP_RIS_R
   Definitions
      At line 125 in file gpio.s
   Uses
      None
Comment: GPIO_PORTP_RIS_R unused
GPIO_PORTP_SI_R 40065538

Symbol: GPIO_PORTP_SI_R
   Definitions
      At line 143 in file gpio.s
   Uses
      None
Comment: GPIO_PORTP_SI_R unused
GPIO_PORTP_SLR_R 40065518

Symbol: GPIO_PORTP_SLR_R
   Definitions
      At line 135 in file gpio.s
   Uses
      None
Comment: GPIO_PORTP_SLR_R unused
GPIO_PORTP_WAKELVL_R 40065544

Symbol: GPIO_PORTP_WAKELVL_R
   Definitions
      At line 146 in file gpio.s
   Uses
      None
Comment: GPIO_PORTP_WAKELVL_R unused
GPIO_PORTP_WAKEPEN_R 40065540

Symbol: GPIO_PORTP_WAKEPEN_R
   Definitions
      At line 145 in file gpio.s
   Uses
      None
Comment: GPIO_PORTP_WAKEPEN_R unused
GPIO_PORTP_WAKESTAT_R 40065548

Symbol: GPIO_PORTP_WAKESTAT_R
   Definitions
      At line 147 in file gpio.s



ARM Macro Assembler    Page 18 Alphabetic symbol ordering
Absolute symbols

   Uses
      None
Comment: GPIO_PORTP_WAKESTAT_R unused
GPIO_PORTQ 00004000

Symbol: GPIO_PORTQ
   Definitions
      At line 184 in file gpio.s
   Uses
      At line 215 in file gpio.s
      At line 224 in file gpio.s

GPIO_PORTQ_ADCCTL_R 40066530

Symbol: GPIO_PORTQ_ADCCTL_R
   Definitions
      At line 175 in file gpio.s
   Uses
      None
Comment: GPIO_PORTQ_ADCCTL_R unused
GPIO_PORTQ_AFSEL_R 40066420

Symbol: GPIO_PORTQ_AFSEL_R
   Definitions
      At line 162 in file gpio.s
   Uses
      At line 281 in file gpio.s
Comment: GPIO_PORTQ_AFSEL_R used once
GPIO_PORTQ_AMSEL_R 40066528

Symbol: GPIO_PORTQ_AMSEL_R
   Definitions
      At line 173 in file gpio.s
   Uses
      At line 238 in file gpio.s
Comment: GPIO_PORTQ_AMSEL_R used once
GPIO_PORTQ_CR_R 40066524

Symbol: GPIO_PORTQ_CR_R
   Definitions
      At line 172 in file gpio.s
   Uses
      None
Comment: GPIO_PORTQ_CR_R unused
GPIO_PORTQ_DATA_BITS_R 40066000

Symbol: GPIO_PORTQ_DATA_BITS_R
   Definitions
      At line 152 in file gpio.s
   Uses
      None
Comment: GPIO_PORTQ_DATA_BITS_R unused
GPIO_PORTQ_DATA_R 400663FC

Symbol: GPIO_PORTQ_DATA_R
   Definitions
      At line 153 in file gpio.s
   Uses
      At line 415 in file gpio.s



ARM Macro Assembler    Page 19 Alphabetic symbol ordering
Absolute symbols

Comment: GPIO_PORTQ_DATA_R used once
GPIO_PORTQ_DEN_R 4006651C

Symbol: GPIO_PORTQ_DEN_R
   Definitions
      At line 170 in file gpio.s
   Uses
      At line 300 in file gpio.s
Comment: GPIO_PORTQ_DEN_R used once
GPIO_PORTQ_DIR_R 40066400

Symbol: GPIO_PORTQ_DIR_R
   Definitions
      At line 154 in file gpio.s
   Uses
      At line 267 in file gpio.s
Comment: GPIO_PORTQ_DIR_R used once
GPIO_PORTQ_DMACTL_R 40066534

Symbol: GPIO_PORTQ_DMACTL_R
   Definitions
      At line 176 in file gpio.s
   Uses
      None
Comment: GPIO_PORTQ_DMACTL_R unused
GPIO_PORTQ_DR12R_R 4006653C

Symbol: GPIO_PORTQ_DR12R_R
   Definitions
      At line 178 in file gpio.s
   Uses
      None
Comment: GPIO_PORTQ_DR12R_R unused
GPIO_PORTQ_DR2R_R 40066500

Symbol: GPIO_PORTQ_DR2R_R
   Definitions
      At line 163 in file gpio.s
   Uses
      None
Comment: GPIO_PORTQ_DR2R_R unused
GPIO_PORTQ_DR4R_R 40066504

Symbol: GPIO_PORTQ_DR4R_R
   Definitions
      At line 164 in file gpio.s
   Uses
      None
Comment: GPIO_PORTQ_DR4R_R unused
GPIO_PORTQ_DR8R_R 40066508

Symbol: GPIO_PORTQ_DR8R_R
   Definitions
      At line 165 in file gpio.s
   Uses
      None
Comment: GPIO_PORTQ_DR8R_R unused
GPIO_PORTQ_IBE_R 40066408




ARM Macro Assembler    Page 20 Alphabetic symbol ordering
Absolute symbols

Symbol: GPIO_PORTQ_IBE_R
   Definitions
      At line 156 in file gpio.s
   Uses
      None
Comment: GPIO_PORTQ_IBE_R unused
GPIO_PORTQ_ICR_R 4006641C

Symbol: GPIO_PORTQ_ICR_R
   Definitions
      At line 161 in file gpio.s
   Uses
      None
Comment: GPIO_PORTQ_ICR_R unused
GPIO_PORTQ_IEV_R 4006640C

Symbol: GPIO_PORTQ_IEV_R
   Definitions
      At line 157 in file gpio.s
   Uses
      None
Comment: GPIO_PORTQ_IEV_R unused
GPIO_PORTQ_IM_R 40066410

Symbol: GPIO_PORTQ_IM_R
   Definitions
      At line 158 in file gpio.s
   Uses
      None
Comment: GPIO_PORTQ_IM_R unused
GPIO_PORTQ_IS_R 40066404

Symbol: GPIO_PORTQ_IS_R
   Definitions
      At line 155 in file gpio.s
   Uses
      None
Comment: GPIO_PORTQ_IS_R unused
GPIO_PORTQ_LOCK_R 40066520

Symbol: GPIO_PORTQ_LOCK_R
   Definitions
      At line 171 in file gpio.s
   Uses
      None
Comment: GPIO_PORTQ_LOCK_R unused
GPIO_PORTQ_MIS_R 40066418

Symbol: GPIO_PORTQ_MIS_R
   Definitions
      At line 160 in file gpio.s
   Uses
      None
Comment: GPIO_PORTQ_MIS_R unused
GPIO_PORTQ_ODR_R 4006650C

Symbol: GPIO_PORTQ_ODR_R
   Definitions
      At line 166 in file gpio.s



ARM Macro Assembler    Page 21 Alphabetic symbol ordering
Absolute symbols

   Uses
      None
Comment: GPIO_PORTQ_ODR_R unused
GPIO_PORTQ_PCTL_R 4006652C

Symbol: GPIO_PORTQ_PCTL_R
   Definitions
      At line 174 in file gpio.s
   Uses
      At line 251 in file gpio.s
Comment: GPIO_PORTQ_PCTL_R used once
GPIO_PORTQ_PC_R 40066FC4

Symbol: GPIO_PORTQ_PC_R
   Definitions
      At line 183 in file gpio.s
   Uses
      None
Comment: GPIO_PORTQ_PC_R unused
GPIO_PORTQ_PDR_R 40066514

Symbol: GPIO_PORTQ_PDR_R
   Definitions
      At line 168 in file gpio.s
   Uses
      None
Comment: GPIO_PORTQ_PDR_R unused
GPIO_PORTQ_PP_R 40066FC0

Symbol: GPIO_PORTQ_PP_R
   Definitions
      At line 182 in file gpio.s
   Uses
      None
Comment: GPIO_PORTQ_PP_R unused
GPIO_PORTQ_PUR_R 40066510

Symbol: GPIO_PORTQ_PUR_R
   Definitions
      At line 167 in file gpio.s
   Uses
      None
Comment: GPIO_PORTQ_PUR_R unused
GPIO_PORTQ_RIS_R 40066414

Symbol: GPIO_PORTQ_RIS_R
   Definitions
      At line 159 in file gpio.s
   Uses
      None
Comment: GPIO_PORTQ_RIS_R unused
GPIO_PORTQ_SI_R 40066538

Symbol: GPIO_PORTQ_SI_R
   Definitions
      At line 177 in file gpio.s
   Uses
      None
Comment: GPIO_PORTQ_SI_R unused



ARM Macro Assembler    Page 22 Alphabetic symbol ordering
Absolute symbols

GPIO_PORTQ_SLR_R 40066518

Symbol: GPIO_PORTQ_SLR_R
   Definitions
      At line 169 in file gpio.s
   Uses
      None
Comment: GPIO_PORTQ_SLR_R unused
GPIO_PORTQ_WAKELVL_R 40066544

Symbol: GPIO_PORTQ_WAKELVL_R
   Definitions
      At line 180 in file gpio.s
   Uses
      None
Comment: GPIO_PORTQ_WAKELVL_R unused
GPIO_PORTQ_WAKEPEN_R 40066540

Symbol: GPIO_PORTQ_WAKEPEN_R
   Definitions
      At line 179 in file gpio.s
   Uses
      None
Comment: GPIO_PORTQ_WAKEPEN_R unused
GPIO_PORTQ_WAKESTAT_R 40066548

Symbol: GPIO_PORTQ_WAKESTAT_R
   Definitions
      At line 181 in file gpio.s
   Uses
      None
Comment: GPIO_PORTQ_WAKESTAT_R unused
NVIC_EN1_R E000E104

Symbol: NVIC_EN1_R
   Definitions
      At line 13 in file gpio.s
   Uses
      At line 343 in file gpio.s
Comment: NVIC_EN1_R used once
NVIC_PRI12_R E000E430

Symbol: NVIC_PRI12_R
   Definitions
      At line 14 in file gpio.s
   Uses
      At line 349 in file gpio.s
Comment: NVIC_PRI12_R used once
SYSCTL_PRGPIO_R 400FEA08

Symbol: SYSCTL_PRGPIO_R
   Definitions
      At line 18 in file gpio.s
   Uses
      At line 218 in file gpio.s
Comment: SYSCTL_PRGPIO_R used once
SYSCTL_RCGCGPIO_R 400FE608

Symbol: SYSCTL_RCGCGPIO_R



ARM Macro Assembler    Page 23 Alphabetic symbol ordering
Absolute symbols

   Definitions
      At line 17 in file gpio.s
   Uses
      At line 210 in file gpio.s
Comment: SYSCTL_RCGCGPIO_R used once
162 symbols



ARM Macro Assembler    Page 1 Alphabetic symbol ordering
External symbols

SysTick_Wait1ms 00000000

Symbol: SysTick_Wait1ms
   Definitions
      At line 201 in file gpio.s
   Uses
      None
Comment: SysTick_Wait1ms unused
1 symbol
509 symbols in table
